TRACE::2020-07-11.23:41:34::SCWPlatform::Trying to open the hw design at D:/Files/ECBEncoder/ECBEncoder/dma_sof/mb_design_wrapper/hw/mb_design_wrapper.xsa
TRACE::2020-07-11.23:41:34::SCWPlatform::DSA given D:/Files/ECBEncoder/ECBEncoder/dma_sof/mb_design_wrapper/hw/mb_design_wrapper.xsa
TRACE::2020-07-11.23:41:34::SCWPlatform::DSA absoulate path D:/Files/ECBEncoder/ECBEncoder/dma_sof/mb_design_wrapper/hw/mb_design_wrapper.xsa
TRACE::2020-07-11.23:41:36::SCWPlatform::DSA directory D:/Files/ECBEncoder/ECBEncoder/dma_sof/mb_design_wrapper/hw
TRACE::2020-07-11.23:41:36::SCWPlatform:: Platform Path D:/Files/ECBEncoder/ECBEncoder/dma_sof/mb_design_wrapper/hw/mb_design_wrapper.xsa
TRACE::2020-07-11.23:41:36::SCWPlatform:: Unique name xilinx:nexys4::0.0
TRACE::2020-07-11.23:41:36::SCWPlatform::Do not have an existing db opened. 
TRACE::2020-07-11.23:41:36::SCWPlatform::Opened new HwDB with name mb_design_wrapper_0
TRACE::2020-07-11.23:41:36::SCWWriter::formatted JSON is {
	"platformName":	"mb_design_wrapper",
	"sprVersion":	"2.0",
	"mode":	"gui",
	"dsaType":	"Fixed",
	"platformDesc":	"mb_design_wrapper",
	"platHandOff":	"D:/Files/ECBEncoder/ECBEncoder/dma/mb_design_wrapper.xsa",
	"platIntHandOff":	"<platformDir>/hw/mb_design_wrapper.xsa",
	"deviceType":	"FPGA",
	"platIsPrebuiltAutogen":	"false",
	"platIsNoBootBsp":	"false",
	"hasFsblMakeHasChanges":	"false",
	"hasPmufwMakeHasChanges":	"false",
	"platPreBuiltFlag":	false,
	"platformSamplesDir":	""
}
TRACE::2020-07-11.23:41:36::SCWWriter::formatted JSON is {
	"platformName":	"mb_design_wrapper",
	"sprVersion":	"2.0",
	"mode":	"gui",
	"dsaType":	"Fixed",
	"platformDesc":	"mb_design_wrapper",
	"platHandOff":	"D:/Files/ECBEncoder/ECBEncoder/dma/mb_design_wrapper.xsa",
	"platIntHandOff":	"<platformDir>/hw/mb_design_wrapper.xsa",
	"deviceType":	"FPGA",
	"platIsPrebuiltAutogen":	"false",
	"platIsNoBootBsp":	"false",
	"hasFsblMakeHasChanges":	"false",
	"hasPmufwMakeHasChanges":	"false",
	"platPreBuiltFlag":	false,
	"platformSamplesDir":	"",
	"platActiveSys":	"mb_design_wrapper",
	"systems":	[{
			"systemName":	"mb_design_wrapper",
			"systemDesc":	"mb_design_wrapper",
			"sysIsBootAutoGen":	"true",
			"systemDispName":	"mb_design_wrapper"
		}]
}
TRACE::2020-07-11.23:41:36::SCWPlatform::Boot application domains not present, creating them
TRACE::2020-07-11.23:41:36::SCWPlatform::Pure FPGA device, no boot application will be created.
TRACE::2020-07-11.23:41:36::SCWWriter::formatted JSON is {
	"platformName":	"mb_design_wrapper",
	"sprVersion":	"2.0",
	"mode":	"gui",
	"dsaType":	"Fixed",
	"platformDesc":	"mb_design_wrapper",
	"platHandOff":	"D:/Files/ECBEncoder/ECBEncoder/dma/mb_design_wrapper.xsa",
	"platIntHandOff":	"<platformDir>/hw/mb_design_wrapper.xsa",
	"deviceType":	"FPGA",
	"platIsPrebuiltAutogen":	"false",
	"platIsNoBootBsp":	"false",
	"hasFsblMakeHasChanges":	"false",
	"hasPmufwMakeHasChanges":	"false",
	"platPreBuiltFlag":	false,
	"platformSamplesDir":	"",
	"platActiveSys":	"mb_design_wrapper",
	"systems":	[{
			"systemName":	"mb_design_wrapper",
			"systemDesc":	"mb_design_wrapper",
			"sysIsBootAutoGen":	"true",
			"systemDispName":	"mb_design_wrapper"
		}]
}
TRACE::2020-07-11.23:41:36::SCWWriter::formatted JSON is {
	"platformName":	"mb_design_wrapper",
	"sprVersion":	"2.0",
	"mode":	"gui",
	"dsaType":	"Fixed",
	"platformDesc":	"mb_design_wrapper",
	"platHandOff":	"D:/Files/ECBEncoder/ECBEncoder/dma/mb_design_wrapper.xsa",
	"platIntHandOff":	"<platformDir>/hw/mb_design_wrapper.xsa",
	"deviceType":	"FPGA",
	"platIsPrebuiltAutogen":	"false",
	"platIsNoBootBsp":	"false",
	"hasFsblMakeHasChanges":	"false",
	"hasPmufwMakeHasChanges":	"false",
	"platPreBuiltFlag":	false,
	"platformSamplesDir":	"",
	"platActiveSys":	"mb_design_wrapper",
	"systems":	[{
			"systemName":	"mb_design_wrapper",
			"systemDesc":	"mb_design_wrapper",
			"sysIsBootAutoGen":	"true",
			"systemDispName":	"mb_design_wrapper"
		}]
}
TRACE::2020-07-11.23:41:36::SCWPlatform::Trying to open the hw design at D:/Files/ECBEncoder/ECBEncoder/dma_sof/mb_design_wrapper/hw/mb_design_wrapper.xsa
TRACE::2020-07-11.23:41:36::SCWPlatform::DSA given D:/Files/ECBEncoder/ECBEncoder/dma_sof/mb_design_wrapper/hw/mb_design_wrapper.xsa
TRACE::2020-07-11.23:41:36::SCWPlatform::DSA absoulate path D:/Files/ECBEncoder/ECBEncoder/dma_sof/mb_design_wrapper/hw/mb_design_wrapper.xsa
TRACE::2020-07-11.23:41:36::SCWPlatform::DSA directory D:/Files/ECBEncoder/ECBEncoder/dma_sof/mb_design_wrapper/hw
TRACE::2020-07-11.23:41:36::SCWPlatform:: Platform Path D:/Files/ECBEncoder/ECBEncoder/dma_sof/mb_design_wrapper/hw/mb_design_wrapper.xsa
TRACE::2020-07-11.23:41:36::SCWPlatform:: Unique name xilinx:nexys4::0.0
TRACE::2020-07-11.23:41:36::SCWPlatform::Trying to set the existing hwdb with name mb_design_wrapper_0
TRACE::2020-07-11.23:41:36::SCWPlatform::Opened existing hwdb mb_design_wrapper_0
TRACE::2020-07-11.23:41:36::SCWPlatform::Found the Hw Db part of the input DSA
TRACE::2020-07-11.23:41:36::SCWDomain::checking for install qemu data   : 
TRACE::2020-07-11.23:41:36::SCWPlatform::Trying to open the hw design at D:/Files/ECBEncoder/ECBEncoder/dma_sof/mb_design_wrapper/hw/mb_design_wrapper.xsa
TRACE::2020-07-11.23:41:36::SCWPlatform::DSA given D:/Files/ECBEncoder/ECBEncoder/dma_sof/mb_design_wrapper/hw/mb_design_wrapper.xsa
TRACE::2020-07-11.23:41:36::SCWPlatform::DSA absoulate path D:/Files/ECBEncoder/ECBEncoder/dma_sof/mb_design_wrapper/hw/mb_design_wrapper.xsa
TRACE::2020-07-11.23:41:36::SCWPlatform::DSA directory D:/Files/ECBEncoder/ECBEncoder/dma_sof/mb_design_wrapper/hw
TRACE::2020-07-11.23:41:36::SCWPlatform:: Platform Path D:/Files/ECBEncoder/ECBEncoder/dma_sof/mb_design_wrapper/hw/mb_design_wrapper.xsa
TRACE::2020-07-11.23:41:36::SCWPlatform:: Unique name xilinx:nexys4::0.0
TRACE::2020-07-11.23:41:36::SCWPlatform::Trying to set the existing hwdb with name mb_design_wrapper_0
TRACE::2020-07-11.23:41:36::SCWPlatform::Opened existing hwdb mb_design_wrapper_0
TRACE::2020-07-11.23:41:36::SCWPlatform::Found the Hw Db part of the input DSA
TRACE::2020-07-11.23:41:36::SCWPlatform::Trying to open the hw design at D:/Files/ECBEncoder/ECBEncoder/dma_sof/mb_design_wrapper/hw/mb_design_wrapper.xsa
TRACE::2020-07-11.23:41:36::SCWPlatform::DSA given D:/Files/ECBEncoder/ECBEncoder/dma_sof/mb_design_wrapper/hw/mb_design_wrapper.xsa
TRACE::2020-07-11.23:41:36::SCWPlatform::DSA absoulate path D:/Files/ECBEncoder/ECBEncoder/dma_sof/mb_design_wrapper/hw/mb_design_wrapper.xsa
TRACE::2020-07-11.23:41:36::SCWPlatform::DSA directory D:/Files/ECBEncoder/ECBEncoder/dma_sof/mb_design_wrapper/hw
TRACE::2020-07-11.23:41:36::SCWPlatform:: Platform Path D:/Files/ECBEncoder/ECBEncoder/dma_sof/mb_design_wrapper/hw/mb_design_wrapper.xsa
TRACE::2020-07-11.23:41:36::SCWPlatform:: Unique name xilinx:nexys4::0.0
TRACE::2020-07-11.23:41:36::SCWPlatform::Trying to set the existing hwdb with name mb_design_wrapper_0
TRACE::2020-07-11.23:41:36::SCWPlatform::Opened existing hwdb mb_design_wrapper_0
TRACE::2020-07-11.23:41:36::SCWPlatform::Found the Hw Db part of the input DSA
TRACE::2020-07-11.23:41:36::SCWMssOS::Checking the sw design at  D:/Files/ECBEncoder/ECBEncoder/dma_sof/mb_design_wrapper/microblaze_0/standalone_domain/bsp/system.mss
TRACE::2020-07-11.23:41:36::SCWMssOS::DEBUG:  swdes dump  
TRACE::2020-07-11.23:41:36::SCWMssOS::No sw design opened at  D:/Files/ECBEncoder/ECBEncoder/dma_sof/mb_design_wrapper/microblaze_0/standalone_domain/bsp/system.mss
TRACE::2020-07-11.23:41:36::SCWMssOS::mss does not exists at D:/Files/ECBEncoder/ECBEncoder/dma_sof/mb_design_wrapper/microblaze_0/standalone_domain/bsp/system.mss
TRACE::2020-07-11.23:41:36::SCWMssOS::Creating sw design at  D:/Files/ECBEncoder/ECBEncoder/dma_sof/mb_design_wrapper/microblaze_0/standalone_domain/bsp/system.mss
TRACE::2020-07-11.23:41:37::SCWMssOS::Adding the swdes entry, created swdb D:/Files/ECBEncoder/ECBEncoder/dma_sof/mb_design_wrapper/microblaze_0/standalone_domain/bsp/system.mss with des name D:/Files/ECBEncoder/ECBEncoder/dma_sof/mb_design_wrapper/microblaze_0/standalone_domain/bsp/system.mss
TRACE::2020-07-11.23:41:37::SCWMssOS::updating the scw layer changes to swdes at   D:/Files/ECBEncoder/ECBEncoder/dma_sof/mb_design_wrapper/microblaze_0/standalone_domain/bsp/system.mss
TRACE::2020-07-11.23:41:37::SCWMssOS::Writing mss at D:/Files/ECBEncoder/ECBEncoder/dma_sof/mb_design_wrapper/microblaze_0/standalone_domain/bsp/system.mss
TRACE::2020-07-11.23:41:37::SCWMssOS::Completed writing the mss file at D:/Files/ECBEncoder/ECBEncoder/dma_sof/mb_design_wrapper/microblaze_0/standalone_domain/bsp
TRACE::2020-07-11.23:41:37::SCWMssOS::Picking up changes from newly written mss file into SCW Layer. 
TRACE::2020-07-11.23:41:37::SCWMssOS::Updated the changes from newly written mss file into SCW Layer. 
TRACE::2020-07-11.23:41:37::SCWPlatform::Trying to open the hw design at D:/Files/ECBEncoder/ECBEncoder/dma_sof/mb_design_wrapper/hw/mb_design_wrapper.xsa
TRACE::2020-07-11.23:41:37::SCWPlatform::DSA given D:/Files/ECBEncoder/ECBEncoder/dma_sof/mb_design_wrapper/hw/mb_design_wrapper.xsa
TRACE::2020-07-11.23:41:37::SCWPlatform::DSA absoulate path D:/Files/ECBEncoder/ECBEncoder/dma_sof/mb_design_wrapper/hw/mb_design_wrapper.xsa
TRACE::2020-07-11.23:41:37::SCWPlatform::DSA directory D:/Files/ECBEncoder/ECBEncoder/dma_sof/mb_design_wrapper/hw
TRACE::2020-07-11.23:41:37::SCWPlatform:: Platform Path D:/Files/ECBEncoder/ECBEncoder/dma_sof/mb_design_wrapper/hw/mb_design_wrapper.xsa
TRACE::2020-07-11.23:41:37::SCWPlatform:: Unique name xilinx:nexys4::0.0
TRACE::2020-07-11.23:41:37::SCWPlatform::Trying to set the existing hwdb with name mb_design_wrapper_0
TRACE::2020-07-11.23:41:37::SCWPlatform::Opened existing hwdb mb_design_wrapper_0
TRACE::2020-07-11.23:41:37::SCWPlatform::Found the Hw Db part of the input DSA
TRACE::2020-07-11.23:41:37::SCWMssOS::Checking the sw design at  D:/Files/ECBEncoder/ECBEncoder/dma_sof/mb_design_wrapper/microblaze_0/standalone_domain/bsp/system.mss
TRACE::2020-07-11.23:41:37::SCWMssOS::DEBUG:  swdes dump  D:/Files/ECBEncoder/ECBEncoder/dma_sof/mb_design_wrapper/microblaze_0/standalone_domain/bsp/system.mss|D:/Files/ECBEncoder/ECBEncoder/dma_sof/mb_design_wrapper/microblaze_0/standalone_domain/bsp/system.mss||

TRACE::2020-07-11.23:41:37::SCWMssOS::Sw design exists and opened at  D:/Files/ECBEncoder/ECBEncoder/dma_sof/mb_design_wrapper/microblaze_0/standalone_domain/bsp/system.mss
TRACE::2020-07-11.23:41:37::SCWPlatform::Trying to open the hw design at D:/Files/ECBEncoder/ECBEncoder/dma_sof/mb_design_wrapper/hw/mb_design_wrapper.xsa
TRACE::2020-07-11.23:41:37::SCWPlatform::DSA given D:/Files/ECBEncoder/ECBEncoder/dma_sof/mb_design_wrapper/hw/mb_design_wrapper.xsa
TRACE::2020-07-11.23:41:37::SCWPlatform::DSA absoulate path D:/Files/ECBEncoder/ECBEncoder/dma_sof/mb_design_wrapper/hw/mb_design_wrapper.xsa
TRACE::2020-07-11.23:41:37::SCWPlatform::DSA directory D:/Files/ECBEncoder/ECBEncoder/dma_sof/mb_design_wrapper/hw
TRACE::2020-07-11.23:41:37::SCWPlatform:: Platform Path D:/Files/ECBEncoder/ECBEncoder/dma_sof/mb_design_wrapper/hw/mb_design_wrapper.xsa
TRACE::2020-07-11.23:41:37::SCWPlatform:: Unique name xilinx:nexys4::0.0
TRACE::2020-07-11.23:41:37::SCWPlatform::Trying to set the existing hwdb with name mb_design_wrapper_0
TRACE::2020-07-11.23:41:37::SCWPlatform::Opened existing hwdb mb_design_wrapper_0
TRACE::2020-07-11.23:41:37::SCWPlatform::Found the Hw Db part of the input DSA
TRACE::2020-07-11.23:41:37::SCWMssOS::Checking the sw design at  D:/Files/ECBEncoder/ECBEncoder/dma_sof/mb_design_wrapper/microblaze_0/standalone_domain/bsp/system.mss
TRACE::2020-07-11.23:41:37::SCWMssOS::DEBUG:  swdes dump  D:/Files/ECBEncoder/ECBEncoder/dma_sof/mb_design_wrapper/microblaze_0/standalone_domain/bsp/system.mss|D:/Files/ECBEncoder/ECBEncoder/dma_sof/mb_design_wrapper/microblaze_0/standalone_domain/bsp/system.mss||

TRACE::2020-07-11.23:41:37::SCWMssOS::Sw design exists and opened at  D:/Files/ECBEncoder/ECBEncoder/dma_sof/mb_design_wrapper/microblaze_0/standalone_domain/bsp/system.mss
TRACE::2020-07-11.23:41:37::SCWPlatform::Trying to open the hw design at D:/Files/ECBEncoder/ECBEncoder/dma_sof/mb_design_wrapper/hw/mb_design_wrapper.xsa
TRACE::2020-07-11.23:41:37::SCWPlatform::DSA given D:/Files/ECBEncoder/ECBEncoder/dma_sof/mb_design_wrapper/hw/mb_design_wrapper.xsa
TRACE::2020-07-11.23:41:37::SCWPlatform::DSA absoulate path D:/Files/ECBEncoder/ECBEncoder/dma_sof/mb_design_wrapper/hw/mb_design_wrapper.xsa
TRACE::2020-07-11.23:41:37::SCWPlatform::DSA directory D:/Files/ECBEncoder/ECBEncoder/dma_sof/mb_design_wrapper/hw
TRACE::2020-07-11.23:41:37::SCWPlatform:: Platform Path D:/Files/ECBEncoder/ECBEncoder/dma_sof/mb_design_wrapper/hw/mb_design_wrapper.xsa
TRACE::2020-07-11.23:41:37::SCWPlatform:: Unique name xilinx:nexys4::0.0
TRACE::2020-07-11.23:41:37::SCWPlatform::Trying to set the existing hwdb with name mb_design_wrapper_0
TRACE::2020-07-11.23:41:37::SCWPlatform::Opened existing hwdb mb_design_wrapper_0
TRACE::2020-07-11.23:41:37::SCWPlatform::Found the Hw Db part of the input DSA
TRACE::2020-07-11.23:41:37::SCWMssOS::Checking the sw design at  D:/Files/ECBEncoder/ECBEncoder/dma_sof/mb_design_wrapper/microblaze_0/standalone_domain/bsp/system.mss
TRACE::2020-07-11.23:41:37::SCWMssOS::DEBUG:  swdes dump  D:/Files/ECBEncoder/ECBEncoder/dma_sof/mb_design_wrapper/microblaze_0/standalone_domain/bsp/system.mss|D:/Files/ECBEncoder/ECBEncoder/dma_sof/mb_design_wrapper/microblaze_0/standalone_domain/bsp/system.mss||

TRACE::2020-07-11.23:41:37::SCWMssOS::Sw design exists and opened at  D:/Files/ECBEncoder/ECBEncoder/dma_sof/mb_design_wrapper/microblaze_0/standalone_domain/bsp/system.mss
TRACE::2020-07-11.23:41:37::SCWWriter::formatted JSON is {
	"platformName":	"mb_design_wrapper",
	"sprVersion":	"2.0",
	"mode":	"gui",
	"dsaType":	"Fixed",
	"platformDesc":	"mb_design_wrapper",
	"platHandOff":	"D:/Files/ECBEncoder/ECBEncoder/dma/mb_design_wrapper.xsa",
	"platIntHandOff":	"<platformDir>/hw/mb_design_wrapper.xsa",
	"deviceType":	"FPGA",
	"platIsPrebuiltAutogen":	"false",
	"platIsNoBootBsp":	"false",
	"hasFsblMakeHasChanges":	"false",
	"hasPmufwMakeHasChanges":	"false",
	"platPreBuiltFlag":	false,
	"platformSamplesDir":	"",
	"platActiveSys":	"mb_design_wrapper",
	"systems":	[{
			"systemName":	"mb_design_wrapper",
			"systemDesc":	"mb_design_wrapper",
			"sysIsBootAutoGen":	"true",
			"systemDispName":	"mb_design_wrapper",
			"sysActiveDom":	"standalone_domain",
			"sysDefaultDom":	"standalone_domain",
			"domains":	[{
					"domainName":	"standalone_domain",
					"domainDispName":	"standalone on microblaze_0",
					"domainDesc":	"standalone_domain",
					"processors":	"microblaze_0",
					"os":	"standalone",
					"sdxOs":	"standalone",
					"debugEnable":	"False",
					"domRuntimes":	["cpp"],
					"swRepo":	"",
					"mssOsVer":	"7.1",
					"mssFile":	"",
					"md5Digest":	"",
					"compatibleApp":	"hello_world",
					"domType":	"mssDomain",
					"arch":	"32-bit",
					"appSettings":	{
						"appCompilerFlags":	"",
						"appLinkerFlags":	""
					},
					"addedLibs":	[],
					"libOptions":	{
						"libsContainingOptions":	[]
					},
					"prebuiltLibs":	{
						"prebuiltIncPath":	[],
						"prebuiltLibPath":	[]
					},
					"isolation":	{
					}
				}]
		}]
}
TRACE::2020-07-11.23:41:37::SCWPlatform::Trying to open the hw design at D:/Files/ECBEncoder/ECBEncoder/dma_sof/mb_design_wrapper/hw/mb_design_wrapper.xsa
TRACE::2020-07-11.23:41:37::SCWPlatform::DSA given D:/Files/ECBEncoder/ECBEncoder/dma_sof/mb_design_wrapper/hw/mb_design_wrapper.xsa
TRACE::2020-07-11.23:41:37::SCWPlatform::DSA absoulate path D:/Files/ECBEncoder/ECBEncoder/dma_sof/mb_design_wrapper/hw/mb_design_wrapper.xsa
TRACE::2020-07-11.23:41:37::SCWPlatform::DSA directory D:/Files/ECBEncoder/ECBEncoder/dma_sof/mb_design_wrapper/hw
TRACE::2020-07-11.23:41:37::SCWPlatform:: Platform Path D:/Files/ECBEncoder/ECBEncoder/dma_sof/mb_design_wrapper/hw/mb_design_wrapper.xsa
TRACE::2020-07-11.23:41:37::SCWPlatform:: Unique name xilinx:nexys4::0.0
TRACE::2020-07-11.23:41:37::SCWPlatform::Trying to set the existing hwdb with name mb_design_wrapper_0
TRACE::2020-07-11.23:41:37::SCWPlatform::Opened existing hwdb mb_design_wrapper_0
TRACE::2020-07-11.23:41:37::SCWPlatform::Found the Hw Db part of the input DSA
TRACE::2020-07-11.23:41:37::SCWMssOS::Checking the sw design at  D:/Files/ECBEncoder/ECBEncoder/dma_sof/mb_design_wrapper/microblaze_0/standalone_domain/bsp/system.mss
TRACE::2020-07-11.23:41:37::SCWMssOS::DEBUG:  swdes dump  D:/Files/ECBEncoder/ECBEncoder/dma_sof/mb_design_wrapper/microblaze_0/standalone_domain/bsp/system.mss|D:/Files/ECBEncoder/ECBEncoder/dma_sof/mb_design_wrapper/microblaze_0/standalone_domain/bsp/system.mss||

TRACE::2020-07-11.23:41:37::SCWMssOS::Sw design exists and opened at  D:/Files/ECBEncoder/ECBEncoder/dma_sof/mb_design_wrapper/microblaze_0/standalone_domain/bsp/system.mss
TRACE::2020-07-11.23:41:37::SCWMssOS::Completed writing the mss file at D:/Files/ECBEncoder/ECBEncoder/dma_sof/mb_design_wrapper/microblaze_0/standalone_domain/bsp
TRACE::2020-07-11.23:41:37::SCWMssOS::Forcing BSP Sources regeneration.
LOG::2020-07-11.23:41:38::SCWPlatform::Started generating the artifacts platform mb_design_wrapper
TRACE::2020-07-11.23:41:38::SCWPlatform::Sanity checking of platform is completed
LOG::2020-07-11.23:41:38::SCWPlatform::Started generating the artifacts for system configuration mb_design_wrapper
LOG::2020-07-11.23:41:38::SCWSystem::Checking the domain standalone_domain
LOG::2020-07-11.23:41:38::SCWSystem::Not a boot domain 
LOG::2020-07-11.23:41:38::SCWSystem::Started Processing the domain standalone_domain
TRACE::2020-07-11.23:41:38::SCWDomain::Generating domain artifcats
TRACE::2020-07-11.23:41:38::SCWMssOS::Generating standalone artifcats
TRACE::2020-07-11.23:41:38::SCWMssOS:: Copying the user libraries. 
TRACE::2020-07-11.23:41:38::SCWPlatform::Trying to open the hw design at D:/Files/ECBEncoder/ECBEncoder/dma_sof/mb_design_wrapper/hw/mb_design_wrapper.xsa
TRACE::2020-07-11.23:41:38::SCWPlatform::DSA given D:/Files/ECBEncoder/ECBEncoder/dma_sof/mb_design_wrapper/hw/mb_design_wrapper.xsa
TRACE::2020-07-11.23:41:38::SCWPlatform::DSA absoulate path D:/Files/ECBEncoder/ECBEncoder/dma_sof/mb_design_wrapper/hw/mb_design_wrapper.xsa
TRACE::2020-07-11.23:41:38::SCWPlatform::DSA directory D:/Files/ECBEncoder/ECBEncoder/dma_sof/mb_design_wrapper/hw
TRACE::2020-07-11.23:41:38::SCWPlatform:: Platform Path D:/Files/ECBEncoder/ECBEncoder/dma_sof/mb_design_wrapper/hw/mb_design_wrapper.xsa
TRACE::2020-07-11.23:41:38::SCWPlatform:: Unique name xilinx:nexys4::0.0
TRACE::2020-07-11.23:41:38::SCWPlatform::Trying to set the existing hwdb with name mb_design_wrapper_0
TRACE::2020-07-11.23:41:38::SCWPlatform::Opened existing hwdb mb_design_wrapper_0
TRACE::2020-07-11.23:41:38::SCWPlatform::Found the Hw Db part of the input DSA
TRACE::2020-07-11.23:41:38::SCWMssOS::Checking the sw design at  D:/Files/ECBEncoder/ECBEncoder/dma_sof/mb_design_wrapper/microblaze_0/standalone_domain/bsp/system.mss
TRACE::2020-07-11.23:41:38::SCWMssOS::DEBUG:  swdes dump  D:/Files/ECBEncoder/ECBEncoder/dma_sof/mb_design_wrapper/microblaze_0/standalone_domain/bsp/system.mss|D:/Files/ECBEncoder/ECBEncoder/dma_sof/mb_design_wrapper/microblaze_0/standalone_domain/bsp/system.mss||

KEYINFO::2020-07-11.23:41:38::SCWMssOS::Could not open the swdb for D:/Files/ECBEncoder/ECBEncoder/dma_sof/mb_design_wrapper/microblaze_0/standalone_domain/bsp/system.mss
KEYINFO::2020-07-11.23:41:38::SCWMssOS::Could not open the sw design at  D:/Files/ECBEncoder/ECBEncoder/dma_sof/mb_design_wrapper/microblaze_0/standalone_domain/bsp/system.mss
ERROR: [Hsi 55-1558] Software Design D:/Files/ECBEncoder/ECBEncoder/dma_sof/mb_design_wrapper/microblaze_0/standalone_domain/bsp/system.mss is not found

TRACE::2020-07-11.23:41:38::SCWMssOS::Cleared the swdb table entry
TRACE::2020-07-11.23:41:38::SCWMssOS::No sw design opened at  D:/Files/ECBEncoder/ECBEncoder/dma_sof/mb_design_wrapper/microblaze_0/standalone_domain/bsp/system.mss
TRACE::2020-07-11.23:41:38::SCWMssOS::mss exists loading the mss file  D:/Files/ECBEncoder/ECBEncoder/dma_sof/mb_design_wrapper/microblaze_0/standalone_domain/bsp/system.mss
TRACE::2020-07-11.23:41:38::SCWMssOS::Opened the sw design from mss  D:/Files/ECBEncoder/ECBEncoder/dma_sof/mb_design_wrapper/microblaze_0/standalone_domain/bsp/system.mss
TRACE::2020-07-11.23:41:38::SCWMssOS::Adding the swdes entry D:/Files/ECBEncoder/ECBEncoder/dma_sof/mb_design_wrapper/microblaze_0/standalone_domain/bsp/system.mss with des name system
TRACE::2020-07-11.23:41:38::SCWMssOS::updating the scw layer about changes
TRACE::2020-07-11.23:41:38::SCWMssOS::Opened the sw design.  D:/Files/ECBEncoder/ECBEncoder/dma_sof/mb_design_wrapper/microblaze_0/standalone_domain/bsp/system.mss
TRACE::2020-07-11.23:41:38::SCWMssOS::Completed writing the mss file at D:/Files/ECBEncoder/ECBEncoder/dma_sof/mb_design_wrapper/microblaze_0/standalone_domain/bsp
TRACE::2020-07-11.23:41:38::SCWMssOS::Mss edits present, copying mssfile into export location D:/Files/ECBEncoder/ECBEncoder/dma_sof/mb_design_wrapper/microblaze_0/standalone_domain/bsp/system.mss
TRACE::2020-07-11.23:41:38::SCWMssOS::bsp generated is upto date with the mss file. Skipping bsp generation.
TRACE::2020-07-11.23:41:38::SCWMssOS::BSP is already built. skipping the bsp build ... 
TRACE::2020-07-11.23:41:38::SCWDomain::Skipping the build for domain :  standalone_domain
TRACE::2020-07-11.23:41:38::SCWMssOS::skipping the bsp build ... 
TRACE::2020-07-11.23:41:38::SCWMssOS::Copying to export directory.
TRACE::2020-07-11.23:41:38::SCWMssOS:: Checking if to create the Supporting Applications
TRACE::2020-07-11.23:41:38::SCWMssOS:: No Linux domain exists, trying to generate FSBL 
LOG::2020-07-11.23:41:38::SCWSystem::Completed Processing the domain standalone_domain
LOG::2020-07-11.23:41:38::SCWSystem::Completed Processing the sysconfig mb_design_wrapper
LOG::2020-07-11.23:41:38::SCWPlatform::Completed generating the artifacts for system configuration mb_design_wrapper
TRACE::2020-07-11.23:41:38::SCWPlatform::Started preparing the platform 
TRACE::2020-07-11.23:41:38::SCWSystem::Writing the bif file for system config mb_design_wrapper
TRACE::2020-07-11.23:41:38::SCWSystem::dir created 
TRACE::2020-07-11.23:41:38::SCWSystem::Writing the bif 
TRACE::2020-07-11.23:41:38::SCWPlatform::Started writing the spfm file 
TRACE::2020-07-11.23:41:38::SCWPlatform::Started writing the xpfm file 
TRACE::2020-07-11.23:41:38::SCWPlatform::Completed generating the platform
TRACE::2020-07-11.23:41:38::SCWPlatform::Trying to open the hw design at D:/Files/ECBEncoder/ECBEncoder/dma_sof/mb_design_wrapper/hw/mb_design_wrapper.xsa
TRACE::2020-07-11.23:41:38::SCWPlatform::DSA given D:/Files/ECBEncoder/ECBEncoder/dma_sof/mb_design_wrapper/hw/mb_design_wrapper.xsa
TRACE::2020-07-11.23:41:38::SCWPlatform::DSA absoulate path D:/Files/ECBEncoder/ECBEncoder/dma_sof/mb_design_wrapper/hw/mb_design_wrapper.xsa
TRACE::2020-07-11.23:41:38::SCWPlatform::DSA directory D:/Files/ECBEncoder/ECBEncoder/dma_sof/mb_design_wrapper/hw
TRACE::2020-07-11.23:41:38::SCWPlatform:: Platform Path D:/Files/ECBEncoder/ECBEncoder/dma_sof/mb_design_wrapper/hw/mb_design_wrapper.xsa
TRACE::2020-07-11.23:41:38::SCWPlatform:: Unique name xilinx:nexys4::0.0
TRACE::2020-07-11.23:41:38::SCWPlatform::Trying to set the existing hwdb with name mb_design_wrapper_0
TRACE::2020-07-11.23:41:38::SCWPlatform::Opened existing hwdb mb_design_wrapper_0
TRACE::2020-07-11.23:41:38::SCWPlatform::Found the Hw Db part of the input DSA
TRACE::2020-07-11.23:41:38::SCWMssOS::Checking the sw design at  D:/Files/ECBEncoder/ECBEncoder/dma_sof/mb_design_wrapper/microblaze_0/standalone_domain/bsp/system.mss
TRACE::2020-07-11.23:41:38::SCWMssOS::DEBUG:  swdes dump  D:/Files/ECBEncoder/ECBEncoder/dma_sof/mb_design_wrapper/microblaze_0/standalone_domain/bsp/system.mss|system||

TRACE::2020-07-11.23:41:38::SCWMssOS::Sw design exists and opened at  D:/Files/ECBEncoder/ECBEncoder/dma_sof/mb_design_wrapper/microblaze_0/standalone_domain/bsp/system.mss
TRACE::2020-07-11.23:41:38::SCWPlatform::Trying to open the hw design at D:/Files/ECBEncoder/ECBEncoder/dma_sof/mb_design_wrapper/hw/mb_design_wrapper.xsa
TRACE::2020-07-11.23:41:38::SCWPlatform::DSA given D:/Files/ECBEncoder/ECBEncoder/dma_sof/mb_design_wrapper/hw/mb_design_wrapper.xsa
TRACE::2020-07-11.23:41:38::SCWPlatform::DSA absoulate path D:/Files/ECBEncoder/ECBEncoder/dma_sof/mb_design_wrapper/hw/mb_design_wrapper.xsa
TRACE::2020-07-11.23:41:38::SCWPlatform::DSA directory D:/Files/ECBEncoder/ECBEncoder/dma_sof/mb_design_wrapper/hw
TRACE::2020-07-11.23:41:38::SCWPlatform:: Platform Path D:/Files/ECBEncoder/ECBEncoder/dma_sof/mb_design_wrapper/hw/mb_design_wrapper.xsa
TRACE::2020-07-11.23:41:38::SCWPlatform:: Unique name xilinx:nexys4::0.0
TRACE::2020-07-11.23:41:38::SCWPlatform::Trying to set the existing hwdb with name mb_design_wrapper_0
TRACE::2020-07-11.23:41:38::SCWPlatform::Opened existing hwdb mb_design_wrapper_0
TRACE::2020-07-11.23:41:38::SCWPlatform::Found the Hw Db part of the input DSA
TRACE::2020-07-11.23:41:38::SCWMssOS::Checking the sw design at  D:/Files/ECBEncoder/ECBEncoder/dma_sof/mb_design_wrapper/microblaze_0/standalone_domain/bsp/system.mss
TRACE::2020-07-11.23:41:38::SCWMssOS::DEBUG:  swdes dump  D:/Files/ECBEncoder/ECBEncoder/dma_sof/mb_design_wrapper/microblaze_0/standalone_domain/bsp/system.mss|system||

TRACE::2020-07-11.23:41:38::SCWMssOS::Sw design exists and opened at  D:/Files/ECBEncoder/ECBEncoder/dma_sof/mb_design_wrapper/microblaze_0/standalone_domain/bsp/system.mss
TRACE::2020-07-11.23:41:38::SCWPlatform::Trying to open the hw design at D:/Files/ECBEncoder/ECBEncoder/dma_sof/mb_design_wrapper/hw/mb_design_wrapper.xsa
TRACE::2020-07-11.23:41:38::SCWPlatform::DSA given D:/Files/ECBEncoder/ECBEncoder/dma_sof/mb_design_wrapper/hw/mb_design_wrapper.xsa
TRACE::2020-07-11.23:41:38::SCWPlatform::DSA absoulate path D:/Files/ECBEncoder/ECBEncoder/dma_sof/mb_design_wrapper/hw/mb_design_wrapper.xsa
TRACE::2020-07-11.23:41:38::SCWPlatform::DSA directory D:/Files/ECBEncoder/ECBEncoder/dma_sof/mb_design_wrapper/hw
TRACE::2020-07-11.23:41:38::SCWPlatform:: Platform Path D:/Files/ECBEncoder/ECBEncoder/dma_sof/mb_design_wrapper/hw/mb_design_wrapper.xsa
TRACE::2020-07-11.23:41:38::SCWPlatform:: Unique name xilinx:nexys4::0.0
TRACE::2020-07-11.23:41:38::SCWPlatform::Trying to set the existing hwdb with name mb_design_wrapper_0
TRACE::2020-07-11.23:41:38::SCWPlatform::Opened existing hwdb mb_design_wrapper_0
TRACE::2020-07-11.23:41:38::SCWPlatform::Found the Hw Db part of the input DSA
TRACE::2020-07-11.23:41:38::SCWMssOS::Checking the sw design at  D:/Files/ECBEncoder/ECBEncoder/dma_sof/mb_design_wrapper/microblaze_0/standalone_domain/bsp/system.mss
TRACE::2020-07-11.23:41:38::SCWMssOS::DEBUG:  swdes dump  D:/Files/ECBEncoder/ECBEncoder/dma_sof/mb_design_wrapper/microblaze_0/standalone_domain/bsp/system.mss|system||

TRACE::2020-07-11.23:41:38::SCWMssOS::Sw design exists and opened at  D:/Files/ECBEncoder/ECBEncoder/dma_sof/mb_design_wrapper/microblaze_0/standalone_domain/bsp/system.mss
TRACE::2020-07-11.23:41:38::SCWWriter::formatted JSON is {
	"platformName":	"mb_design_wrapper",
	"sprVersion":	"2.0",
	"mode":	"gui",
	"dsaType":	"Fixed",
	"platformDesc":	"mb_design_wrapper",
	"platHandOff":	"D:/Files/ECBEncoder/ECBEncoder/dma/mb_design_wrapper.xsa",
	"platIntHandOff":	"<platformDir>/hw/mb_design_wrapper.xsa",
	"deviceType":	"FPGA",
	"platIsPrebuiltAutogen":	"false",
	"platIsNoBootBsp":	"false",
	"hasFsblMakeHasChanges":	"false",
	"hasPmufwMakeHasChanges":	"false",
	"platPreBuiltFlag":	false,
	"platformSamplesDir":	"",
	"platActiveSys":	"mb_design_wrapper",
	"systems":	[{
			"systemName":	"mb_design_wrapper",
			"systemDesc":	"mb_design_wrapper",
			"sysIsBootAutoGen":	"true",
			"systemDispName":	"mb_design_wrapper",
			"sysActiveDom":	"standalone_domain",
			"sysDefaultDom":	"standalone_domain",
			"domains":	[{
					"domainName":	"standalone_domain",
					"domainDispName":	"standalone on microblaze_0",
					"domainDesc":	"standalone_domain",
					"processors":	"microblaze_0",
					"os":	"standalone",
					"sdxOs":	"standalone",
					"debugEnable":	"False",
					"domRuntimes":	["cpp"],
					"swRepo":	"",
					"mssOsVer":	"7.1",
					"mssFile":	"",
					"md5Digest":	"f17e3db68fbe08d61a3da00541af2aa1",
					"compatibleApp":	"hello_world",
					"domType":	"mssDomain",
					"arch":	"32-bit",
					"appSettings":	{
						"appCompilerFlags":	"",
						"appLinkerFlags":	""
					},
					"addedLibs":	[],
					"libOptions":	{
						"libsContainingOptions":	[]
					},
					"prebuiltLibs":	{
						"prebuiltIncPath":	[],
						"prebuiltLibPath":	[]
					},
					"isolation":	{
					}
				}]
		}]
}
KEYINFO::2020-07-11.23:41:38::SCWPlatform::updated the xpfm file.
TRACE::2020-07-11.23:41:38::SCWPlatform::Trying to open the hw design at D:/Files/ECBEncoder/ECBEncoder/dma_sof/mb_design_wrapper/hw/mb_design_wrapper.xsa
TRACE::2020-07-11.23:41:38::SCWPlatform::DSA given D:/Files/ECBEncoder/ECBEncoder/dma_sof/mb_design_wrapper/hw/mb_design_wrapper.xsa
TRACE::2020-07-11.23:41:38::SCWPlatform::DSA absoulate path D:/Files/ECBEncoder/ECBEncoder/dma_sof/mb_design_wrapper/hw/mb_design_wrapper.xsa
TRACE::2020-07-11.23:41:38::SCWPlatform::DSA directory D:/Files/ECBEncoder/ECBEncoder/dma_sof/mb_design_wrapper/hw
TRACE::2020-07-11.23:41:38::SCWPlatform:: Platform Path D:/Files/ECBEncoder/ECBEncoder/dma_sof/mb_design_wrapper/hw/mb_design_wrapper.xsa
TRACE::2020-07-11.23:41:38::SCWPlatform:: Unique name xilinx:nexys4::0.0
TRACE::2020-07-11.23:41:38::SCWPlatform::Trying to set the existing hwdb with name mb_design_wrapper_0
TRACE::2020-07-11.23:41:38::SCWPlatform::Opened existing hwdb mb_design_wrapper_0
TRACE::2020-07-11.23:41:38::SCWPlatform::Found the Hw Db part of the input DSA
TRACE::2020-07-11.23:41:38::SCWMssOS::Checking the sw design at  D:/Files/ECBEncoder/ECBEncoder/dma_sof/mb_design_wrapper/microblaze_0/standalone_domain/bsp/system.mss
TRACE::2020-07-11.23:41:38::SCWMssOS::DEBUG:  swdes dump  D:/Files/ECBEncoder/ECBEncoder/dma_sof/mb_design_wrapper/microblaze_0/standalone_domain/bsp/system.mss|system||

TRACE::2020-07-11.23:41:38::SCWMssOS::Sw design exists and opened at  D:/Files/ECBEncoder/ECBEncoder/dma_sof/mb_design_wrapper/microblaze_0/standalone_domain/bsp/system.mss
TRACE::2020-07-11.23:41:38::SCWPlatform::Trying to open the hw design at D:/Files/ECBEncoder/ECBEncoder/dma_sof/mb_design_wrapper/hw/mb_design_wrapper.xsa
TRACE::2020-07-11.23:41:38::SCWPlatform::DSA given D:/Files/ECBEncoder/ECBEncoder/dma_sof/mb_design_wrapper/hw/mb_design_wrapper.xsa
TRACE::2020-07-11.23:41:38::SCWPlatform::DSA absoulate path D:/Files/ECBEncoder/ECBEncoder/dma_sof/mb_design_wrapper/hw/mb_design_wrapper.xsa
TRACE::2020-07-11.23:41:38::SCWPlatform::DSA directory D:/Files/ECBEncoder/ECBEncoder/dma_sof/mb_design_wrapper/hw
TRACE::2020-07-11.23:41:38::SCWPlatform:: Platform Path D:/Files/ECBEncoder/ECBEncoder/dma_sof/mb_design_wrapper/hw/mb_design_wrapper.xsa
TRACE::2020-07-11.23:41:38::SCWPlatform:: Unique name xilinx:nexys4::0.0
TRACE::2020-07-11.23:41:38::SCWPlatform::Trying to set the existing hwdb with name mb_design_wrapper_0
TRACE::2020-07-11.23:41:38::SCWPlatform::Opened existing hwdb mb_design_wrapper_0
TRACE::2020-07-11.23:41:38::SCWPlatform::Found the Hw Db part of the input DSA
TRACE::2020-07-11.23:41:38::SCWMssOS::Checking the sw design at  D:/Files/ECBEncoder/ECBEncoder/dma_sof/mb_design_wrapper/microblaze_0/standalone_domain/bsp/system.mss
TRACE::2020-07-11.23:41:38::SCWMssOS::DEBUG:  swdes dump  D:/Files/ECBEncoder/ECBEncoder/dma_sof/mb_design_wrapper/microblaze_0/standalone_domain/bsp/system.mss|system||

TRACE::2020-07-11.23:41:38::SCWMssOS::Sw design exists and opened at  D:/Files/ECBEncoder/ECBEncoder/dma_sof/mb_design_wrapper/microblaze_0/standalone_domain/bsp/system.mss
TRACE::2020-07-11.23:41:38::SCWPlatform::Trying to open the hw design at D:/Files/ECBEncoder/ECBEncoder/dma_sof/mb_design_wrapper/hw/mb_design_wrapper.xsa
TRACE::2020-07-11.23:41:38::SCWPlatform::DSA given D:/Files/ECBEncoder/ECBEncoder/dma_sof/mb_design_wrapper/hw/mb_design_wrapper.xsa
TRACE::2020-07-11.23:41:38::SCWPlatform::DSA absoulate path D:/Files/ECBEncoder/ECBEncoder/dma_sof/mb_design_wrapper/hw/mb_design_wrapper.xsa
TRACE::2020-07-11.23:41:38::SCWPlatform::DSA directory D:/Files/ECBEncoder/ECBEncoder/dma_sof/mb_design_wrapper/hw
TRACE::2020-07-11.23:41:38::SCWPlatform:: Platform Path D:/Files/ECBEncoder/ECBEncoder/dma_sof/mb_design_wrapper/hw/mb_design_wrapper.xsa
TRACE::2020-07-11.23:41:38::SCWPlatform:: Unique name xilinx:nexys4::0.0
TRACE::2020-07-11.23:41:38::SCWPlatform::Trying to set the existing hwdb with name mb_design_wrapper_0
TRACE::2020-07-11.23:41:38::SCWPlatform::Opened existing hwdb mb_design_wrapper_0
TRACE::2020-07-11.23:41:38::SCWPlatform::Found the Hw Db part of the input DSA
TRACE::2020-07-11.23:41:38::SCWMssOS::Checking the sw design at  D:/Files/ECBEncoder/ECBEncoder/dma_sof/mb_design_wrapper/microblaze_0/standalone_domain/bsp/system.mss
TRACE::2020-07-11.23:41:38::SCWMssOS::DEBUG:  swdes dump  D:/Files/ECBEncoder/ECBEncoder/dma_sof/mb_design_wrapper/microblaze_0/standalone_domain/bsp/system.mss|system||

TRACE::2020-07-11.23:41:38::SCWMssOS::Sw design exists and opened at  D:/Files/ECBEncoder/ECBEncoder/dma_sof/mb_design_wrapper/microblaze_0/standalone_domain/bsp/system.mss
TRACE::2020-07-11.23:41:38::SCWPlatform::Trying to open the hw design at D:/Files/ECBEncoder/ECBEncoder/dma_sof/mb_design_wrapper/hw/mb_design_wrapper.xsa
TRACE::2020-07-11.23:41:38::SCWPlatform::DSA given D:/Files/ECBEncoder/ECBEncoder/dma_sof/mb_design_wrapper/hw/mb_design_wrapper.xsa
TRACE::2020-07-11.23:41:38::SCWPlatform::DSA absoulate path D:/Files/ECBEncoder/ECBEncoder/dma_sof/mb_design_wrapper/hw/mb_design_wrapper.xsa
TRACE::2020-07-11.23:41:38::SCWPlatform::DSA directory D:/Files/ECBEncoder/ECBEncoder/dma_sof/mb_design_wrapper/hw
TRACE::2020-07-11.23:41:38::SCWPlatform:: Platform Path D:/Files/ECBEncoder/ECBEncoder/dma_sof/mb_design_wrapper/hw/mb_design_wrapper.xsa
TRACE::2020-07-11.23:41:38::SCWPlatform:: Unique name xilinx:nexys4::0.0
TRACE::2020-07-11.23:41:38::SCWPlatform::Trying to set the existing hwdb with name mb_design_wrapper_0
TRACE::2020-07-11.23:41:38::SCWPlatform::Opened existing hwdb mb_design_wrapper_0
TRACE::2020-07-11.23:41:38::SCWPlatform::Found the Hw Db part of the input DSA
TRACE::2020-07-11.23:41:38::SCWMssOS::Checking the sw design at  D:/Files/ECBEncoder/ECBEncoder/dma_sof/mb_design_wrapper/microblaze_0/standalone_domain/bsp/system.mss
TRACE::2020-07-11.23:41:38::SCWMssOS::DEBUG:  swdes dump  D:/Files/ECBEncoder/ECBEncoder/dma_sof/mb_design_wrapper/microblaze_0/standalone_domain/bsp/system.mss|system||

TRACE::2020-07-11.23:41:38::SCWMssOS::Sw design exists and opened at  D:/Files/ECBEncoder/ECBEncoder/dma_sof/mb_design_wrapper/microblaze_0/standalone_domain/bsp/system.mss
TRACE::2020-07-11.23:41:38::SCWWriter::formatted JSON is {
	"platformName":	"mb_design_wrapper",
	"sprVersion":	"2.0",
	"mode":	"gui",
	"dsaType":	"Fixed",
	"platformDesc":	"mb_design_wrapper",
	"platHandOff":	"D:/Files/ECBEncoder/ECBEncoder/dma/mb_design_wrapper.xsa",
	"platIntHandOff":	"<platformDir>/hw/mb_design_wrapper.xsa",
	"deviceType":	"FPGA",
	"platIsPrebuiltAutogen":	"false",
	"platIsNoBootBsp":	"false",
	"hasFsblMakeHasChanges":	"false",
	"hasPmufwMakeHasChanges":	"false",
	"platPreBuiltFlag":	false,
	"platformSamplesDir":	"",
	"platActiveSys":	"mb_design_wrapper",
	"systems":	[{
			"systemName":	"mb_design_wrapper",
			"systemDesc":	"mb_design_wrapper",
			"sysIsBootAutoGen":	"true",
			"systemDispName":	"mb_design_wrapper",
			"sysActiveDom":	"standalone_domain",
			"sysDefaultDom":	"standalone_domain",
			"domains":	[{
					"domainName":	"standalone_domain",
					"domainDispName":	"standalone on microblaze_0",
					"domainDesc":	"standalone_domain",
					"processors":	"microblaze_0",
					"os":	"standalone",
					"sdxOs":	"standalone",
					"debugEnable":	"False",
					"domRuntimes":	["cpp"],
					"swRepo":	"",
					"mssOsVer":	"7.1",
					"mssFile":	"",
					"md5Digest":	"f17e3db68fbe08d61a3da00541af2aa1",
					"compatibleApp":	"hello_world",
					"domType":	"mssDomain",
					"arch":	"32-bit",
					"appSettings":	{
						"appCompilerFlags":	"",
						"appLinkerFlags":	""
					},
					"addedLibs":	[],
					"libOptions":	{
						"libsContainingOptions":	[]
					},
					"prebuiltLibs":	{
						"prebuiltIncPath":	[],
						"prebuiltLibPath":	[]
					},
					"isolation":	{
					}
				}]
		}]
}
TRACE::2020-07-11.23:41:38::SCWPlatform::Trying to open the hw design at D:/Files/ECBEncoder/ECBEncoder/dma_sof/mb_design_wrapper/hw/mb_design_wrapper.xsa
TRACE::2020-07-11.23:41:38::SCWPlatform::DSA given D:/Files/ECBEncoder/ECBEncoder/dma_sof/mb_design_wrapper/hw/mb_design_wrapper.xsa
TRACE::2020-07-11.23:41:38::SCWPlatform::DSA absoulate path D:/Files/ECBEncoder/ECBEncoder/dma_sof/mb_design_wrapper/hw/mb_design_wrapper.xsa
TRACE::2020-07-11.23:41:38::SCWPlatform::DSA directory D:/Files/ECBEncoder/ECBEncoder/dma_sof/mb_design_wrapper/hw
TRACE::2020-07-11.23:41:38::SCWPlatform:: Platform Path D:/Files/ECBEncoder/ECBEncoder/dma_sof/mb_design_wrapper/hw/mb_design_wrapper.xsa
TRACE::2020-07-11.23:41:38::SCWPlatform:: Unique name xilinx:nexys4::0.0
TRACE::2020-07-11.23:41:38::SCWPlatform::Trying to set the existing hwdb with name mb_design_wrapper_0
TRACE::2020-07-11.23:41:38::SCWPlatform::Opened existing hwdb mb_design_wrapper_0
TRACE::2020-07-11.23:41:38::SCWPlatform::Found the Hw Db part of the input DSA
TRACE::2020-07-11.23:41:38::SCWMssOS::Checking the sw design at  D:/Files/ECBEncoder/ECBEncoder/dma_sof/mb_design_wrapper/microblaze_0/standalone_domain/bsp/system.mss
TRACE::2020-07-11.23:41:38::SCWMssOS::DEBUG:  swdes dump  D:/Files/ECBEncoder/ECBEncoder/dma_sof/mb_design_wrapper/microblaze_0/standalone_domain/bsp/system.mss|system||

TRACE::2020-07-11.23:41:38::SCWMssOS::Sw design exists and opened at  D:/Files/ECBEncoder/ECBEncoder/dma_sof/mb_design_wrapper/microblaze_0/standalone_domain/bsp/system.mss
TRACE::2020-07-11.23:41:38::SCWPlatform::Trying to open the hw design at D:/Files/ECBEncoder/ECBEncoder/dma_sof/mb_design_wrapper/hw/mb_design_wrapper.xsa
TRACE::2020-07-11.23:41:38::SCWPlatform::DSA given D:/Files/ECBEncoder/ECBEncoder/dma_sof/mb_design_wrapper/hw/mb_design_wrapper.xsa
TRACE::2020-07-11.23:41:38::SCWPlatform::DSA absoulate path D:/Files/ECBEncoder/ECBEncoder/dma_sof/mb_design_wrapper/hw/mb_design_wrapper.xsa
TRACE::2020-07-11.23:41:38::SCWPlatform::DSA directory D:/Files/ECBEncoder/ECBEncoder/dma_sof/mb_design_wrapper/hw
TRACE::2020-07-11.23:41:38::SCWPlatform:: Platform Path D:/Files/ECBEncoder/ECBEncoder/dma_sof/mb_design_wrapper/hw/mb_design_wrapper.xsa
TRACE::2020-07-11.23:41:38::SCWPlatform:: Unique name xilinx:nexys4::0.0
TRACE::2020-07-11.23:41:38::SCWPlatform::Trying to set the existing hwdb with name mb_design_wrapper_0
TRACE::2020-07-11.23:41:38::SCWPlatform::Opened existing hwdb mb_design_wrapper_0
TRACE::2020-07-11.23:41:38::SCWPlatform::Found the Hw Db part of the input DSA
TRACE::2020-07-11.23:41:38::SCWMssOS::Checking the sw design at  D:/Files/ECBEncoder/ECBEncoder/dma_sof/mb_design_wrapper/microblaze_0/standalone_domain/bsp/system.mss
TRACE::2020-07-11.23:41:38::SCWMssOS::DEBUG:  swdes dump  D:/Files/ECBEncoder/ECBEncoder/dma_sof/mb_design_wrapper/microblaze_0/standalone_domain/bsp/system.mss|system||

TRACE::2020-07-11.23:41:38::SCWMssOS::Sw design exists and opened at  D:/Files/ECBEncoder/ECBEncoder/dma_sof/mb_design_wrapper/microblaze_0/standalone_domain/bsp/system.mss
TRACE::2020-07-11.23:41:38::SCWPlatform::Trying to open the hw design at D:/Files/ECBEncoder/ECBEncoder/dma_sof/mb_design_wrapper/hw/mb_design_wrapper.xsa
TRACE::2020-07-11.23:41:38::SCWPlatform::DSA given D:/Files/ECBEncoder/ECBEncoder/dma_sof/mb_design_wrapper/hw/mb_design_wrapper.xsa
TRACE::2020-07-11.23:41:38::SCWPlatform::DSA absoulate path D:/Files/ECBEncoder/ECBEncoder/dma_sof/mb_design_wrapper/hw/mb_design_wrapper.xsa
TRACE::2020-07-11.23:41:38::SCWPlatform::DSA directory D:/Files/ECBEncoder/ECBEncoder/dma_sof/mb_design_wrapper/hw
TRACE::2020-07-11.23:41:38::SCWPlatform:: Platform Path D:/Files/ECBEncoder/ECBEncoder/dma_sof/mb_design_wrapper/hw/mb_design_wrapper.xsa
TRACE::2020-07-11.23:41:38::SCWPlatform:: Unique name xilinx:nexys4::0.0
TRACE::2020-07-11.23:41:38::SCWPlatform::Trying to set the existing hwdb with name mb_design_wrapper_0
TRACE::2020-07-11.23:41:38::SCWPlatform::Opened existing hwdb mb_design_wrapper_0
TRACE::2020-07-11.23:41:38::SCWPlatform::Found the Hw Db part of the input DSA
TRACE::2020-07-11.23:41:38::SCWMssOS::Checking the sw design at  D:/Files/ECBEncoder/ECBEncoder/dma_sof/mb_design_wrapper/microblaze_0/standalone_domain/bsp/system.mss
TRACE::2020-07-11.23:41:38::SCWMssOS::DEBUG:  swdes dump  D:/Files/ECBEncoder/ECBEncoder/dma_sof/mb_design_wrapper/microblaze_0/standalone_domain/bsp/system.mss|system||

TRACE::2020-07-11.23:41:38::SCWMssOS::Sw design exists and opened at  D:/Files/ECBEncoder/ECBEncoder/dma_sof/mb_design_wrapper/microblaze_0/standalone_domain/bsp/system.mss
TRACE::2020-07-11.23:41:38::SCWPlatform::Trying to open the hw design at D:/Files/ECBEncoder/ECBEncoder/dma_sof/mb_design_wrapper/hw/mb_design_wrapper.xsa
TRACE::2020-07-11.23:41:38::SCWPlatform::DSA given D:/Files/ECBEncoder/ECBEncoder/dma_sof/mb_design_wrapper/hw/mb_design_wrapper.xsa
TRACE::2020-07-11.23:41:38::SCWPlatform::DSA absoulate path D:/Files/ECBEncoder/ECBEncoder/dma_sof/mb_design_wrapper/hw/mb_design_wrapper.xsa
TRACE::2020-07-11.23:41:38::SCWPlatform::DSA directory D:/Files/ECBEncoder/ECBEncoder/dma_sof/mb_design_wrapper/hw
TRACE::2020-07-11.23:41:38::SCWPlatform:: Platform Path D:/Files/ECBEncoder/ECBEncoder/dma_sof/mb_design_wrapper/hw/mb_design_wrapper.xsa
TRACE::2020-07-11.23:41:38::SCWPlatform:: Unique name xilinx:nexys4::0.0
TRACE::2020-07-11.23:41:38::SCWPlatform::Trying to set the existing hwdb with name mb_design_wrapper_0
TRACE::2020-07-11.23:41:38::SCWPlatform::Opened existing hwdb mb_design_wrapper_0
TRACE::2020-07-11.23:41:38::SCWPlatform::Found the Hw Db part of the input DSA
TRACE::2020-07-11.23:41:38::SCWMssOS::Checking the sw design at  D:/Files/ECBEncoder/ECBEncoder/dma_sof/mb_design_wrapper/microblaze_0/standalone_domain/bsp/system.mss
TRACE::2020-07-11.23:41:38::SCWMssOS::DEBUG:  swdes dump  D:/Files/ECBEncoder/ECBEncoder/dma_sof/mb_design_wrapper/microblaze_0/standalone_domain/bsp/system.mss|system||

TRACE::2020-07-11.23:41:38::SCWMssOS::Sw design exists and opened at  D:/Files/ECBEncoder/ECBEncoder/dma_sof/mb_design_wrapper/microblaze_0/standalone_domain/bsp/system.mss
TRACE::2020-07-11.23:41:38::SCWPlatform::Trying to open the hw design at D:/Files/ECBEncoder/ECBEncoder/dma_sof/mb_design_wrapper/hw/mb_design_wrapper.xsa
TRACE::2020-07-11.23:41:38::SCWPlatform::DSA given D:/Files/ECBEncoder/ECBEncoder/dma_sof/mb_design_wrapper/hw/mb_design_wrapper.xsa
TRACE::2020-07-11.23:41:38::SCWPlatform::DSA absoulate path D:/Files/ECBEncoder/ECBEncoder/dma_sof/mb_design_wrapper/hw/mb_design_wrapper.xsa
TRACE::2020-07-11.23:41:38::SCWPlatform::DSA directory D:/Files/ECBEncoder/ECBEncoder/dma_sof/mb_design_wrapper/hw
TRACE::2020-07-11.23:41:38::SCWPlatform:: Platform Path D:/Files/ECBEncoder/ECBEncoder/dma_sof/mb_design_wrapper/hw/mb_design_wrapper.xsa
TRACE::2020-07-11.23:41:38::SCWPlatform:: Unique name xilinx:nexys4::0.0
TRACE::2020-07-11.23:41:38::SCWPlatform::Trying to set the existing hwdb with name mb_design_wrapper_0
TRACE::2020-07-11.23:41:38::SCWPlatform::Opened existing hwdb mb_design_wrapper_0
TRACE::2020-07-11.23:41:38::SCWPlatform::Found the Hw Db part of the input DSA
TRACE::2020-07-11.23:41:38::SCWMssOS::Checking the sw design at  D:/Files/ECBEncoder/ECBEncoder/dma_sof/mb_design_wrapper/microblaze_0/standalone_domain/bsp/system.mss
TRACE::2020-07-11.23:41:38::SCWMssOS::DEBUG:  swdes dump  D:/Files/ECBEncoder/ECBEncoder/dma_sof/mb_design_wrapper/microblaze_0/standalone_domain/bsp/system.mss|system||

TRACE::2020-07-11.23:41:38::SCWMssOS::Sw design exists and opened at  D:/Files/ECBEncoder/ECBEncoder/dma_sof/mb_design_wrapper/microblaze_0/standalone_domain/bsp/system.mss
TRACE::2020-07-11.23:41:38::SCWWriter::formatted JSON is {
	"platformName":	"mb_design_wrapper",
	"sprVersion":	"2.0",
	"mode":	"gui",
	"dsaType":	"Fixed",
	"platformDesc":	"mb_design_wrapper",
	"platHandOff":	"D:/Files/ECBEncoder/ECBEncoder/dma/mb_design_wrapper.xsa",
	"platIntHandOff":	"<platformDir>/hw/mb_design_wrapper.xsa",
	"deviceType":	"FPGA",
	"platIsPrebuiltAutogen":	"false",
	"platIsNoBootBsp":	"false",
	"hasFsblMakeHasChanges":	"false",
	"hasPmufwMakeHasChanges":	"false",
	"platPreBuiltFlag":	false,
	"platformSamplesDir":	"",
	"platActiveSys":	"mb_design_wrapper",
	"systems":	[{
			"systemName":	"mb_design_wrapper",
			"systemDesc":	"mb_design_wrapper",
			"sysIsBootAutoGen":	"true",
			"systemDispName":	"mb_design_wrapper",
			"sysActiveDom":	"standalone_domain",
			"sysDefaultDom":	"standalone_domain",
			"domains":	[{
					"domainName":	"standalone_domain",
					"domainDispName":	"standalone on microblaze_0",
					"domainDesc":	"standalone_domain",
					"processors":	"microblaze_0",
					"os":	"standalone",
					"sdxOs":	"standalone",
					"debugEnable":	"False",
					"domRuntimes":	["cpp"],
					"swRepo":	"",
					"mssOsVer":	"7.1",
					"mssFile":	"",
					"md5Digest":	"f17e3db68fbe08d61a3da00541af2aa1",
					"compatibleApp":	"hello_world",
					"domType":	"mssDomain",
					"arch":	"32-bit",
					"appSettings":	{
						"appCompilerFlags":	"",
						"appLinkerFlags":	""
					},
					"addedLibs":	[],
					"libOptions":	{
						"libsContainingOptions":	[]
					},
					"prebuiltLibs":	{
						"prebuiltIncPath":	[],
						"prebuiltLibPath":	[]
					},
					"isolation":	{
					}
				}]
		}]
}
LOG::2020-07-11.23:41:38::SCWPlatform::Started generating the artifacts platform mb_design_wrapper
TRACE::2020-07-11.23:41:38::SCWPlatform::Sanity checking of platform is completed
LOG::2020-07-11.23:41:38::SCWPlatform::Started generating the artifacts for system configuration mb_design_wrapper
LOG::2020-07-11.23:41:38::SCWSystem::Started Processing the domain standalone_domain
TRACE::2020-07-11.23:41:38::SCWDomain::Generating domain artifcats
TRACE::2020-07-11.23:41:38::SCWMssOS::Generating standalone artifcats
TRACE::2020-07-11.23:41:38::SCWMssOS:: Copying the user libraries. 
TRACE::2020-07-11.23:41:38::SCWPlatform::Trying to open the hw design at D:/Files/ECBEncoder/ECBEncoder/dma_sof/mb_design_wrapper/hw/mb_design_wrapper.xsa
TRACE::2020-07-11.23:41:38::SCWPlatform::DSA given D:/Files/ECBEncoder/ECBEncoder/dma_sof/mb_design_wrapper/hw/mb_design_wrapper.xsa
TRACE::2020-07-11.23:41:38::SCWPlatform::DSA absoulate path D:/Files/ECBEncoder/ECBEncoder/dma_sof/mb_design_wrapper/hw/mb_design_wrapper.xsa
TRACE::2020-07-11.23:41:38::SCWPlatform::DSA directory D:/Files/ECBEncoder/ECBEncoder/dma_sof/mb_design_wrapper/hw
TRACE::2020-07-11.23:41:38::SCWPlatform:: Platform Path D:/Files/ECBEncoder/ECBEncoder/dma_sof/mb_design_wrapper/hw/mb_design_wrapper.xsa
TRACE::2020-07-11.23:41:38::SCWPlatform:: Unique name xilinx:nexys4::0.0
TRACE::2020-07-11.23:41:38::SCWPlatform::Trying to set the existing hwdb with name mb_design_wrapper_0
TRACE::2020-07-11.23:41:38::SCWPlatform::Opened existing hwdb mb_design_wrapper_0
TRACE::2020-07-11.23:41:38::SCWPlatform::Found the Hw Db part of the input DSA
TRACE::2020-07-11.23:41:38::SCWMssOS::Checking the sw design at  D:/Files/ECBEncoder/ECBEncoder/dma_sof/mb_design_wrapper/microblaze_0/standalone_domain/bsp/system.mss
TRACE::2020-07-11.23:41:38::SCWMssOS::DEBUG:  swdes dump  D:/Files/ECBEncoder/ECBEncoder/dma_sof/mb_design_wrapper/microblaze_0/standalone_domain/bsp/system.mss|system||

TRACE::2020-07-11.23:41:38::SCWMssOS::Sw design exists and opened at  D:/Files/ECBEncoder/ECBEncoder/dma_sof/mb_design_wrapper/microblaze_0/standalone_domain/bsp/system.mss
TRACE::2020-07-11.23:41:38::SCWMssOS::Completed writing the mss file at D:/Files/ECBEncoder/ECBEncoder/dma_sof/mb_design_wrapper/microblaze_0/standalone_domain/bsp
TRACE::2020-07-11.23:41:38::SCWMssOS::Mss edits present, copying mssfile into export location D:/Files/ECBEncoder/ECBEncoder/dma_sof/mb_design_wrapper/microblaze_0/standalone_domain/bsp/system.mss
TRACE::2020-07-11.23:41:38::SCWMssOS::bsp generated is upto date with the mss file. Skipping bsp generation.
TRACE::2020-07-11.23:41:38::SCWMssOS::BSP is already built. skipping the bsp build ... 
TRACE::2020-07-11.23:41:38::SCWDomain::Building the domain as part of full build :  standalone_domain
TRACE::2020-07-11.23:41:38::SCWMssOS::skipping the bsp build ... 
TRACE::2020-07-11.23:41:38::SCWMssOS::Copying to export directory.
TRACE::2020-07-11.23:41:38::SCWMssOS:: Checking if to create the Supporting Applications
TRACE::2020-07-11.23:41:38::SCWMssOS:: No Linux domain exists, trying to generate FSBL 
LOG::2020-07-11.23:41:38::SCWSystem::Completed Processing the domain standalone_domain
LOG::2020-07-11.23:41:38::SCWSystem::Completed Processing the sysconfig mb_design_wrapper
LOG::2020-07-11.23:41:38::SCWPlatform::Completed generating the artifacts for system configuration mb_design_wrapper
TRACE::2020-07-11.23:41:38::SCWPlatform::Started preparing the platform 
TRACE::2020-07-11.23:41:38::SCWSystem::Writing the bif file for system config mb_design_wrapper
TRACE::2020-07-11.23:41:38::SCWSystem::dir created 
TRACE::2020-07-11.23:41:38::SCWSystem::Writing the bif 
TRACE::2020-07-11.23:41:38::SCWPlatform::Started writing the spfm file 
TRACE::2020-07-11.23:41:38::SCWPlatform::Started writing the xpfm file 
TRACE::2020-07-11.23:41:38::SCWPlatform::Completed generating the platform
TRACE::2020-07-11.23:41:38::SCWPlatform::Trying to open the hw design at D:/Files/ECBEncoder/ECBEncoder/dma_sof/mb_design_wrapper/hw/mb_design_wrapper.xsa
TRACE::2020-07-11.23:41:38::SCWPlatform::DSA given D:/Files/ECBEncoder/ECBEncoder/dma_sof/mb_design_wrapper/hw/mb_design_wrapper.xsa
TRACE::2020-07-11.23:41:38::SCWPlatform::DSA absoulate path D:/Files/ECBEncoder/ECBEncoder/dma_sof/mb_design_wrapper/hw/mb_design_wrapper.xsa
TRACE::2020-07-11.23:41:38::SCWPlatform::DSA directory D:/Files/ECBEncoder/ECBEncoder/dma_sof/mb_design_wrapper/hw
TRACE::2020-07-11.23:41:38::SCWPlatform:: Platform Path D:/Files/ECBEncoder/ECBEncoder/dma_sof/mb_design_wrapper/hw/mb_design_wrapper.xsa
TRACE::2020-07-11.23:41:38::SCWPlatform:: Unique name xilinx:nexys4::0.0
TRACE::2020-07-11.23:41:38::SCWPlatform::Trying to set the existing hwdb with name mb_design_wrapper_0
TRACE::2020-07-11.23:41:38::SCWPlatform::Opened existing hwdb mb_design_wrapper_0
TRACE::2020-07-11.23:41:38::SCWPlatform::Found the Hw Db part of the input DSA
TRACE::2020-07-11.23:41:38::SCWMssOS::Checking the sw design at  D:/Files/ECBEncoder/ECBEncoder/dma_sof/mb_design_wrapper/microblaze_0/standalone_domain/bsp/system.mss
TRACE::2020-07-11.23:41:38::SCWMssOS::DEBUG:  swdes dump  D:/Files/ECBEncoder/ECBEncoder/dma_sof/mb_design_wrapper/microblaze_0/standalone_domain/bsp/system.mss|system||

TRACE::2020-07-11.23:41:38::SCWMssOS::Sw design exists and opened at  D:/Files/ECBEncoder/ECBEncoder/dma_sof/mb_design_wrapper/microblaze_0/standalone_domain/bsp/system.mss
TRACE::2020-07-11.23:41:38::SCWPlatform::Trying to open the hw design at D:/Files/ECBEncoder/ECBEncoder/dma_sof/mb_design_wrapper/hw/mb_design_wrapper.xsa
TRACE::2020-07-11.23:41:38::SCWPlatform::DSA given D:/Files/ECBEncoder/ECBEncoder/dma_sof/mb_design_wrapper/hw/mb_design_wrapper.xsa
TRACE::2020-07-11.23:41:38::SCWPlatform::DSA absoulate path D:/Files/ECBEncoder/ECBEncoder/dma_sof/mb_design_wrapper/hw/mb_design_wrapper.xsa
TRACE::2020-07-11.23:41:38::SCWPlatform::DSA directory D:/Files/ECBEncoder/ECBEncoder/dma_sof/mb_design_wrapper/hw
TRACE::2020-07-11.23:41:38::SCWPlatform:: Platform Path D:/Files/ECBEncoder/ECBEncoder/dma_sof/mb_design_wrapper/hw/mb_design_wrapper.xsa
TRACE::2020-07-11.23:41:38::SCWPlatform:: Unique name xilinx:nexys4::0.0
TRACE::2020-07-11.23:41:38::SCWPlatform::Trying to set the existing hwdb with name mb_design_wrapper_0
TRACE::2020-07-11.23:41:38::SCWPlatform::Opened existing hwdb mb_design_wrapper_0
TRACE::2020-07-11.23:41:38::SCWPlatform::Found the Hw Db part of the input DSA
TRACE::2020-07-11.23:41:38::SCWMssOS::Checking the sw design at  D:/Files/ECBEncoder/ECBEncoder/dma_sof/mb_design_wrapper/microblaze_0/standalone_domain/bsp/system.mss
TRACE::2020-07-11.23:41:38::SCWMssOS::DEBUG:  swdes dump  D:/Files/ECBEncoder/ECBEncoder/dma_sof/mb_design_wrapper/microblaze_0/standalone_domain/bsp/system.mss|system||

TRACE::2020-07-11.23:41:38::SCWMssOS::Sw design exists and opened at  D:/Files/ECBEncoder/ECBEncoder/dma_sof/mb_design_wrapper/microblaze_0/standalone_domain/bsp/system.mss
TRACE::2020-07-11.23:41:38::SCWPlatform::Trying to open the hw design at D:/Files/ECBEncoder/ECBEncoder/dma_sof/mb_design_wrapper/hw/mb_design_wrapper.xsa
TRACE::2020-07-11.23:41:38::SCWPlatform::DSA given D:/Files/ECBEncoder/ECBEncoder/dma_sof/mb_design_wrapper/hw/mb_design_wrapper.xsa
TRACE::2020-07-11.23:41:38::SCWPlatform::DSA absoulate path D:/Files/ECBEncoder/ECBEncoder/dma_sof/mb_design_wrapper/hw/mb_design_wrapper.xsa
TRACE::2020-07-11.23:41:38::SCWPlatform::DSA directory D:/Files/ECBEncoder/ECBEncoder/dma_sof/mb_design_wrapper/hw
TRACE::2020-07-11.23:41:38::SCWPlatform:: Platform Path D:/Files/ECBEncoder/ECBEncoder/dma_sof/mb_design_wrapper/hw/mb_design_wrapper.xsa
TRACE::2020-07-11.23:41:38::SCWPlatform:: Unique name xilinx:nexys4::0.0
TRACE::2020-07-11.23:41:38::SCWPlatform::Trying to set the existing hwdb with name mb_design_wrapper_0
TRACE::2020-07-11.23:41:38::SCWPlatform::Opened existing hwdb mb_design_wrapper_0
TRACE::2020-07-11.23:41:38::SCWPlatform::Found the Hw Db part of the input DSA
TRACE::2020-07-11.23:41:38::SCWMssOS::Checking the sw design at  D:/Files/ECBEncoder/ECBEncoder/dma_sof/mb_design_wrapper/microblaze_0/standalone_domain/bsp/system.mss
TRACE::2020-07-11.23:41:38::SCWMssOS::DEBUG:  swdes dump  D:/Files/ECBEncoder/ECBEncoder/dma_sof/mb_design_wrapper/microblaze_0/standalone_domain/bsp/system.mss|system||

TRACE::2020-07-11.23:41:38::SCWMssOS::Sw design exists and opened at  D:/Files/ECBEncoder/ECBEncoder/dma_sof/mb_design_wrapper/microblaze_0/standalone_domain/bsp/system.mss
TRACE::2020-07-11.23:41:38::SCWWriter::formatted JSON is {
	"platformName":	"mb_design_wrapper",
	"sprVersion":	"2.0",
	"mode":	"gui",
	"dsaType":	"Fixed",
	"platformDesc":	"mb_design_wrapper",
	"platHandOff":	"D:/Files/ECBEncoder/ECBEncoder/dma/mb_design_wrapper.xsa",
	"platIntHandOff":	"<platformDir>/hw/mb_design_wrapper.xsa",
	"deviceType":	"FPGA",
	"platIsPrebuiltAutogen":	"false",
	"platIsNoBootBsp":	"false",
	"hasFsblMakeHasChanges":	"false",
	"hasPmufwMakeHasChanges":	"false",
	"platPreBuiltFlag":	false,
	"platformSamplesDir":	"",
	"platActiveSys":	"mb_design_wrapper",
	"systems":	[{
			"systemName":	"mb_design_wrapper",
			"systemDesc":	"mb_design_wrapper",
			"sysIsBootAutoGen":	"true",
			"systemDispName":	"mb_design_wrapper",
			"sysActiveDom":	"standalone_domain",
			"sysDefaultDom":	"standalone_domain",
			"domains":	[{
					"domainName":	"standalone_domain",
					"domainDispName":	"standalone on microblaze_0",
					"domainDesc":	"standalone_domain",
					"processors":	"microblaze_0",
					"os":	"standalone",
					"sdxOs":	"standalone",
					"debugEnable":	"False",
					"domRuntimes":	["cpp"],
					"swRepo":	"",
					"mssOsVer":	"7.1",
					"mssFile":	"",
					"md5Digest":	"f17e3db68fbe08d61a3da00541af2aa1",
					"compatibleApp":	"hello_world",
					"domType":	"mssDomain",
					"arch":	"32-bit",
					"appSettings":	{
						"appCompilerFlags":	"",
						"appLinkerFlags":	""
					},
					"addedLibs":	[],
					"libOptions":	{
						"libsContainingOptions":	[]
					},
					"prebuiltLibs":	{
						"prebuiltIncPath":	[],
						"prebuiltLibPath":	[]
					},
					"isolation":	{
					}
				}]
		}]
}
KEYINFO::2020-07-11.23:41:38::SCWPlatform::updated the xpfm file.
LOG::2020-07-12.00:04:24::SCWPlatform::Started generating the artifacts platform mb_design_wrapper
TRACE::2020-07-12.00:04:24::SCWPlatform::Sanity checking of platform is completed
LOG::2020-07-12.00:04:24::SCWPlatform::Started generating the artifacts for system configuration mb_design_wrapper
LOG::2020-07-12.00:04:24::SCWSystem::Checking the domain standalone_domain
LOG::2020-07-12.00:04:24::SCWSystem::Not a boot domain 
LOG::2020-07-12.00:04:24::SCWSystem::Started Processing the domain standalone_domain
TRACE::2020-07-12.00:04:24::SCWDomain::Generating domain artifcats
TRACE::2020-07-12.00:04:24::SCWMssOS::Generating standalone artifcats
TRACE::2020-07-12.00:04:24::SCWMssOS:: Copying the user libraries. 
TRACE::2020-07-12.00:04:24::SCWPlatform::Trying to open the hw design at D:/Files/ECBEncoder/ECBEncoder/dma_sof/mb_design_wrapper/hw/mb_design_wrapper.xsa
TRACE::2020-07-12.00:04:24::SCWPlatform::DSA given D:/Files/ECBEncoder/ECBEncoder/dma_sof/mb_design_wrapper/hw/mb_design_wrapper.xsa
TRACE::2020-07-12.00:04:24::SCWPlatform::DSA absoulate path D:/Files/ECBEncoder/ECBEncoder/dma_sof/mb_design_wrapper/hw/mb_design_wrapper.xsa
TRACE::2020-07-12.00:04:24::SCWPlatform::DSA directory D:/Files/ECBEncoder/ECBEncoder/dma_sof/mb_design_wrapper/hw
TRACE::2020-07-12.00:04:24::SCWPlatform:: Platform Path D:/Files/ECBEncoder/ECBEncoder/dma_sof/mb_design_wrapper/hw/mb_design_wrapper.xsa
TRACE::2020-07-12.00:04:24::SCWPlatform:: Unique name xilinx:nexys4::0.0
TRACE::2020-07-12.00:04:24::SCWPlatform::Trying to set the existing hwdb with name mb_design_wrapper_0
TRACE::2020-07-12.00:04:24::SCWPlatform::Opened existing hwdb mb_design_wrapper_0
TRACE::2020-07-12.00:04:24::SCWPlatform::Found the Hw Db part of the input DSA
TRACE::2020-07-12.00:04:24::SCWMssOS::Checking the sw design at  D:/Files/ECBEncoder/ECBEncoder/dma_sof/mb_design_wrapper/microblaze_0/standalone_domain/bsp/system.mss
TRACE::2020-07-12.00:04:24::SCWMssOS::DEBUG:  swdes dump  D:/Files/ECBEncoder/ECBEncoder/dma_sof/mb_design_wrapper/microblaze_0/standalone_domain/bsp/system.mss|system||

TRACE::2020-07-12.00:04:24::SCWMssOS::Sw design exists and opened at  D:/Files/ECBEncoder/ECBEncoder/dma_sof/mb_design_wrapper/microblaze_0/standalone_domain/bsp/system.mss
TRACE::2020-07-12.00:04:24::SCWMssOS::Completed writing the mss file at D:/Files/ECBEncoder/ECBEncoder/dma_sof/mb_design_wrapper/microblaze_0/standalone_domain/bsp
TRACE::2020-07-12.00:04:24::SCWMssOS::Mss edits present, copying mssfile into export location D:/Files/ECBEncoder/ECBEncoder/dma_sof/mb_design_wrapper/microblaze_0/standalone_domain/bsp/system.mss
TRACE::2020-07-12.00:04:24::SCWMssOS::bsp generated is upto date with the mss file. Skipping bsp generation.
TRACE::2020-07-12.00:04:24::SCWMssOS::BSP is already built. skipping the bsp build ... 
TRACE::2020-07-12.00:04:24::SCWDomain::Building the domain as part of full build :  standalone_domain
TRACE::2020-07-12.00:04:24::SCWMssOS::doing bsp build ... 
TRACE::2020-07-12.00:04:24::SCWMssOS::System Command Ran  D: & cd  D:/Files/ECBEncoder/ECBEncoder/dma_sof/mb_design_wrapper/microblaze_0/standalone_domain/bsp & make 
TRACE::2020-07-12.00:04:24::SCWMssOS::"Running Make include in microblaze_0/libsrc/axidma_v9_10/src"

TRACE::2020-07-12.00:04:24::SCWMssOS::make -C microblaze_0/libsrc/axidma_v9_10/src -s include  "SHELL=CMD" "COMPILER=mb-gcc" "ASSEMBLER=mb-as" "ARCHIVER=mb-ar" "COMP
TRACE::2020-07-12.00:04:24::SCWMssOS::ILER_FLAGS=  -O2 -c -mcpu=v11.0 -mlittle-endian -mno-xl-soft-div -mno-xl-soft-mul -mxl-barrel-shift" "EXTRA_COMPILER_FLAGS=-g -
TRACE::2020-07-12.00:04:24::SCWMssOS::ffunction-sections -fdata-sections -Wall -Wextra"

TRACE::2020-07-12.00:04:24::SCWMssOS::"Running Make include in microblaze_0/libsrc/bram_v4_3/src"

TRACE::2020-07-12.00:04:24::SCWMssOS::make -C microblaze_0/libsrc/bram_v4_3/src -s include  "SHELL=CMD" "COMPILER=mb-gcc" "ASSEMBLER=mb-as" "ARCHIVER=mb-ar" "COMPILE
TRACE::2020-07-12.00:04:24::SCWMssOS::R_FLAGS=  -O2 -c -mcpu=v11.0 -mlittle-endian -mno-xl-soft-div -mno-xl-soft-mul -mxl-barrel-shift" "EXTRA_COMPILER_FLAGS=-g -ffu
TRACE::2020-07-12.00:04:24::SCWMssOS::nction-sections -fdata-sections -Wall -Wextra"

TRACE::2020-07-12.00:04:24::SCWMssOS::"Running Make include in microblaze_0/libsrc/cpu_v2_10/src"

TRACE::2020-07-12.00:04:24::SCWMssOS::make -C microblaze_0/libsrc/cpu_v2_10/src -s include  "SHELL=CMD" "COMPILER=mb-gcc" "ASSEMBLER=mb-as" "ARCHIVER=mb-ar" "COMPILE
TRACE::2020-07-12.00:04:24::SCWMssOS::R_FLAGS=  -O2 -c -mcpu=v11.0 -mlittle-endian -mno-xl-soft-div -mno-xl-soft-mul -mxl-barrel-shift" "EXTRA_COMPILER_FLAGS=-g -ffu
TRACE::2020-07-12.00:04:24::SCWMssOS::nction-sections -fdata-sections -Wall -Wextra"

TRACE::2020-07-12.00:04:25::SCWMssOS::"Running Make include in microblaze_0/libsrc/gpio_v4_5/src"

TRACE::2020-07-12.00:04:25::SCWMssOS::make -C microblaze_0/libsrc/gpio_v4_5/src -s include  "SHELL=CMD" "COMPILER=mb-gcc" "ASSEMBLER=mb-as" "ARCHIVER=mb-ar" "COMPILE
TRACE::2020-07-12.00:04:25::SCWMssOS::R_FLAGS=  -O2 -c -mcpu=v11.0 -mlittle-endian -mno-xl-soft-div -mno-xl-soft-mul -mxl-barrel-shift" "EXTRA_COMPILER_FLAGS=-g -ffu
TRACE::2020-07-12.00:04:25::SCWMssOS::nction-sections -fdata-sections -Wall -Wextra"

TRACE::2020-07-12.00:04:25::SCWMssOS::"Running Make include in microblaze_0/libsrc/intc_v3_10/src"

TRACE::2020-07-12.00:04:25::SCWMssOS::make -C microblaze_0/libsrc/intc_v3_10/src -s include  "SHELL=CMD" "COMPILER=mb-gcc" "ASSEMBLER=mb-as" "ARCHIVER=mb-ar" "COMPIL
TRACE::2020-07-12.00:04:25::SCWMssOS::ER_FLAGS=  -O2 -c -mcpu=v11.0 -mlittle-endian -mno-xl-soft-div -mno-xl-soft-mul -mxl-barrel-shift" "EXTRA_COMPILER_FLAGS=-g -ff
TRACE::2020-07-12.00:04:25::SCWMssOS::unction-sections -fdata-sections -Wall -Wextra"

TRACE::2020-07-12.00:04:25::SCWMssOS::"Running Make include in microblaze_0/libsrc/standalone_v7_1/src"

TRACE::2020-07-12.00:04:25::SCWMssOS::make -C microblaze_0/libsrc/standalone_v7_1/src -s include  "SHELL=CMD" "COMPILER=mb-gcc" "ASSEMBLER=mb-as" "ARCHIVER=mb-ar" "C
TRACE::2020-07-12.00:04:25::SCWMssOS::OMPILER_FLAGS=  -O2 -c -mcpu=v11.0 -mlittle-endian -mno-xl-soft-div -mno-xl-soft-mul -mxl-barrel-shift" "EXTRA_COMPILER_FLAGS=-
TRACE::2020-07-12.00:04:25::SCWMssOS::g -ffunction-sections -fdata-sections -Wall -Wextra"

TRACE::2020-07-12.00:04:25::SCWMssOS::"Running Make include in microblaze_0/libsrc/tmrctr_v4_5/src"

TRACE::2020-07-12.00:04:25::SCWMssOS::make -C microblaze_0/libsrc/tmrctr_v4_5/src -s include  "SHELL=CMD" "COMPILER=mb-gcc" "ASSEMBLER=mb-as" "ARCHIVER=mb-ar" "COMPI
TRACE::2020-07-12.00:04:25::SCWMssOS::LER_FLAGS=  -O2 -c -mcpu=v11.0 -mlittle-endian -mno-xl-soft-div -mno-xl-soft-mul -mxl-barrel-shift" "EXTRA_COMPILER_FLAGS=-g -f
TRACE::2020-07-12.00:04:25::SCWMssOS::function-sections -fdata-sections -Wall -Wextra"

TRACE::2020-07-12.00:04:25::SCWMssOS::"Running Make include in microblaze_0/libsrc/uartlite_v3_3/src"

TRACE::2020-07-12.00:04:25::SCWMssOS::make -C microblaze_0/libsrc/uartlite_v3_3/src -s include  "SHELL=CMD" "COMPILER=mb-gcc" "ASSEMBLER=mb-as" "ARCHIVER=mb-ar" "COM
TRACE::2020-07-12.00:04:25::SCWMssOS::PILER_FLAGS=  -O2 -c -mcpu=v11.0 -mlittle-endian -mno-xl-soft-div -mno-xl-soft-mul -mxl-barrel-shift" "EXTRA_COMPILER_FLAGS=-g 
TRACE::2020-07-12.00:04:25::SCWMssOS::-ffunction-sections -fdata-sections -Wall -Wextra"

TRACE::2020-07-12.00:04:25::SCWMssOS::"Running Make libs in microblaze_0/libsrc/axidma_v9_10/src"

TRACE::2020-07-12.00:04:25::SCWMssOS::make -C microblaze_0/libsrc/axidma_v9_10/src -s libs  "SHELL=CMD" "COMPILER=mb-gcc" "ASSEMBLER=mb-as" "ARCHIVER=mb-ar" "COMPILE
TRACE::2020-07-12.00:04:25::SCWMssOS::R_FLAGS=  -O2 -c -mcpu=v11.0 -mlittle-endian -mno-xl-soft-div -mno-xl-soft-mul -mxl-barrel-shift" "EXTRA_COMPILER_FLAGS=-g -ffu
TRACE::2020-07-12.00:04:25::SCWMssOS::nction-sections -fdata-sections -Wall -Wextra"

TRACE::2020-07-12.00:04:25::SCWMssOS::"Compiling axidma"

TRACE::2020-07-12.00:04:26::SCWMssOS::"Running Make libs in microblaze_0/libsrc/bram_v4_3/src"

TRACE::2020-07-12.00:04:26::SCWMssOS::make -C microblaze_0/libsrc/bram_v4_3/src -s libs  "SHELL=CMD" "COMPILER=mb-gcc" "ASSEMBLER=mb-as" "ARCHIVER=mb-ar" "COMPILER_F
TRACE::2020-07-12.00:04:26::SCWMssOS::LAGS=  -O2 -c -mcpu=v11.0 -mlittle-endian -mno-xl-soft-div -mno-xl-soft-mul -mxl-barrel-shift" "EXTRA_COMPILER_FLAGS=-g -ffunct
TRACE::2020-07-12.00:04:26::SCWMssOS::ion-sections -fdata-sections -Wall -Wextra"

TRACE::2020-07-12.00:04:26::SCWMssOS::"Compiling bram"

TRACE::2020-07-12.00:04:27::SCWMssOS::"Running Make libs in microblaze_0/libsrc/cpu_v2_10/src"

TRACE::2020-07-12.00:04:27::SCWMssOS::make -C microblaze_0/libsrc/cpu_v2_10/src -s libs  "SHELL=CMD" "COMPILER=mb-gcc" "ASSEMBLER=mb-as" "ARCHIVER=mb-ar" "COMPILER_F
TRACE::2020-07-12.00:04:27::SCWMssOS::LAGS=  -O2 -c -mcpu=v11.0 -mlittle-endian -mno-xl-soft-div -mno-xl-soft-mul -mxl-barrel-shift" "EXTRA_COMPILER_FLAGS=-g -ffunct
TRACE::2020-07-12.00:04:27::SCWMssOS::ion-sections -fdata-sections -Wall -Wextra"

TRACE::2020-07-12.00:04:27::SCWMssOS::"Compiling cpu"

TRACE::2020-07-12.00:04:27::SCWMssOS::"Running Make libs in microblaze_0/libsrc/gpio_v4_5/src"

TRACE::2020-07-12.00:04:27::SCWMssOS::make -C microblaze_0/libsrc/gpio_v4_5/src -s libs  "SHELL=CMD" "COMPILER=mb-gcc" "ASSEMBLER=mb-as" "ARCHIVER=mb-ar" "COMPILER_F
TRACE::2020-07-12.00:04:27::SCWMssOS::LAGS=  -O2 -c -mcpu=v11.0 -mlittle-endian -mno-xl-soft-div -mno-xl-soft-mul -mxl-barrel-shift" "EXTRA_COMPILER_FLAGS=-g -ffunct
TRACE::2020-07-12.00:04:27::SCWMssOS::ion-sections -fdata-sections -Wall -Wextra"

TRACE::2020-07-12.00:04:27::SCWMssOS::"Compiling gpio"

TRACE::2020-07-12.00:04:28::SCWMssOS::"Running Make libs in microblaze_0/libsrc/intc_v3_10/src"

TRACE::2020-07-12.00:04:28::SCWMssOS::make -C microblaze_0/libsrc/intc_v3_10/src -s libs  "SHELL=CMD" "COMPILER=mb-gcc" "ASSEMBLER=mb-as" "ARCHIVER=mb-ar" "COMPILER_
TRACE::2020-07-12.00:04:28::SCWMssOS::FLAGS=  -O2 -c -mcpu=v11.0 -mlittle-endian -mno-xl-soft-div -mno-xl-soft-mul -mxl-barrel-shift" "EXTRA_COMPILER_FLAGS=-g -ffunc
TRACE::2020-07-12.00:04:28::SCWMssOS::tion-sections -fdata-sections -Wall -Wextra"

TRACE::2020-07-12.00:04:28::SCWMssOS::"Compiling intc"

TRACE::2020-07-12.00:04:29::SCWMssOS::"Running Make libs in microblaze_0/libsrc/standalone_v7_1/src"

TRACE::2020-07-12.00:04:29::SCWMssOS::make -C microblaze_0/libsrc/standalone_v7_1/src -s libs  "SHELL=CMD" "COMPILER=mb-gcc" "ASSEMBLER=mb-as" "ARCHIVER=mb-ar" "COMP
TRACE::2020-07-12.00:04:29::SCWMssOS::ILER_FLAGS=  -O2 -c -mcpu=v11.0 -mlittle-endian -mno-xl-soft-div -mno-xl-soft-mul -mxl-barrel-shift" "EXTRA_COMPILER_FLAGS=-g -
TRACE::2020-07-12.00:04:29::SCWMssOS::ffunction-sections -fdata-sections -Wall -Wextra"

TRACE::2020-07-12.00:04:29::SCWMssOS::"Compiling standalone";

TRACE::2020-07-12.00:04:33::SCWMssOS::"Running Make libs in microblaze_0/libsrc/tmrctr_v4_5/src"

TRACE::2020-07-12.00:04:33::SCWMssOS::make -C microblaze_0/libsrc/tmrctr_v4_5/src -s libs  "SHELL=CMD" "COMPILER=mb-gcc" "ASSEMBLER=mb-as" "ARCHIVER=mb-ar" "COMPILER
TRACE::2020-07-12.00:04:33::SCWMssOS::_FLAGS=  -O2 -c -mcpu=v11.0 -mlittle-endian -mno-xl-soft-div -mno-xl-soft-mul -mxl-barrel-shift" "EXTRA_COMPILER_FLAGS=-g -ffun
TRACE::2020-07-12.00:04:33::SCWMssOS::ction-sections -fdata-sections -Wall -Wextra"

TRACE::2020-07-12.00:04:33::SCWMssOS::"Compiling tmrctr"

TRACE::2020-07-12.00:04:34::SCWMssOS::"Running Make libs in microblaze_0/libsrc/uartlite_v3_3/src"

TRACE::2020-07-12.00:04:34::SCWMssOS::make -C microblaze_0/libsrc/uartlite_v3_3/src -s libs  "SHELL=CMD" "COMPILER=mb-gcc" "ASSEMBLER=mb-as" "ARCHIVER=mb-ar" "COMPIL
TRACE::2020-07-12.00:04:34::SCWMssOS::ER_FLAGS=  -O2 -c -mcpu=v11.0 -mlittle-endian -mno-xl-soft-div -mno-xl-soft-mul -mxl-barrel-shift" "EXTRA_COMPILER_FLAGS=-g -ff
TRACE::2020-07-12.00:04:34::SCWMssOS::unction-sections -fdata-sections -Wall -Wextra"

TRACE::2020-07-12.00:04:34::SCWMssOS::"Compiling uartlite"

TRACE::2020-07-12.00:04:35::SCWMssOS::'Finished building libraries'

TRACE::2020-07-12.00:04:35::SCWMssOS::Copying to export directory.
TRACE::2020-07-12.00:04:35::SCWMssOS:: Checking if to create the Supporting Applications
TRACE::2020-07-12.00:04:35::SCWMssOS:: No Linux domain exists, trying to generate FSBL 
LOG::2020-07-12.00:04:35::SCWSystem::Completed Processing the domain standalone_domain
LOG::2020-07-12.00:04:35::SCWSystem::Completed Processing the sysconfig mb_design_wrapper
LOG::2020-07-12.00:04:35::SCWPlatform::Completed generating the artifacts for system configuration mb_design_wrapper
TRACE::2020-07-12.00:04:35::SCWPlatform::Started preparing the platform 
TRACE::2020-07-12.00:04:35::SCWSystem::Writing the bif file for system config mb_design_wrapper
TRACE::2020-07-12.00:04:35::SCWSystem::dir created 
TRACE::2020-07-12.00:04:35::SCWSystem::Writing the bif 
TRACE::2020-07-12.00:04:35::SCWPlatform::Started writing the spfm file 
TRACE::2020-07-12.00:04:35::SCWPlatform::Started writing the xpfm file 
TRACE::2020-07-12.00:04:35::SCWPlatform::Completed generating the platform
TRACE::2020-07-12.00:04:35::SCWPlatform::Trying to open the hw design at D:/Files/ECBEncoder/ECBEncoder/dma_sof/mb_design_wrapper/hw/mb_design_wrapper.xsa
TRACE::2020-07-12.00:04:35::SCWPlatform::DSA given D:/Files/ECBEncoder/ECBEncoder/dma_sof/mb_design_wrapper/hw/mb_design_wrapper.xsa
TRACE::2020-07-12.00:04:35::SCWPlatform::DSA absoulate path D:/Files/ECBEncoder/ECBEncoder/dma_sof/mb_design_wrapper/hw/mb_design_wrapper.xsa
TRACE::2020-07-12.00:04:35::SCWPlatform::DSA directory D:/Files/ECBEncoder/ECBEncoder/dma_sof/mb_design_wrapper/hw
TRACE::2020-07-12.00:04:35::SCWPlatform:: Platform Path D:/Files/ECBEncoder/ECBEncoder/dma_sof/mb_design_wrapper/hw/mb_design_wrapper.xsa
TRACE::2020-07-12.00:04:35::SCWPlatform:: Unique name xilinx:nexys4::0.0
TRACE::2020-07-12.00:04:35::SCWPlatform::Trying to set the existing hwdb with name mb_design_wrapper_0
TRACE::2020-07-12.00:04:35::SCWPlatform::Opened existing hwdb mb_design_wrapper_0
TRACE::2020-07-12.00:04:35::SCWPlatform::Found the Hw Db part of the input DSA
TRACE::2020-07-12.00:04:35::SCWMssOS::Checking the sw design at  D:/Files/ECBEncoder/ECBEncoder/dma_sof/mb_design_wrapper/microblaze_0/standalone_domain/bsp/system.mss
TRACE::2020-07-12.00:04:35::SCWMssOS::DEBUG:  swdes dump  D:/Files/ECBEncoder/ECBEncoder/dma_sof/mb_design_wrapper/microblaze_0/standalone_domain/bsp/system.mss|system||

TRACE::2020-07-12.00:04:35::SCWMssOS::Sw design exists and opened at  D:/Files/ECBEncoder/ECBEncoder/dma_sof/mb_design_wrapper/microblaze_0/standalone_domain/bsp/system.mss
TRACE::2020-07-12.00:04:35::SCWPlatform::Trying to open the hw design at D:/Files/ECBEncoder/ECBEncoder/dma_sof/mb_design_wrapper/hw/mb_design_wrapper.xsa
TRACE::2020-07-12.00:04:35::SCWPlatform::DSA given D:/Files/ECBEncoder/ECBEncoder/dma_sof/mb_design_wrapper/hw/mb_design_wrapper.xsa
TRACE::2020-07-12.00:04:35::SCWPlatform::DSA absoulate path D:/Files/ECBEncoder/ECBEncoder/dma_sof/mb_design_wrapper/hw/mb_design_wrapper.xsa
TRACE::2020-07-12.00:04:35::SCWPlatform::DSA directory D:/Files/ECBEncoder/ECBEncoder/dma_sof/mb_design_wrapper/hw
TRACE::2020-07-12.00:04:35::SCWPlatform:: Platform Path D:/Files/ECBEncoder/ECBEncoder/dma_sof/mb_design_wrapper/hw/mb_design_wrapper.xsa
TRACE::2020-07-12.00:04:35::SCWPlatform:: Unique name xilinx:nexys4::0.0
TRACE::2020-07-12.00:04:35::SCWPlatform::Trying to set the existing hwdb with name mb_design_wrapper_0
TRACE::2020-07-12.00:04:35::SCWPlatform::Opened existing hwdb mb_design_wrapper_0
TRACE::2020-07-12.00:04:35::SCWPlatform::Found the Hw Db part of the input DSA
TRACE::2020-07-12.00:04:35::SCWMssOS::Checking the sw design at  D:/Files/ECBEncoder/ECBEncoder/dma_sof/mb_design_wrapper/microblaze_0/standalone_domain/bsp/system.mss
TRACE::2020-07-12.00:04:35::SCWMssOS::DEBUG:  swdes dump  D:/Files/ECBEncoder/ECBEncoder/dma_sof/mb_design_wrapper/microblaze_0/standalone_domain/bsp/system.mss|system||

TRACE::2020-07-12.00:04:35::SCWMssOS::Sw design exists and opened at  D:/Files/ECBEncoder/ECBEncoder/dma_sof/mb_design_wrapper/microblaze_0/standalone_domain/bsp/system.mss
TRACE::2020-07-12.00:04:35::SCWPlatform::Trying to open the hw design at D:/Files/ECBEncoder/ECBEncoder/dma_sof/mb_design_wrapper/hw/mb_design_wrapper.xsa
TRACE::2020-07-12.00:04:35::SCWPlatform::DSA given D:/Files/ECBEncoder/ECBEncoder/dma_sof/mb_design_wrapper/hw/mb_design_wrapper.xsa
TRACE::2020-07-12.00:04:35::SCWPlatform::DSA absoulate path D:/Files/ECBEncoder/ECBEncoder/dma_sof/mb_design_wrapper/hw/mb_design_wrapper.xsa
TRACE::2020-07-12.00:04:35::SCWPlatform::DSA directory D:/Files/ECBEncoder/ECBEncoder/dma_sof/mb_design_wrapper/hw
TRACE::2020-07-12.00:04:35::SCWPlatform:: Platform Path D:/Files/ECBEncoder/ECBEncoder/dma_sof/mb_design_wrapper/hw/mb_design_wrapper.xsa
TRACE::2020-07-12.00:04:35::SCWPlatform:: Unique name xilinx:nexys4::0.0
TRACE::2020-07-12.00:04:35::SCWPlatform::Trying to set the existing hwdb with name mb_design_wrapper_0
TRACE::2020-07-12.00:04:35::SCWPlatform::Opened existing hwdb mb_design_wrapper_0
TRACE::2020-07-12.00:04:35::SCWPlatform::Found the Hw Db part of the input DSA
TRACE::2020-07-12.00:04:35::SCWMssOS::Checking the sw design at  D:/Files/ECBEncoder/ECBEncoder/dma_sof/mb_design_wrapper/microblaze_0/standalone_domain/bsp/system.mss
TRACE::2020-07-12.00:04:35::SCWMssOS::DEBUG:  swdes dump  D:/Files/ECBEncoder/ECBEncoder/dma_sof/mb_design_wrapper/microblaze_0/standalone_domain/bsp/system.mss|system||

TRACE::2020-07-12.00:04:35::SCWMssOS::Sw design exists and opened at  D:/Files/ECBEncoder/ECBEncoder/dma_sof/mb_design_wrapper/microblaze_0/standalone_domain/bsp/system.mss
TRACE::2020-07-12.00:04:35::SCWWriter::formatted JSON is {
	"platformName":	"mb_design_wrapper",
	"sprVersion":	"2.0",
	"mode":	"gui",
	"dsaType":	"Fixed",
	"platformDesc":	"mb_design_wrapper",
	"platHandOff":	"D:/Files/ECBEncoder/ECBEncoder/dma/mb_design_wrapper.xsa",
	"platIntHandOff":	"<platformDir>/hw/mb_design_wrapper.xsa",
	"deviceType":	"FPGA",
	"platIsPrebuiltAutogen":	"false",
	"platIsNoBootBsp":	"false",
	"hasFsblMakeHasChanges":	"false",
	"hasPmufwMakeHasChanges":	"false",
	"platPreBuiltFlag":	false,
	"platformSamplesDir":	"",
	"platActiveSys":	"mb_design_wrapper",
	"systems":	[{
			"systemName":	"mb_design_wrapper",
			"systemDesc":	"mb_design_wrapper",
			"sysIsBootAutoGen":	"true",
			"systemDispName":	"mb_design_wrapper",
			"sysActiveDom":	"standalone_domain",
			"sysDefaultDom":	"standalone_domain",
			"domains":	[{
					"domainName":	"standalone_domain",
					"domainDispName":	"standalone on microblaze_0",
					"domainDesc":	"standalone_domain",
					"processors":	"microblaze_0",
					"os":	"standalone",
					"sdxOs":	"standalone",
					"debugEnable":	"False",
					"domRuntimes":	["cpp"],
					"swRepo":	"",
					"mssOsVer":	"7.1",
					"mssFile":	"",
					"md5Digest":	"f17e3db68fbe08d61a3da00541af2aa1",
					"compatibleApp":	"hello_world",
					"domType":	"mssDomain",
					"arch":	"32-bit",
					"appSettings":	{
						"appCompilerFlags":	"",
						"appLinkerFlags":	""
					},
					"addedLibs":	[],
					"libOptions":	{
						"libsContainingOptions":	[]
					},
					"prebuiltLibs":	{
						"prebuiltIncPath":	[],
						"prebuiltLibPath":	[]
					},
					"isolation":	{
					}
				}]
		}]
}
KEYINFO::2020-07-12.00:04:35::SCWPlatform::updated the xpfm file.
TRACE::2020-07-12.00:04:35::SCWPlatform::Trying to open the hw design at D:/Files/ECBEncoder/ECBEncoder/dma_sof/mb_design_wrapper/hw/mb_design_wrapper.xsa
TRACE::2020-07-12.00:04:35::SCWPlatform::DSA given D:/Files/ECBEncoder/ECBEncoder/dma_sof/mb_design_wrapper/hw/mb_design_wrapper.xsa
TRACE::2020-07-12.00:04:35::SCWPlatform::DSA absoulate path D:/Files/ECBEncoder/ECBEncoder/dma_sof/mb_design_wrapper/hw/mb_design_wrapper.xsa
TRACE::2020-07-12.00:04:35::SCWPlatform::DSA directory D:/Files/ECBEncoder/ECBEncoder/dma_sof/mb_design_wrapper/hw
TRACE::2020-07-12.00:04:35::SCWPlatform:: Platform Path D:/Files/ECBEncoder/ECBEncoder/dma_sof/mb_design_wrapper/hw/mb_design_wrapper.xsa
TRACE::2020-07-12.00:04:35::SCWPlatform:: Unique name xilinx:nexys4::0.0
TRACE::2020-07-12.00:04:35::SCWPlatform::Trying to set the existing hwdb with name mb_design_wrapper_0
TRACE::2020-07-12.00:04:35::SCWPlatform::Opened existing hwdb mb_design_wrapper_0
TRACE::2020-07-12.00:04:35::SCWPlatform::Found the Hw Db part of the input DSA
TRACE::2020-07-12.00:04:35::SCWMssOS::Checking the sw design at  D:/Files/ECBEncoder/ECBEncoder/dma_sof/mb_design_wrapper/microblaze_0/standalone_domain/bsp/system.mss
TRACE::2020-07-12.00:04:35::SCWMssOS::DEBUG:  swdes dump  D:/Files/ECBEncoder/ECBEncoder/dma_sof/mb_design_wrapper/microblaze_0/standalone_domain/bsp/system.mss|system||

TRACE::2020-07-12.00:04:35::SCWMssOS::Sw design exists and opened at  D:/Files/ECBEncoder/ECBEncoder/dma_sof/mb_design_wrapper/microblaze_0/standalone_domain/bsp/system.mss
