TRACE::2020-07-08.23:20:57::SCWPlatform::Trying to open the hw design at D:/Files/ECBEncoder/ECBEncoder/stream_sof/mb_design_wrapper/hw/mb_design_wrapper.xsa
TRACE::2020-07-08.23:20:57::SCWPlatform::DSA given D:/Files/ECBEncoder/ECBEncoder/stream_sof/mb_design_wrapper/hw/mb_design_wrapper.xsa
TRACE::2020-07-08.23:20:57::SCWPlatform::DSA absoulate path D:/Files/ECBEncoder/ECBEncoder/stream_sof/mb_design_wrapper/hw/mb_design_wrapper.xsa
TRACE::2020-07-08.23:21:00::SCWPlatform::DSA directory D:/Files/ECBEncoder/ECBEncoder/stream_sof/mb_design_wrapper/hw
TRACE::2020-07-08.23:21:00::SCWPlatform:: Platform Path D:/Files/ECBEncoder/ECBEncoder/stream_sof/mb_design_wrapper/hw/mb_design_wrapper.xsa
TRACE::2020-07-08.23:21:00::SCWPlatform:: Unique name xilinx:nexys4::0.0
TRACE::2020-07-08.23:21:00::SCWPlatform::Do not have an existing db opened. 
TRACE::2020-07-08.23:21:00::SCWPlatform::Opened new HwDB with name mb_design_wrapper_0
TRACE::2020-07-08.23:21:00::SCWWriter::formatted JSON is {
	"platformName":	"mb_design_wrapper",
	"sprVersion":	"2.0",
	"mode":	"gui",
	"dsaType":	"Fixed",
	"platformDesc":	"mb_design_wrapper",
	"platHandOff":	"D:/Files/ECBEncoder/ECBEncoder/stream/mb_design_wrapper.xsa",
	"platIntHandOff":	"<platformDir>/hw/mb_design_wrapper.xsa",
	"deviceType":	"FPGA",
	"platIsPrebuiltAutogen":	"false",
	"platIsNoBootBsp":	"false",
	"hasFsblMakeHasChanges":	"false",
	"hasPmufwMakeHasChanges":	"false",
	"platPreBuiltFlag":	false,
	"platformSamplesDir":	""
}
TRACE::2020-07-08.23:21:00::SCWWriter::formatted JSON is {
	"platformName":	"mb_design_wrapper",
	"sprVersion":	"2.0",
	"mode":	"gui",
	"dsaType":	"Fixed",
	"platformDesc":	"mb_design_wrapper",
	"platHandOff":	"D:/Files/ECBEncoder/ECBEncoder/stream/mb_design_wrapper.xsa",
	"platIntHandOff":	"<platformDir>/hw/mb_design_wrapper.xsa",
	"deviceType":	"FPGA",
	"platIsPrebuiltAutogen":	"false",
	"platIsNoBootBsp":	"false",
	"hasFsblMakeHasChanges":	"false",
	"hasPmufwMakeHasChanges":	"false",
	"platPreBuiltFlag":	false,
	"platformSamplesDir":	"",
	"platActiveSys":	"mb_design_wrapper",
	"systems":	[{
			"systemName":	"mb_design_wrapper",
			"systemDesc":	"mb_design_wrapper",
			"sysIsBootAutoGen":	"true",
			"systemDispName":	"mb_design_wrapper"
		}]
}
TRACE::2020-07-08.23:21:00::SCWPlatform::Boot application domains not present, creating them
TRACE::2020-07-08.23:21:00::SCWPlatform::Pure FPGA device, no boot application will be created.
TRACE::2020-07-08.23:21:00::SCWWriter::formatted JSON is {
	"platformName":	"mb_design_wrapper",
	"sprVersion":	"2.0",
	"mode":	"gui",
	"dsaType":	"Fixed",
	"platformDesc":	"mb_design_wrapper",
	"platHandOff":	"D:/Files/ECBEncoder/ECBEncoder/stream/mb_design_wrapper.xsa",
	"platIntHandOff":	"<platformDir>/hw/mb_design_wrapper.xsa",
	"deviceType":	"FPGA",
	"platIsPrebuiltAutogen":	"false",
	"platIsNoBootBsp":	"false",
	"hasFsblMakeHasChanges":	"false",
	"hasPmufwMakeHasChanges":	"false",
	"platPreBuiltFlag":	false,
	"platformSamplesDir":	"",
	"platActiveSys":	"mb_design_wrapper",
	"systems":	[{
			"systemName":	"mb_design_wrapper",
			"systemDesc":	"mb_design_wrapper",
			"sysIsBootAutoGen":	"true",
			"systemDispName":	"mb_design_wrapper"
		}]
}
TRACE::2020-07-08.23:21:00::SCWWriter::formatted JSON is {
	"platformName":	"mb_design_wrapper",
	"sprVersion":	"2.0",
	"mode":	"gui",
	"dsaType":	"Fixed",
	"platformDesc":	"mb_design_wrapper",
	"platHandOff":	"D:/Files/ECBEncoder/ECBEncoder/stream/mb_design_wrapper.xsa",
	"platIntHandOff":	"<platformDir>/hw/mb_design_wrapper.xsa",
	"deviceType":	"FPGA",
	"platIsPrebuiltAutogen":	"false",
	"platIsNoBootBsp":	"false",
	"hasFsblMakeHasChanges":	"false",
	"hasPmufwMakeHasChanges":	"false",
	"platPreBuiltFlag":	false,
	"platformSamplesDir":	"",
	"platActiveSys":	"mb_design_wrapper",
	"systems":	[{
			"systemName":	"mb_design_wrapper",
			"systemDesc":	"mb_design_wrapper",
			"sysIsBootAutoGen":	"true",
			"systemDispName":	"mb_design_wrapper"
		}]
}
TRACE::2020-07-08.23:21:00::SCWPlatform::Trying to open the hw design at D:/Files/ECBEncoder/ECBEncoder/stream_sof/mb_design_wrapper/hw/mb_design_wrapper.xsa
TRACE::2020-07-08.23:21:00::SCWPlatform::DSA given D:/Files/ECBEncoder/ECBEncoder/stream_sof/mb_design_wrapper/hw/mb_design_wrapper.xsa
TRACE::2020-07-08.23:21:00::SCWPlatform::DSA absoulate path D:/Files/ECBEncoder/ECBEncoder/stream_sof/mb_design_wrapper/hw/mb_design_wrapper.xsa
TRACE::2020-07-08.23:21:00::SCWPlatform::DSA directory D:/Files/ECBEncoder/ECBEncoder/stream_sof/mb_design_wrapper/hw
TRACE::2020-07-08.23:21:00::SCWPlatform:: Platform Path D:/Files/ECBEncoder/ECBEncoder/stream_sof/mb_design_wrapper/hw/mb_design_wrapper.xsa
TRACE::2020-07-08.23:21:00::SCWPlatform:: Unique name xilinx:nexys4::0.0
TRACE::2020-07-08.23:21:00::SCWPlatform::Trying to set the existing hwdb with name mb_design_wrapper_0
TRACE::2020-07-08.23:21:00::SCWPlatform::Opened existing hwdb mb_design_wrapper_0
TRACE::2020-07-08.23:21:00::SCWPlatform::Found the Hw Db part of the input DSA
TRACE::2020-07-08.23:21:00::SCWDomain::checking for install qemu data   : 
TRACE::2020-07-08.23:21:00::SCWPlatform::Trying to open the hw design at D:/Files/ECBEncoder/ECBEncoder/stream_sof/mb_design_wrapper/hw/mb_design_wrapper.xsa
TRACE::2020-07-08.23:21:00::SCWPlatform::DSA given D:/Files/ECBEncoder/ECBEncoder/stream_sof/mb_design_wrapper/hw/mb_design_wrapper.xsa
TRACE::2020-07-08.23:21:00::SCWPlatform::DSA absoulate path D:/Files/ECBEncoder/ECBEncoder/stream_sof/mb_design_wrapper/hw/mb_design_wrapper.xsa
TRACE::2020-07-08.23:21:00::SCWPlatform::DSA directory D:/Files/ECBEncoder/ECBEncoder/stream_sof/mb_design_wrapper/hw
TRACE::2020-07-08.23:21:00::SCWPlatform:: Platform Path D:/Files/ECBEncoder/ECBEncoder/stream_sof/mb_design_wrapper/hw/mb_design_wrapper.xsa
TRACE::2020-07-08.23:21:00::SCWPlatform:: Unique name xilinx:nexys4::0.0
TRACE::2020-07-08.23:21:00::SCWPlatform::Trying to set the existing hwdb with name mb_design_wrapper_0
TRACE::2020-07-08.23:21:00::SCWPlatform::Opened existing hwdb mb_design_wrapper_0
TRACE::2020-07-08.23:21:00::SCWPlatform::Found the Hw Db part of the input DSA
TRACE::2020-07-08.23:21:00::SCWPlatform::Trying to open the hw design at D:/Files/ECBEncoder/ECBEncoder/stream_sof/mb_design_wrapper/hw/mb_design_wrapper.xsa
TRACE::2020-07-08.23:21:00::SCWPlatform::DSA given D:/Files/ECBEncoder/ECBEncoder/stream_sof/mb_design_wrapper/hw/mb_design_wrapper.xsa
TRACE::2020-07-08.23:21:00::SCWPlatform::DSA absoulate path D:/Files/ECBEncoder/ECBEncoder/stream_sof/mb_design_wrapper/hw/mb_design_wrapper.xsa
TRACE::2020-07-08.23:21:00::SCWPlatform::DSA directory D:/Files/ECBEncoder/ECBEncoder/stream_sof/mb_design_wrapper/hw
TRACE::2020-07-08.23:21:00::SCWPlatform:: Platform Path D:/Files/ECBEncoder/ECBEncoder/stream_sof/mb_design_wrapper/hw/mb_design_wrapper.xsa
TRACE::2020-07-08.23:21:00::SCWPlatform:: Unique name xilinx:nexys4::0.0
TRACE::2020-07-08.23:21:00::SCWPlatform::Trying to set the existing hwdb with name mb_design_wrapper_0
TRACE::2020-07-08.23:21:00::SCWPlatform::Opened existing hwdb mb_design_wrapper_0
TRACE::2020-07-08.23:21:00::SCWPlatform::Found the Hw Db part of the input DSA
TRACE::2020-07-08.23:21:00::SCWMssOS::Checking the sw design at  D:/Files/ECBEncoder/ECBEncoder/stream_sof/mb_design_wrapper/microblaze_0/standalone_domain/bsp/system.mss
TRACE::2020-07-08.23:21:00::SCWMssOS::DEBUG:  swdes dump  
TRACE::2020-07-08.23:21:00::SCWMssOS::No sw design opened at  D:/Files/ECBEncoder/ECBEncoder/stream_sof/mb_design_wrapper/microblaze_0/standalone_domain/bsp/system.mss
TRACE::2020-07-08.23:21:00::SCWMssOS::mss does not exists at D:/Files/ECBEncoder/ECBEncoder/stream_sof/mb_design_wrapper/microblaze_0/standalone_domain/bsp/system.mss
TRACE::2020-07-08.23:21:00::SCWMssOS::Creating sw design at  D:/Files/ECBEncoder/ECBEncoder/stream_sof/mb_design_wrapper/microblaze_0/standalone_domain/bsp/system.mss
TRACE::2020-07-08.23:21:00::SCWMssOS::Adding the swdes entry, created swdb D:/Files/ECBEncoder/ECBEncoder/stream_sof/mb_design_wrapper/microblaze_0/standalone_domain/bsp/system.mss with des name D:/Files/ECBEncoder/ECBEncoder/stream_sof/mb_design_wrapper/microblaze_0/standalone_domain/bsp/system.mss
TRACE::2020-07-08.23:21:00::SCWMssOS::updating the scw layer changes to swdes at   D:/Files/ECBEncoder/ECBEncoder/stream_sof/mb_design_wrapper/microblaze_0/standalone_domain/bsp/system.mss
TRACE::2020-07-08.23:21:00::SCWMssOS::Writing mss at D:/Files/ECBEncoder/ECBEncoder/stream_sof/mb_design_wrapper/microblaze_0/standalone_domain/bsp/system.mss
TRACE::2020-07-08.23:21:00::SCWMssOS::Completed writing the mss file at D:/Files/ECBEncoder/ECBEncoder/stream_sof/mb_design_wrapper/microblaze_0/standalone_domain/bsp
TRACE::2020-07-08.23:21:00::SCWMssOS::Picking up changes from newly written mss file into SCW Layer. 
TRACE::2020-07-08.23:21:00::SCWMssOS::Updated the changes from newly written mss file into SCW Layer. 
TRACE::2020-07-08.23:21:00::SCWPlatform::Trying to open the hw design at D:/Files/ECBEncoder/ECBEncoder/stream_sof/mb_design_wrapper/hw/mb_design_wrapper.xsa
TRACE::2020-07-08.23:21:00::SCWPlatform::DSA given D:/Files/ECBEncoder/ECBEncoder/stream_sof/mb_design_wrapper/hw/mb_design_wrapper.xsa
TRACE::2020-07-08.23:21:00::SCWPlatform::DSA absoulate path D:/Files/ECBEncoder/ECBEncoder/stream_sof/mb_design_wrapper/hw/mb_design_wrapper.xsa
TRACE::2020-07-08.23:21:00::SCWPlatform::DSA directory D:/Files/ECBEncoder/ECBEncoder/stream_sof/mb_design_wrapper/hw
TRACE::2020-07-08.23:21:00::SCWPlatform:: Platform Path D:/Files/ECBEncoder/ECBEncoder/stream_sof/mb_design_wrapper/hw/mb_design_wrapper.xsa
TRACE::2020-07-08.23:21:00::SCWPlatform:: Unique name xilinx:nexys4::0.0
TRACE::2020-07-08.23:21:00::SCWPlatform::Trying to set the existing hwdb with name mb_design_wrapper_0
TRACE::2020-07-08.23:21:00::SCWPlatform::Opened existing hwdb mb_design_wrapper_0
TRACE::2020-07-08.23:21:00::SCWPlatform::Found the Hw Db part of the input DSA
TRACE::2020-07-08.23:21:00::SCWMssOS::Checking the sw design at  D:/Files/ECBEncoder/ECBEncoder/stream_sof/mb_design_wrapper/microblaze_0/standalone_domain/bsp/system.mss
TRACE::2020-07-08.23:21:00::SCWMssOS::DEBUG:  swdes dump  D:/Files/ECBEncoder/ECBEncoder/stream_sof/mb_design_wrapper/microblaze_0/standalone_domain/bsp/system.mss|D:/Files/ECBEncoder/ECBEncoder/stream_sof/mb_design_wrapper/microblaze_0/standalone_domain/bsp/system.mss||

TRACE::2020-07-08.23:21:00::SCWMssOS::Sw design exists and opened at  D:/Files/ECBEncoder/ECBEncoder/stream_sof/mb_design_wrapper/microblaze_0/standalone_domain/bsp/system.mss
TRACE::2020-07-08.23:21:00::SCWPlatform::Trying to open the hw design at D:/Files/ECBEncoder/ECBEncoder/stream_sof/mb_design_wrapper/hw/mb_design_wrapper.xsa
TRACE::2020-07-08.23:21:00::SCWPlatform::DSA given D:/Files/ECBEncoder/ECBEncoder/stream_sof/mb_design_wrapper/hw/mb_design_wrapper.xsa
TRACE::2020-07-08.23:21:00::SCWPlatform::DSA absoulate path D:/Files/ECBEncoder/ECBEncoder/stream_sof/mb_design_wrapper/hw/mb_design_wrapper.xsa
TRACE::2020-07-08.23:21:00::SCWPlatform::DSA directory D:/Files/ECBEncoder/ECBEncoder/stream_sof/mb_design_wrapper/hw
TRACE::2020-07-08.23:21:00::SCWPlatform:: Platform Path D:/Files/ECBEncoder/ECBEncoder/stream_sof/mb_design_wrapper/hw/mb_design_wrapper.xsa
TRACE::2020-07-08.23:21:00::SCWPlatform:: Unique name xilinx:nexys4::0.0
TRACE::2020-07-08.23:21:00::SCWPlatform::Trying to set the existing hwdb with name mb_design_wrapper_0
TRACE::2020-07-08.23:21:00::SCWPlatform::Opened existing hwdb mb_design_wrapper_0
TRACE::2020-07-08.23:21:00::SCWPlatform::Found the Hw Db part of the input DSA
TRACE::2020-07-08.23:21:00::SCWMssOS::Checking the sw design at  D:/Files/ECBEncoder/ECBEncoder/stream_sof/mb_design_wrapper/microblaze_0/standalone_domain/bsp/system.mss
TRACE::2020-07-08.23:21:00::SCWMssOS::DEBUG:  swdes dump  D:/Files/ECBEncoder/ECBEncoder/stream_sof/mb_design_wrapper/microblaze_0/standalone_domain/bsp/system.mss|D:/Files/ECBEncoder/ECBEncoder/stream_sof/mb_design_wrapper/microblaze_0/standalone_domain/bsp/system.mss||

TRACE::2020-07-08.23:21:00::SCWMssOS::Sw design exists and opened at  D:/Files/ECBEncoder/ECBEncoder/stream_sof/mb_design_wrapper/microblaze_0/standalone_domain/bsp/system.mss
TRACE::2020-07-08.23:21:00::SCWPlatform::Trying to open the hw design at D:/Files/ECBEncoder/ECBEncoder/stream_sof/mb_design_wrapper/hw/mb_design_wrapper.xsa
TRACE::2020-07-08.23:21:00::SCWPlatform::DSA given D:/Files/ECBEncoder/ECBEncoder/stream_sof/mb_design_wrapper/hw/mb_design_wrapper.xsa
TRACE::2020-07-08.23:21:00::SCWPlatform::DSA absoulate path D:/Files/ECBEncoder/ECBEncoder/stream_sof/mb_design_wrapper/hw/mb_design_wrapper.xsa
TRACE::2020-07-08.23:21:00::SCWPlatform::DSA directory D:/Files/ECBEncoder/ECBEncoder/stream_sof/mb_design_wrapper/hw
TRACE::2020-07-08.23:21:00::SCWPlatform:: Platform Path D:/Files/ECBEncoder/ECBEncoder/stream_sof/mb_design_wrapper/hw/mb_design_wrapper.xsa
TRACE::2020-07-08.23:21:00::SCWPlatform:: Unique name xilinx:nexys4::0.0
TRACE::2020-07-08.23:21:00::SCWPlatform::Trying to set the existing hwdb with name mb_design_wrapper_0
TRACE::2020-07-08.23:21:00::SCWPlatform::Opened existing hwdb mb_design_wrapper_0
TRACE::2020-07-08.23:21:00::SCWPlatform::Found the Hw Db part of the input DSA
TRACE::2020-07-08.23:21:00::SCWMssOS::Checking the sw design at  D:/Files/ECBEncoder/ECBEncoder/stream_sof/mb_design_wrapper/microblaze_0/standalone_domain/bsp/system.mss
TRACE::2020-07-08.23:21:00::SCWMssOS::DEBUG:  swdes dump  D:/Files/ECBEncoder/ECBEncoder/stream_sof/mb_design_wrapper/microblaze_0/standalone_domain/bsp/system.mss|D:/Files/ECBEncoder/ECBEncoder/stream_sof/mb_design_wrapper/microblaze_0/standalone_domain/bsp/system.mss||

TRACE::2020-07-08.23:21:00::SCWMssOS::Sw design exists and opened at  D:/Files/ECBEncoder/ECBEncoder/stream_sof/mb_design_wrapper/microblaze_0/standalone_domain/bsp/system.mss
TRACE::2020-07-08.23:21:00::SCWWriter::formatted JSON is {
	"platformName":	"mb_design_wrapper",
	"sprVersion":	"2.0",
	"mode":	"gui",
	"dsaType":	"Fixed",
	"platformDesc":	"mb_design_wrapper",
	"platHandOff":	"D:/Files/ECBEncoder/ECBEncoder/stream/mb_design_wrapper.xsa",
	"platIntHandOff":	"<platformDir>/hw/mb_design_wrapper.xsa",
	"deviceType":	"FPGA",
	"platIsPrebuiltAutogen":	"false",
	"platIsNoBootBsp":	"false",
	"hasFsblMakeHasChanges":	"false",
	"hasPmufwMakeHasChanges":	"false",
	"platPreBuiltFlag":	false,
	"platformSamplesDir":	"",
	"platActiveSys":	"mb_design_wrapper",
	"systems":	[{
			"systemName":	"mb_design_wrapper",
			"systemDesc":	"mb_design_wrapper",
			"sysIsBootAutoGen":	"true",
			"systemDispName":	"mb_design_wrapper",
			"sysActiveDom":	"standalone_domain",
			"sysDefaultDom":	"standalone_domain",
			"domains":	[{
					"domainName":	"standalone_domain",
					"domainDispName":	"standalone on microblaze_0",
					"domainDesc":	"standalone_domain",
					"processors":	"microblaze_0",
					"os":	"standalone",
					"sdxOs":	"standalone",
					"debugEnable":	"False",
					"domRuntimes":	["cpp"],
					"swRepo":	"",
					"mssOsVer":	"7.1",
					"mssFile":	"",
					"md5Digest":	"",
					"compatibleApp":	"hello_world",
					"domType":	"mssDomain",
					"arch":	"32-bit",
					"appSettings":	{
						"appCompilerFlags":	"",
						"appLinkerFlags":	""
					},
					"addedLibs":	[],
					"libOptions":	{
						"libsContainingOptions":	[]
					},
					"prebuiltLibs":	{
						"prebuiltIncPath":	[],
						"prebuiltLibPath":	[]
					},
					"isolation":	{
					}
				}]
		}]
}
TRACE::2020-07-08.23:21:00::SCWPlatform::Trying to open the hw design at D:/Files/ECBEncoder/ECBEncoder/stream_sof/mb_design_wrapper/hw/mb_design_wrapper.xsa
TRACE::2020-07-08.23:21:00::SCWPlatform::DSA given D:/Files/ECBEncoder/ECBEncoder/stream_sof/mb_design_wrapper/hw/mb_design_wrapper.xsa
TRACE::2020-07-08.23:21:00::SCWPlatform::DSA absoulate path D:/Files/ECBEncoder/ECBEncoder/stream_sof/mb_design_wrapper/hw/mb_design_wrapper.xsa
TRACE::2020-07-08.23:21:00::SCWPlatform::DSA directory D:/Files/ECBEncoder/ECBEncoder/stream_sof/mb_design_wrapper/hw
TRACE::2020-07-08.23:21:00::SCWPlatform:: Platform Path D:/Files/ECBEncoder/ECBEncoder/stream_sof/mb_design_wrapper/hw/mb_design_wrapper.xsa
TRACE::2020-07-08.23:21:00::SCWPlatform:: Unique name xilinx:nexys4::0.0
TRACE::2020-07-08.23:21:00::SCWPlatform::Trying to set the existing hwdb with name mb_design_wrapper_0
TRACE::2020-07-08.23:21:00::SCWPlatform::Opened existing hwdb mb_design_wrapper_0
TRACE::2020-07-08.23:21:00::SCWPlatform::Found the Hw Db part of the input DSA
TRACE::2020-07-08.23:21:00::SCWMssOS::Checking the sw design at  D:/Files/ECBEncoder/ECBEncoder/stream_sof/mb_design_wrapper/microblaze_0/standalone_domain/bsp/system.mss
TRACE::2020-07-08.23:21:00::SCWMssOS::DEBUG:  swdes dump  D:/Files/ECBEncoder/ECBEncoder/stream_sof/mb_design_wrapper/microblaze_0/standalone_domain/bsp/system.mss|D:/Files/ECBEncoder/ECBEncoder/stream_sof/mb_design_wrapper/microblaze_0/standalone_domain/bsp/system.mss||

TRACE::2020-07-08.23:21:00::SCWMssOS::Sw design exists and opened at  D:/Files/ECBEncoder/ECBEncoder/stream_sof/mb_design_wrapper/microblaze_0/standalone_domain/bsp/system.mss
TRACE::2020-07-08.23:21:00::SCWMssOS::Completed writing the mss file at D:/Files/ECBEncoder/ECBEncoder/stream_sof/mb_design_wrapper/microblaze_0/standalone_domain/bsp
TRACE::2020-07-08.23:21:00::SCWMssOS::Forcing BSP Sources regeneration.
LOG::2020-07-08.23:21:01::SCWPlatform::Started generating the artifacts platform mb_design_wrapper
TRACE::2020-07-08.23:21:01::SCWPlatform::Sanity checking of platform is completed
LOG::2020-07-08.23:21:01::SCWPlatform::Started generating the artifacts for system configuration mb_design_wrapper
LOG::2020-07-08.23:21:01::SCWSystem::Checking the domain standalone_domain
LOG::2020-07-08.23:21:01::SCWSystem::Not a boot domain 
LOG::2020-07-08.23:21:01::SCWSystem::Started Processing the domain standalone_domain
TRACE::2020-07-08.23:21:01::SCWDomain::Generating domain artifcats
TRACE::2020-07-08.23:21:01::SCWMssOS::Generating standalone artifcats
TRACE::2020-07-08.23:21:01::SCWMssOS:: Copying the user libraries. 
TRACE::2020-07-08.23:21:01::SCWPlatform::Trying to open the hw design at D:/Files/ECBEncoder/ECBEncoder/stream_sof/mb_design_wrapper/hw/mb_design_wrapper.xsa
TRACE::2020-07-08.23:21:01::SCWPlatform::DSA given D:/Files/ECBEncoder/ECBEncoder/stream_sof/mb_design_wrapper/hw/mb_design_wrapper.xsa
TRACE::2020-07-08.23:21:01::SCWPlatform::DSA absoulate path D:/Files/ECBEncoder/ECBEncoder/stream_sof/mb_design_wrapper/hw/mb_design_wrapper.xsa
TRACE::2020-07-08.23:21:01::SCWPlatform::DSA directory D:/Files/ECBEncoder/ECBEncoder/stream_sof/mb_design_wrapper/hw
TRACE::2020-07-08.23:21:01::SCWPlatform:: Platform Path D:/Files/ECBEncoder/ECBEncoder/stream_sof/mb_design_wrapper/hw/mb_design_wrapper.xsa
TRACE::2020-07-08.23:21:01::SCWPlatform:: Unique name xilinx:nexys4::0.0
TRACE::2020-07-08.23:21:01::SCWPlatform::Trying to set the existing hwdb with name mb_design_wrapper_0
TRACE::2020-07-08.23:21:01::SCWPlatform::Opened existing hwdb mb_design_wrapper_0
TRACE::2020-07-08.23:21:01::SCWPlatform::Found the Hw Db part of the input DSA
TRACE::2020-07-08.23:21:01::SCWMssOS::Checking the sw design at  D:/Files/ECBEncoder/ECBEncoder/stream_sof/mb_design_wrapper/microblaze_0/standalone_domain/bsp/system.mss
TRACE::2020-07-08.23:21:01::SCWMssOS::DEBUG:  swdes dump  D:/Files/ECBEncoder/ECBEncoder/stream_sof/mb_design_wrapper/microblaze_0/standalone_domain/bsp/system.mss|D:/Files/ECBEncoder/ECBEncoder/stream_sof/mb_design_wrapper/microblaze_0/standalone_domain/bsp/system.mss||

KEYINFO::2020-07-08.23:21:01::SCWMssOS::Could not open the swdb for D:/Files/ECBEncoder/ECBEncoder/stream_sof/mb_design_wrapper/microblaze_0/standalone_domain/bsp/system.mss
KEYINFO::2020-07-08.23:21:01::SCWMssOS::Could not open the sw design at  D:/Files/ECBEncoder/ECBEncoder/stream_sof/mb_design_wrapper/microblaze_0/standalone_domain/bsp/system.mss
ERROR: [Hsi 55-1558] Software Design D:/Files/ECBEncoder/ECBEncoder/stream_sof/mb_design_wrapper/microblaze_0/standalone_domain/bsp/system.mss is not found

TRACE::2020-07-08.23:21:01::SCWMssOS::Cleared the swdb table entry
TRACE::2020-07-08.23:21:01::SCWMssOS::No sw design opened at  D:/Files/ECBEncoder/ECBEncoder/stream_sof/mb_design_wrapper/microblaze_0/standalone_domain/bsp/system.mss
TRACE::2020-07-08.23:21:01::SCWMssOS::mss exists loading the mss file  D:/Files/ECBEncoder/ECBEncoder/stream_sof/mb_design_wrapper/microblaze_0/standalone_domain/bsp/system.mss
TRACE::2020-07-08.23:21:01::SCWMssOS::Opened the sw design from mss  D:/Files/ECBEncoder/ECBEncoder/stream_sof/mb_design_wrapper/microblaze_0/standalone_domain/bsp/system.mss
TRACE::2020-07-08.23:21:01::SCWMssOS::Adding the swdes entry D:/Files/ECBEncoder/ECBEncoder/stream_sof/mb_design_wrapper/microblaze_0/standalone_domain/bsp/system.mss with des name system
TRACE::2020-07-08.23:21:01::SCWMssOS::updating the scw layer about changes
TRACE::2020-07-08.23:21:01::SCWMssOS::Opened the sw design.  D:/Files/ECBEncoder/ECBEncoder/stream_sof/mb_design_wrapper/microblaze_0/standalone_domain/bsp/system.mss
TRACE::2020-07-08.23:21:01::SCWMssOS::Completed writing the mss file at D:/Files/ECBEncoder/ECBEncoder/stream_sof/mb_design_wrapper/microblaze_0/standalone_domain/bsp
TRACE::2020-07-08.23:21:01::SCWMssOS::Mss edits present, copying mssfile into export location D:/Files/ECBEncoder/ECBEncoder/stream_sof/mb_design_wrapper/microblaze_0/standalone_domain/bsp/system.mss
TRACE::2020-07-08.23:21:01::SCWMssOS::bsp generated is upto date with the mss file. Skipping bsp generation.
TRACE::2020-07-08.23:21:01::SCWMssOS::BSP is already built. skipping the bsp build ... 
TRACE::2020-07-08.23:21:01::SCWDomain::Skipping the build for domain :  standalone_domain
TRACE::2020-07-08.23:21:01::SCWMssOS::skipping the bsp build ... 
TRACE::2020-07-08.23:21:01::SCWMssOS::Copying to export directory.
TRACE::2020-07-08.23:21:01::SCWMssOS:: Checking if to create the Supporting Applications
TRACE::2020-07-08.23:21:01::SCWMssOS:: No Linux domain exists, trying to generate FSBL 
LOG::2020-07-08.23:21:01::SCWSystem::Completed Processing the domain standalone_domain
LOG::2020-07-08.23:21:01::SCWSystem::Completed Processing the sysconfig mb_design_wrapper
LOG::2020-07-08.23:21:01::SCWPlatform::Completed generating the artifacts for system configuration mb_design_wrapper
TRACE::2020-07-08.23:21:01::SCWPlatform::Started preparing the platform 
TRACE::2020-07-08.23:21:01::SCWSystem::Writing the bif file for system config mb_design_wrapper
TRACE::2020-07-08.23:21:01::SCWSystem::dir created 
TRACE::2020-07-08.23:21:01::SCWSystem::Writing the bif 
TRACE::2020-07-08.23:21:01::SCWPlatform::Started writing the spfm file 
TRACE::2020-07-08.23:21:01::SCWPlatform::Started writing the xpfm file 
TRACE::2020-07-08.23:21:01::SCWPlatform::Completed generating the platform
TRACE::2020-07-08.23:21:01::SCWPlatform::Trying to open the hw design at D:/Files/ECBEncoder/ECBEncoder/stream_sof/mb_design_wrapper/hw/mb_design_wrapper.xsa
TRACE::2020-07-08.23:21:01::SCWPlatform::DSA given D:/Files/ECBEncoder/ECBEncoder/stream_sof/mb_design_wrapper/hw/mb_design_wrapper.xsa
TRACE::2020-07-08.23:21:01::SCWPlatform::DSA absoulate path D:/Files/ECBEncoder/ECBEncoder/stream_sof/mb_design_wrapper/hw/mb_design_wrapper.xsa
TRACE::2020-07-08.23:21:01::SCWPlatform::DSA directory D:/Files/ECBEncoder/ECBEncoder/stream_sof/mb_design_wrapper/hw
TRACE::2020-07-08.23:21:01::SCWPlatform:: Platform Path D:/Files/ECBEncoder/ECBEncoder/stream_sof/mb_design_wrapper/hw/mb_design_wrapper.xsa
TRACE::2020-07-08.23:21:01::SCWPlatform:: Unique name xilinx:nexys4::0.0
TRACE::2020-07-08.23:21:01::SCWPlatform::Trying to set the existing hwdb with name mb_design_wrapper_0
TRACE::2020-07-08.23:21:01::SCWPlatform::Opened existing hwdb mb_design_wrapper_0
TRACE::2020-07-08.23:21:01::SCWPlatform::Found the Hw Db part of the input DSA
TRACE::2020-07-08.23:21:01::SCWMssOS::Checking the sw design at  D:/Files/ECBEncoder/ECBEncoder/stream_sof/mb_design_wrapper/microblaze_0/standalone_domain/bsp/system.mss
TRACE::2020-07-08.23:21:01::SCWMssOS::DEBUG:  swdes dump  D:/Files/ECBEncoder/ECBEncoder/stream_sof/mb_design_wrapper/microblaze_0/standalone_domain/bsp/system.mss|system||

TRACE::2020-07-08.23:21:01::SCWMssOS::Sw design exists and opened at  D:/Files/ECBEncoder/ECBEncoder/stream_sof/mb_design_wrapper/microblaze_0/standalone_domain/bsp/system.mss
TRACE::2020-07-08.23:21:01::SCWPlatform::Trying to open the hw design at D:/Files/ECBEncoder/ECBEncoder/stream_sof/mb_design_wrapper/hw/mb_design_wrapper.xsa
TRACE::2020-07-08.23:21:01::SCWPlatform::DSA given D:/Files/ECBEncoder/ECBEncoder/stream_sof/mb_design_wrapper/hw/mb_design_wrapper.xsa
TRACE::2020-07-08.23:21:01::SCWPlatform::DSA absoulate path D:/Files/ECBEncoder/ECBEncoder/stream_sof/mb_design_wrapper/hw/mb_design_wrapper.xsa
TRACE::2020-07-08.23:21:01::SCWPlatform::DSA directory D:/Files/ECBEncoder/ECBEncoder/stream_sof/mb_design_wrapper/hw
TRACE::2020-07-08.23:21:01::SCWPlatform:: Platform Path D:/Files/ECBEncoder/ECBEncoder/stream_sof/mb_design_wrapper/hw/mb_design_wrapper.xsa
TRACE::2020-07-08.23:21:01::SCWPlatform:: Unique name xilinx:nexys4::0.0
TRACE::2020-07-08.23:21:01::SCWPlatform::Trying to set the existing hwdb with name mb_design_wrapper_0
TRACE::2020-07-08.23:21:01::SCWPlatform::Opened existing hwdb mb_design_wrapper_0
TRACE::2020-07-08.23:21:01::SCWPlatform::Found the Hw Db part of the input DSA
TRACE::2020-07-08.23:21:01::SCWMssOS::Checking the sw design at  D:/Files/ECBEncoder/ECBEncoder/stream_sof/mb_design_wrapper/microblaze_0/standalone_domain/bsp/system.mss
TRACE::2020-07-08.23:21:01::SCWMssOS::DEBUG:  swdes dump  D:/Files/ECBEncoder/ECBEncoder/stream_sof/mb_design_wrapper/microblaze_0/standalone_domain/bsp/system.mss|system||

TRACE::2020-07-08.23:21:01::SCWMssOS::Sw design exists and opened at  D:/Files/ECBEncoder/ECBEncoder/stream_sof/mb_design_wrapper/microblaze_0/standalone_domain/bsp/system.mss
TRACE::2020-07-08.23:21:01::SCWPlatform::Trying to open the hw design at D:/Files/ECBEncoder/ECBEncoder/stream_sof/mb_design_wrapper/hw/mb_design_wrapper.xsa
TRACE::2020-07-08.23:21:01::SCWPlatform::DSA given D:/Files/ECBEncoder/ECBEncoder/stream_sof/mb_design_wrapper/hw/mb_design_wrapper.xsa
TRACE::2020-07-08.23:21:01::SCWPlatform::DSA absoulate path D:/Files/ECBEncoder/ECBEncoder/stream_sof/mb_design_wrapper/hw/mb_design_wrapper.xsa
TRACE::2020-07-08.23:21:01::SCWPlatform::DSA directory D:/Files/ECBEncoder/ECBEncoder/stream_sof/mb_design_wrapper/hw
TRACE::2020-07-08.23:21:01::SCWPlatform:: Platform Path D:/Files/ECBEncoder/ECBEncoder/stream_sof/mb_design_wrapper/hw/mb_design_wrapper.xsa
TRACE::2020-07-08.23:21:01::SCWPlatform:: Unique name xilinx:nexys4::0.0
TRACE::2020-07-08.23:21:01::SCWPlatform::Trying to set the existing hwdb with name mb_design_wrapper_0
TRACE::2020-07-08.23:21:01::SCWPlatform::Opened existing hwdb mb_design_wrapper_0
TRACE::2020-07-08.23:21:01::SCWPlatform::Found the Hw Db part of the input DSA
TRACE::2020-07-08.23:21:01::SCWMssOS::Checking the sw design at  D:/Files/ECBEncoder/ECBEncoder/stream_sof/mb_design_wrapper/microblaze_0/standalone_domain/bsp/system.mss
TRACE::2020-07-08.23:21:01::SCWMssOS::DEBUG:  swdes dump  D:/Files/ECBEncoder/ECBEncoder/stream_sof/mb_design_wrapper/microblaze_0/standalone_domain/bsp/system.mss|system||

TRACE::2020-07-08.23:21:01::SCWMssOS::Sw design exists and opened at  D:/Files/ECBEncoder/ECBEncoder/stream_sof/mb_design_wrapper/microblaze_0/standalone_domain/bsp/system.mss
TRACE::2020-07-08.23:21:01::SCWWriter::formatted JSON is {
	"platformName":	"mb_design_wrapper",
	"sprVersion":	"2.0",
	"mode":	"gui",
	"dsaType":	"Fixed",
	"platformDesc":	"mb_design_wrapper",
	"platHandOff":	"D:/Files/ECBEncoder/ECBEncoder/stream/mb_design_wrapper.xsa",
	"platIntHandOff":	"<platformDir>/hw/mb_design_wrapper.xsa",
	"deviceType":	"FPGA",
	"platIsPrebuiltAutogen":	"false",
	"platIsNoBootBsp":	"false",
	"hasFsblMakeHasChanges":	"false",
	"hasPmufwMakeHasChanges":	"false",
	"platPreBuiltFlag":	false,
	"platformSamplesDir":	"",
	"platActiveSys":	"mb_design_wrapper",
	"systems":	[{
			"systemName":	"mb_design_wrapper",
			"systemDesc":	"mb_design_wrapper",
			"sysIsBootAutoGen":	"true",
			"systemDispName":	"mb_design_wrapper",
			"sysActiveDom":	"standalone_domain",
			"sysDefaultDom":	"standalone_domain",
			"domains":	[{
					"domainName":	"standalone_domain",
					"domainDispName":	"standalone on microblaze_0",
					"domainDesc":	"standalone_domain",
					"processors":	"microblaze_0",
					"os":	"standalone",
					"sdxOs":	"standalone",
					"debugEnable":	"False",
					"domRuntimes":	["cpp"],
					"swRepo":	"",
					"mssOsVer":	"7.1",
					"mssFile":	"",
					"md5Digest":	"7187d7fb79f1a7c29f73d5b8aa768dce",
					"compatibleApp":	"hello_world",
					"domType":	"mssDomain",
					"arch":	"32-bit",
					"appSettings":	{
						"appCompilerFlags":	"",
						"appLinkerFlags":	""
					},
					"addedLibs":	[],
					"libOptions":	{
						"libsContainingOptions":	[]
					},
					"prebuiltLibs":	{
						"prebuiltIncPath":	[],
						"prebuiltLibPath":	[]
					},
					"isolation":	{
					}
				}]
		}]
}
KEYINFO::2020-07-08.23:21:01::SCWPlatform::updated the xpfm file.
TRACE::2020-07-08.23:21:01::SCWPlatform::Trying to open the hw design at D:/Files/ECBEncoder/ECBEncoder/stream_sof/mb_design_wrapper/hw/mb_design_wrapper.xsa
TRACE::2020-07-08.23:21:01::SCWPlatform::DSA given D:/Files/ECBEncoder/ECBEncoder/stream_sof/mb_design_wrapper/hw/mb_design_wrapper.xsa
TRACE::2020-07-08.23:21:01::SCWPlatform::DSA absoulate path D:/Files/ECBEncoder/ECBEncoder/stream_sof/mb_design_wrapper/hw/mb_design_wrapper.xsa
TRACE::2020-07-08.23:21:01::SCWPlatform::DSA directory D:/Files/ECBEncoder/ECBEncoder/stream_sof/mb_design_wrapper/hw
TRACE::2020-07-08.23:21:01::SCWPlatform:: Platform Path D:/Files/ECBEncoder/ECBEncoder/stream_sof/mb_design_wrapper/hw/mb_design_wrapper.xsa
TRACE::2020-07-08.23:21:01::SCWPlatform:: Unique name xilinx:nexys4::0.0
TRACE::2020-07-08.23:21:01::SCWPlatform::Trying to set the existing hwdb with name mb_design_wrapper_0
TRACE::2020-07-08.23:21:01::SCWPlatform::Opened existing hwdb mb_design_wrapper_0
TRACE::2020-07-08.23:21:01::SCWPlatform::Found the Hw Db part of the input DSA
TRACE::2020-07-08.23:21:01::SCWMssOS::Checking the sw design at  D:/Files/ECBEncoder/ECBEncoder/stream_sof/mb_design_wrapper/microblaze_0/standalone_domain/bsp/system.mss
TRACE::2020-07-08.23:21:01::SCWMssOS::DEBUG:  swdes dump  D:/Files/ECBEncoder/ECBEncoder/stream_sof/mb_design_wrapper/microblaze_0/standalone_domain/bsp/system.mss|system||

TRACE::2020-07-08.23:21:01::SCWMssOS::Sw design exists and opened at  D:/Files/ECBEncoder/ECBEncoder/stream_sof/mb_design_wrapper/microblaze_0/standalone_domain/bsp/system.mss
TRACE::2020-07-08.23:21:01::SCWPlatform::Trying to open the hw design at D:/Files/ECBEncoder/ECBEncoder/stream_sof/mb_design_wrapper/hw/mb_design_wrapper.xsa
TRACE::2020-07-08.23:21:01::SCWPlatform::DSA given D:/Files/ECBEncoder/ECBEncoder/stream_sof/mb_design_wrapper/hw/mb_design_wrapper.xsa
TRACE::2020-07-08.23:21:01::SCWPlatform::DSA absoulate path D:/Files/ECBEncoder/ECBEncoder/stream_sof/mb_design_wrapper/hw/mb_design_wrapper.xsa
TRACE::2020-07-08.23:21:01::SCWPlatform::DSA directory D:/Files/ECBEncoder/ECBEncoder/stream_sof/mb_design_wrapper/hw
TRACE::2020-07-08.23:21:01::SCWPlatform:: Platform Path D:/Files/ECBEncoder/ECBEncoder/stream_sof/mb_design_wrapper/hw/mb_design_wrapper.xsa
TRACE::2020-07-08.23:21:01::SCWPlatform:: Unique name xilinx:nexys4::0.0
TRACE::2020-07-08.23:21:01::SCWPlatform::Trying to set the existing hwdb with name mb_design_wrapper_0
TRACE::2020-07-08.23:21:01::SCWPlatform::Opened existing hwdb mb_design_wrapper_0
TRACE::2020-07-08.23:21:01::SCWPlatform::Found the Hw Db part of the input DSA
TRACE::2020-07-08.23:21:01::SCWMssOS::Checking the sw design at  D:/Files/ECBEncoder/ECBEncoder/stream_sof/mb_design_wrapper/microblaze_0/standalone_domain/bsp/system.mss
TRACE::2020-07-08.23:21:01::SCWMssOS::DEBUG:  swdes dump  D:/Files/ECBEncoder/ECBEncoder/stream_sof/mb_design_wrapper/microblaze_0/standalone_domain/bsp/system.mss|system||

TRACE::2020-07-08.23:21:01::SCWMssOS::Sw design exists and opened at  D:/Files/ECBEncoder/ECBEncoder/stream_sof/mb_design_wrapper/microblaze_0/standalone_domain/bsp/system.mss
TRACE::2020-07-08.23:21:01::SCWPlatform::Trying to open the hw design at D:/Files/ECBEncoder/ECBEncoder/stream_sof/mb_design_wrapper/hw/mb_design_wrapper.xsa
TRACE::2020-07-08.23:21:01::SCWPlatform::DSA given D:/Files/ECBEncoder/ECBEncoder/stream_sof/mb_design_wrapper/hw/mb_design_wrapper.xsa
TRACE::2020-07-08.23:21:01::SCWPlatform::DSA absoulate path D:/Files/ECBEncoder/ECBEncoder/stream_sof/mb_design_wrapper/hw/mb_design_wrapper.xsa
TRACE::2020-07-08.23:21:01::SCWPlatform::DSA directory D:/Files/ECBEncoder/ECBEncoder/stream_sof/mb_design_wrapper/hw
TRACE::2020-07-08.23:21:01::SCWPlatform:: Platform Path D:/Files/ECBEncoder/ECBEncoder/stream_sof/mb_design_wrapper/hw/mb_design_wrapper.xsa
TRACE::2020-07-08.23:21:01::SCWPlatform:: Unique name xilinx:nexys4::0.0
TRACE::2020-07-08.23:21:01::SCWPlatform::Trying to set the existing hwdb with name mb_design_wrapper_0
TRACE::2020-07-08.23:21:01::SCWPlatform::Opened existing hwdb mb_design_wrapper_0
TRACE::2020-07-08.23:21:01::SCWPlatform::Found the Hw Db part of the input DSA
TRACE::2020-07-08.23:21:01::SCWMssOS::Checking the sw design at  D:/Files/ECBEncoder/ECBEncoder/stream_sof/mb_design_wrapper/microblaze_0/standalone_domain/bsp/system.mss
TRACE::2020-07-08.23:21:01::SCWMssOS::DEBUG:  swdes dump  D:/Files/ECBEncoder/ECBEncoder/stream_sof/mb_design_wrapper/microblaze_0/standalone_domain/bsp/system.mss|system||

TRACE::2020-07-08.23:21:01::SCWMssOS::Sw design exists and opened at  D:/Files/ECBEncoder/ECBEncoder/stream_sof/mb_design_wrapper/microblaze_0/standalone_domain/bsp/system.mss
TRACE::2020-07-08.23:21:01::SCWPlatform::Trying to open the hw design at D:/Files/ECBEncoder/ECBEncoder/stream_sof/mb_design_wrapper/hw/mb_design_wrapper.xsa
TRACE::2020-07-08.23:21:01::SCWPlatform::DSA given D:/Files/ECBEncoder/ECBEncoder/stream_sof/mb_design_wrapper/hw/mb_design_wrapper.xsa
TRACE::2020-07-08.23:21:01::SCWPlatform::DSA absoulate path D:/Files/ECBEncoder/ECBEncoder/stream_sof/mb_design_wrapper/hw/mb_design_wrapper.xsa
TRACE::2020-07-08.23:21:01::SCWPlatform::DSA directory D:/Files/ECBEncoder/ECBEncoder/stream_sof/mb_design_wrapper/hw
TRACE::2020-07-08.23:21:01::SCWPlatform:: Platform Path D:/Files/ECBEncoder/ECBEncoder/stream_sof/mb_design_wrapper/hw/mb_design_wrapper.xsa
TRACE::2020-07-08.23:21:01::SCWPlatform:: Unique name xilinx:nexys4::0.0
TRACE::2020-07-08.23:21:01::SCWPlatform::Trying to set the existing hwdb with name mb_design_wrapper_0
TRACE::2020-07-08.23:21:01::SCWPlatform::Opened existing hwdb mb_design_wrapper_0
TRACE::2020-07-08.23:21:01::SCWPlatform::Found the Hw Db part of the input DSA
TRACE::2020-07-08.23:21:01::SCWMssOS::Checking the sw design at  D:/Files/ECBEncoder/ECBEncoder/stream_sof/mb_design_wrapper/microblaze_0/standalone_domain/bsp/system.mss
TRACE::2020-07-08.23:21:01::SCWMssOS::DEBUG:  swdes dump  D:/Files/ECBEncoder/ECBEncoder/stream_sof/mb_design_wrapper/microblaze_0/standalone_domain/bsp/system.mss|system||

TRACE::2020-07-08.23:21:01::SCWMssOS::Sw design exists and opened at  D:/Files/ECBEncoder/ECBEncoder/stream_sof/mb_design_wrapper/microblaze_0/standalone_domain/bsp/system.mss
TRACE::2020-07-08.23:21:01::SCWWriter::formatted JSON is {
	"platformName":	"mb_design_wrapper",
	"sprVersion":	"2.0",
	"mode":	"gui",
	"dsaType":	"Fixed",
	"platformDesc":	"mb_design_wrapper",
	"platHandOff":	"D:/Files/ECBEncoder/ECBEncoder/stream/mb_design_wrapper.xsa",
	"platIntHandOff":	"<platformDir>/hw/mb_design_wrapper.xsa",
	"deviceType":	"FPGA",
	"platIsPrebuiltAutogen":	"false",
	"platIsNoBootBsp":	"false",
	"hasFsblMakeHasChanges":	"false",
	"hasPmufwMakeHasChanges":	"false",
	"platPreBuiltFlag":	false,
	"platformSamplesDir":	"",
	"platActiveSys":	"mb_design_wrapper",
	"systems":	[{
			"systemName":	"mb_design_wrapper",
			"systemDesc":	"mb_design_wrapper",
			"sysIsBootAutoGen":	"true",
			"systemDispName":	"mb_design_wrapper",
			"sysActiveDom":	"standalone_domain",
			"sysDefaultDom":	"standalone_domain",
			"domains":	[{
					"domainName":	"standalone_domain",
					"domainDispName":	"standalone on microblaze_0",
					"domainDesc":	"standalone_domain",
					"processors":	"microblaze_0",
					"os":	"standalone",
					"sdxOs":	"standalone",
					"debugEnable":	"False",
					"domRuntimes":	["cpp"],
					"swRepo":	"",
					"mssOsVer":	"7.1",
					"mssFile":	"",
					"md5Digest":	"7187d7fb79f1a7c29f73d5b8aa768dce",
					"compatibleApp":	"hello_world",
					"domType":	"mssDomain",
					"arch":	"32-bit",
					"appSettings":	{
						"appCompilerFlags":	"",
						"appLinkerFlags":	""
					},
					"addedLibs":	[],
					"libOptions":	{
						"libsContainingOptions":	[]
					},
					"prebuiltLibs":	{
						"prebuiltIncPath":	[],
						"prebuiltLibPath":	[]
					},
					"isolation":	{
					}
				}]
		}]
}
TRACE::2020-07-08.23:21:01::SCWPlatform::Trying to open the hw design at D:/Files/ECBEncoder/ECBEncoder/stream_sof/mb_design_wrapper/hw/mb_design_wrapper.xsa
TRACE::2020-07-08.23:21:01::SCWPlatform::DSA given D:/Files/ECBEncoder/ECBEncoder/stream_sof/mb_design_wrapper/hw/mb_design_wrapper.xsa
TRACE::2020-07-08.23:21:01::SCWPlatform::DSA absoulate path D:/Files/ECBEncoder/ECBEncoder/stream_sof/mb_design_wrapper/hw/mb_design_wrapper.xsa
TRACE::2020-07-08.23:21:01::SCWPlatform::DSA directory D:/Files/ECBEncoder/ECBEncoder/stream_sof/mb_design_wrapper/hw
TRACE::2020-07-08.23:21:01::SCWPlatform:: Platform Path D:/Files/ECBEncoder/ECBEncoder/stream_sof/mb_design_wrapper/hw/mb_design_wrapper.xsa
TRACE::2020-07-08.23:21:01::SCWPlatform:: Unique name xilinx:nexys4::0.0
TRACE::2020-07-08.23:21:01::SCWPlatform::Trying to set the existing hwdb with name mb_design_wrapper_0
TRACE::2020-07-08.23:21:01::SCWPlatform::Opened existing hwdb mb_design_wrapper_0
TRACE::2020-07-08.23:21:01::SCWPlatform::Found the Hw Db part of the input DSA
TRACE::2020-07-08.23:21:01::SCWMssOS::Checking the sw design at  D:/Files/ECBEncoder/ECBEncoder/stream_sof/mb_design_wrapper/microblaze_0/standalone_domain/bsp/system.mss
TRACE::2020-07-08.23:21:01::SCWMssOS::DEBUG:  swdes dump  D:/Files/ECBEncoder/ECBEncoder/stream_sof/mb_design_wrapper/microblaze_0/standalone_domain/bsp/system.mss|system||

TRACE::2020-07-08.23:21:01::SCWMssOS::Sw design exists and opened at  D:/Files/ECBEncoder/ECBEncoder/stream_sof/mb_design_wrapper/microblaze_0/standalone_domain/bsp/system.mss
TRACE::2020-07-08.23:21:01::SCWPlatform::Trying to open the hw design at D:/Files/ECBEncoder/ECBEncoder/stream_sof/mb_design_wrapper/hw/mb_design_wrapper.xsa
TRACE::2020-07-08.23:21:01::SCWPlatform::DSA given D:/Files/ECBEncoder/ECBEncoder/stream_sof/mb_design_wrapper/hw/mb_design_wrapper.xsa
TRACE::2020-07-08.23:21:01::SCWPlatform::DSA absoulate path D:/Files/ECBEncoder/ECBEncoder/stream_sof/mb_design_wrapper/hw/mb_design_wrapper.xsa
TRACE::2020-07-08.23:21:01::SCWPlatform::DSA directory D:/Files/ECBEncoder/ECBEncoder/stream_sof/mb_design_wrapper/hw
TRACE::2020-07-08.23:21:01::SCWPlatform:: Platform Path D:/Files/ECBEncoder/ECBEncoder/stream_sof/mb_design_wrapper/hw/mb_design_wrapper.xsa
TRACE::2020-07-08.23:21:01::SCWPlatform:: Unique name xilinx:nexys4::0.0
TRACE::2020-07-08.23:21:01::SCWPlatform::Trying to set the existing hwdb with name mb_design_wrapper_0
TRACE::2020-07-08.23:21:01::SCWPlatform::Opened existing hwdb mb_design_wrapper_0
TRACE::2020-07-08.23:21:01::SCWPlatform::Found the Hw Db part of the input DSA
TRACE::2020-07-08.23:21:01::SCWMssOS::Checking the sw design at  D:/Files/ECBEncoder/ECBEncoder/stream_sof/mb_design_wrapper/microblaze_0/standalone_domain/bsp/system.mss
TRACE::2020-07-08.23:21:01::SCWMssOS::DEBUG:  swdes dump  D:/Files/ECBEncoder/ECBEncoder/stream_sof/mb_design_wrapper/microblaze_0/standalone_domain/bsp/system.mss|system||

TRACE::2020-07-08.23:21:01::SCWMssOS::Sw design exists and opened at  D:/Files/ECBEncoder/ECBEncoder/stream_sof/mb_design_wrapper/microblaze_0/standalone_domain/bsp/system.mss
TRACE::2020-07-08.23:21:02::SCWPlatform::Trying to open the hw design at D:/Files/ECBEncoder/ECBEncoder/stream_sof/mb_design_wrapper/hw/mb_design_wrapper.xsa
TRACE::2020-07-08.23:21:02::SCWPlatform::DSA given D:/Files/ECBEncoder/ECBEncoder/stream_sof/mb_design_wrapper/hw/mb_design_wrapper.xsa
TRACE::2020-07-08.23:21:02::SCWPlatform::DSA absoulate path D:/Files/ECBEncoder/ECBEncoder/stream_sof/mb_design_wrapper/hw/mb_design_wrapper.xsa
TRACE::2020-07-08.23:21:02::SCWPlatform::DSA directory D:/Files/ECBEncoder/ECBEncoder/stream_sof/mb_design_wrapper/hw
TRACE::2020-07-08.23:21:02::SCWPlatform:: Platform Path D:/Files/ECBEncoder/ECBEncoder/stream_sof/mb_design_wrapper/hw/mb_design_wrapper.xsa
TRACE::2020-07-08.23:21:02::SCWPlatform:: Unique name xilinx:nexys4::0.0
TRACE::2020-07-08.23:21:02::SCWPlatform::Trying to set the existing hwdb with name mb_design_wrapper_0
TRACE::2020-07-08.23:21:02::SCWPlatform::Opened existing hwdb mb_design_wrapper_0
TRACE::2020-07-08.23:21:02::SCWPlatform::Found the Hw Db part of the input DSA
TRACE::2020-07-08.23:21:02::SCWMssOS::Checking the sw design at  D:/Files/ECBEncoder/ECBEncoder/stream_sof/mb_design_wrapper/microblaze_0/standalone_domain/bsp/system.mss
TRACE::2020-07-08.23:21:02::SCWMssOS::DEBUG:  swdes dump  D:/Files/ECBEncoder/ECBEncoder/stream_sof/mb_design_wrapper/microblaze_0/standalone_domain/bsp/system.mss|system||

TRACE::2020-07-08.23:21:02::SCWMssOS::Sw design exists and opened at  D:/Files/ECBEncoder/ECBEncoder/stream_sof/mb_design_wrapper/microblaze_0/standalone_domain/bsp/system.mss
TRACE::2020-07-08.23:21:02::SCWPlatform::Trying to open the hw design at D:/Files/ECBEncoder/ECBEncoder/stream_sof/mb_design_wrapper/hw/mb_design_wrapper.xsa
TRACE::2020-07-08.23:21:02::SCWPlatform::DSA given D:/Files/ECBEncoder/ECBEncoder/stream_sof/mb_design_wrapper/hw/mb_design_wrapper.xsa
TRACE::2020-07-08.23:21:02::SCWPlatform::DSA absoulate path D:/Files/ECBEncoder/ECBEncoder/stream_sof/mb_design_wrapper/hw/mb_design_wrapper.xsa
TRACE::2020-07-08.23:21:02::SCWPlatform::DSA directory D:/Files/ECBEncoder/ECBEncoder/stream_sof/mb_design_wrapper/hw
TRACE::2020-07-08.23:21:02::SCWPlatform:: Platform Path D:/Files/ECBEncoder/ECBEncoder/stream_sof/mb_design_wrapper/hw/mb_design_wrapper.xsa
TRACE::2020-07-08.23:21:02::SCWPlatform:: Unique name xilinx:nexys4::0.0
TRACE::2020-07-08.23:21:02::SCWPlatform::Trying to set the existing hwdb with name mb_design_wrapper_0
TRACE::2020-07-08.23:21:02::SCWPlatform::Opened existing hwdb mb_design_wrapper_0
TRACE::2020-07-08.23:21:02::SCWPlatform::Found the Hw Db part of the input DSA
TRACE::2020-07-08.23:21:02::SCWMssOS::Checking the sw design at  D:/Files/ECBEncoder/ECBEncoder/stream_sof/mb_design_wrapper/microblaze_0/standalone_domain/bsp/system.mss
TRACE::2020-07-08.23:21:02::SCWMssOS::DEBUG:  swdes dump  D:/Files/ECBEncoder/ECBEncoder/stream_sof/mb_design_wrapper/microblaze_0/standalone_domain/bsp/system.mss|system||

TRACE::2020-07-08.23:21:02::SCWMssOS::Sw design exists and opened at  D:/Files/ECBEncoder/ECBEncoder/stream_sof/mb_design_wrapper/microblaze_0/standalone_domain/bsp/system.mss
TRACE::2020-07-08.23:21:02::SCWPlatform::Trying to open the hw design at D:/Files/ECBEncoder/ECBEncoder/stream_sof/mb_design_wrapper/hw/mb_design_wrapper.xsa
TRACE::2020-07-08.23:21:02::SCWPlatform::DSA given D:/Files/ECBEncoder/ECBEncoder/stream_sof/mb_design_wrapper/hw/mb_design_wrapper.xsa
TRACE::2020-07-08.23:21:02::SCWPlatform::DSA absoulate path D:/Files/ECBEncoder/ECBEncoder/stream_sof/mb_design_wrapper/hw/mb_design_wrapper.xsa
TRACE::2020-07-08.23:21:02::SCWPlatform::DSA directory D:/Files/ECBEncoder/ECBEncoder/stream_sof/mb_design_wrapper/hw
TRACE::2020-07-08.23:21:02::SCWPlatform:: Platform Path D:/Files/ECBEncoder/ECBEncoder/stream_sof/mb_design_wrapper/hw/mb_design_wrapper.xsa
TRACE::2020-07-08.23:21:02::SCWPlatform:: Unique name xilinx:nexys4::0.0
TRACE::2020-07-08.23:21:02::SCWPlatform::Trying to set the existing hwdb with name mb_design_wrapper_0
TRACE::2020-07-08.23:21:02::SCWPlatform::Opened existing hwdb mb_design_wrapper_0
TRACE::2020-07-08.23:21:02::SCWPlatform::Found the Hw Db part of the input DSA
TRACE::2020-07-08.23:21:02::SCWMssOS::Checking the sw design at  D:/Files/ECBEncoder/ECBEncoder/stream_sof/mb_design_wrapper/microblaze_0/standalone_domain/bsp/system.mss
TRACE::2020-07-08.23:21:02::SCWMssOS::DEBUG:  swdes dump  D:/Files/ECBEncoder/ECBEncoder/stream_sof/mb_design_wrapper/microblaze_0/standalone_domain/bsp/system.mss|system||

TRACE::2020-07-08.23:21:02::SCWMssOS::Sw design exists and opened at  D:/Files/ECBEncoder/ECBEncoder/stream_sof/mb_design_wrapper/microblaze_0/standalone_domain/bsp/system.mss
TRACE::2020-07-08.23:21:02::SCWWriter::formatted JSON is {
	"platformName":	"mb_design_wrapper",
	"sprVersion":	"2.0",
	"mode":	"gui",
	"dsaType":	"Fixed",
	"platformDesc":	"mb_design_wrapper",
	"platHandOff":	"D:/Files/ECBEncoder/ECBEncoder/stream/mb_design_wrapper.xsa",
	"platIntHandOff":	"<platformDir>/hw/mb_design_wrapper.xsa",
	"deviceType":	"FPGA",
	"platIsPrebuiltAutogen":	"false",
	"platIsNoBootBsp":	"false",
	"hasFsblMakeHasChanges":	"false",
	"hasPmufwMakeHasChanges":	"false",
	"platPreBuiltFlag":	false,
	"platformSamplesDir":	"",
	"platActiveSys":	"mb_design_wrapper",
	"systems":	[{
			"systemName":	"mb_design_wrapper",
			"systemDesc":	"mb_design_wrapper",
			"sysIsBootAutoGen":	"true",
			"systemDispName":	"mb_design_wrapper",
			"sysActiveDom":	"standalone_domain",
			"sysDefaultDom":	"standalone_domain",
			"domains":	[{
					"domainName":	"standalone_domain",
					"domainDispName":	"standalone on microblaze_0",
					"domainDesc":	"standalone_domain",
					"processors":	"microblaze_0",
					"os":	"standalone",
					"sdxOs":	"standalone",
					"debugEnable":	"False",
					"domRuntimes":	["cpp"],
					"swRepo":	"",
					"mssOsVer":	"7.1",
					"mssFile":	"",
					"md5Digest":	"7187d7fb79f1a7c29f73d5b8aa768dce",
					"compatibleApp":	"hello_world",
					"domType":	"mssDomain",
					"arch":	"32-bit",
					"appSettings":	{
						"appCompilerFlags":	"",
						"appLinkerFlags":	""
					},
					"addedLibs":	[],
					"libOptions":	{
						"libsContainingOptions":	[]
					},
					"prebuiltLibs":	{
						"prebuiltIncPath":	[],
						"prebuiltLibPath":	[]
					},
					"isolation":	{
					}
				}]
		}]
}
LOG::2020-07-08.23:21:02::SCWPlatform::Started generating the artifacts platform mb_design_wrapper
TRACE::2020-07-08.23:21:02::SCWPlatform::Sanity checking of platform is completed
LOG::2020-07-08.23:21:02::SCWPlatform::Started generating the artifacts for system configuration mb_design_wrapper
LOG::2020-07-08.23:21:02::SCWSystem::Started Processing the domain standalone_domain
TRACE::2020-07-08.23:21:02::SCWDomain::Generating domain artifcats
TRACE::2020-07-08.23:21:02::SCWMssOS::Generating standalone artifcats
TRACE::2020-07-08.23:21:02::SCWMssOS:: Copying the user libraries. 
TRACE::2020-07-08.23:21:02::SCWPlatform::Trying to open the hw design at D:/Files/ECBEncoder/ECBEncoder/stream_sof/mb_design_wrapper/hw/mb_design_wrapper.xsa
TRACE::2020-07-08.23:21:02::SCWPlatform::DSA given D:/Files/ECBEncoder/ECBEncoder/stream_sof/mb_design_wrapper/hw/mb_design_wrapper.xsa
TRACE::2020-07-08.23:21:02::SCWPlatform::DSA absoulate path D:/Files/ECBEncoder/ECBEncoder/stream_sof/mb_design_wrapper/hw/mb_design_wrapper.xsa
TRACE::2020-07-08.23:21:02::SCWPlatform::DSA directory D:/Files/ECBEncoder/ECBEncoder/stream_sof/mb_design_wrapper/hw
TRACE::2020-07-08.23:21:02::SCWPlatform:: Platform Path D:/Files/ECBEncoder/ECBEncoder/stream_sof/mb_design_wrapper/hw/mb_design_wrapper.xsa
TRACE::2020-07-08.23:21:02::SCWPlatform:: Unique name xilinx:nexys4::0.0
TRACE::2020-07-08.23:21:02::SCWPlatform::Trying to set the existing hwdb with name mb_design_wrapper_0
TRACE::2020-07-08.23:21:02::SCWPlatform::Opened existing hwdb mb_design_wrapper_0
TRACE::2020-07-08.23:21:02::SCWPlatform::Found the Hw Db part of the input DSA
TRACE::2020-07-08.23:21:02::SCWMssOS::Checking the sw design at  D:/Files/ECBEncoder/ECBEncoder/stream_sof/mb_design_wrapper/microblaze_0/standalone_domain/bsp/system.mss
TRACE::2020-07-08.23:21:02::SCWMssOS::DEBUG:  swdes dump  D:/Files/ECBEncoder/ECBEncoder/stream_sof/mb_design_wrapper/microblaze_0/standalone_domain/bsp/system.mss|system||

TRACE::2020-07-08.23:21:02::SCWMssOS::Sw design exists and opened at  D:/Files/ECBEncoder/ECBEncoder/stream_sof/mb_design_wrapper/microblaze_0/standalone_domain/bsp/system.mss
TRACE::2020-07-08.23:21:02::SCWMssOS::Completed writing the mss file at D:/Files/ECBEncoder/ECBEncoder/stream_sof/mb_design_wrapper/microblaze_0/standalone_domain/bsp
TRACE::2020-07-08.23:21:02::SCWMssOS::Mss edits present, copying mssfile into export location D:/Files/ECBEncoder/ECBEncoder/stream_sof/mb_design_wrapper/microblaze_0/standalone_domain/bsp/system.mss
TRACE::2020-07-08.23:21:02::SCWMssOS::bsp generated is upto date with the mss file. Skipping bsp generation.
TRACE::2020-07-08.23:21:02::SCWMssOS::BSP is already built. skipping the bsp build ... 
TRACE::2020-07-08.23:21:02::SCWDomain::Building the domain as part of full build :  standalone_domain
TRACE::2020-07-08.23:21:02::SCWMssOS::skipping the bsp build ... 
TRACE::2020-07-08.23:21:02::SCWMssOS::Copying to export directory.
TRACE::2020-07-08.23:21:02::SCWMssOS:: Checking if to create the Supporting Applications
TRACE::2020-07-08.23:21:02::SCWMssOS:: No Linux domain exists, trying to generate FSBL 
LOG::2020-07-08.23:21:02::SCWSystem::Completed Processing the domain standalone_domain
LOG::2020-07-08.23:21:02::SCWSystem::Completed Processing the sysconfig mb_design_wrapper
LOG::2020-07-08.23:21:02::SCWPlatform::Completed generating the artifacts for system configuration mb_design_wrapper
TRACE::2020-07-08.23:21:02::SCWPlatform::Started preparing the platform 
TRACE::2020-07-08.23:21:02::SCWSystem::Writing the bif file for system config mb_design_wrapper
TRACE::2020-07-08.23:21:02::SCWSystem::dir created 
TRACE::2020-07-08.23:21:02::SCWSystem::Writing the bif 
TRACE::2020-07-08.23:21:02::SCWPlatform::Started writing the spfm file 
TRACE::2020-07-08.23:21:02::SCWPlatform::Started writing the xpfm file 
TRACE::2020-07-08.23:21:02::SCWPlatform::Completed generating the platform
TRACE::2020-07-08.23:21:02::SCWPlatform::Trying to open the hw design at D:/Files/ECBEncoder/ECBEncoder/stream_sof/mb_design_wrapper/hw/mb_design_wrapper.xsa
TRACE::2020-07-08.23:21:02::SCWPlatform::DSA given D:/Files/ECBEncoder/ECBEncoder/stream_sof/mb_design_wrapper/hw/mb_design_wrapper.xsa
TRACE::2020-07-08.23:21:02::SCWPlatform::DSA absoulate path D:/Files/ECBEncoder/ECBEncoder/stream_sof/mb_design_wrapper/hw/mb_design_wrapper.xsa
TRACE::2020-07-08.23:21:02::SCWPlatform::DSA directory D:/Files/ECBEncoder/ECBEncoder/stream_sof/mb_design_wrapper/hw
TRACE::2020-07-08.23:21:02::SCWPlatform:: Platform Path D:/Files/ECBEncoder/ECBEncoder/stream_sof/mb_design_wrapper/hw/mb_design_wrapper.xsa
TRACE::2020-07-08.23:21:02::SCWPlatform:: Unique name xilinx:nexys4::0.0
TRACE::2020-07-08.23:21:02::SCWPlatform::Trying to set the existing hwdb with name mb_design_wrapper_0
TRACE::2020-07-08.23:21:02::SCWPlatform::Opened existing hwdb mb_design_wrapper_0
TRACE::2020-07-08.23:21:02::SCWPlatform::Found the Hw Db part of the input DSA
TRACE::2020-07-08.23:21:02::SCWMssOS::Checking the sw design at  D:/Files/ECBEncoder/ECBEncoder/stream_sof/mb_design_wrapper/microblaze_0/standalone_domain/bsp/system.mss
TRACE::2020-07-08.23:21:02::SCWMssOS::DEBUG:  swdes dump  D:/Files/ECBEncoder/ECBEncoder/stream_sof/mb_design_wrapper/microblaze_0/standalone_domain/bsp/system.mss|system||

TRACE::2020-07-08.23:21:02::SCWMssOS::Sw design exists and opened at  D:/Files/ECBEncoder/ECBEncoder/stream_sof/mb_design_wrapper/microblaze_0/standalone_domain/bsp/system.mss
TRACE::2020-07-08.23:21:02::SCWPlatform::Trying to open the hw design at D:/Files/ECBEncoder/ECBEncoder/stream_sof/mb_design_wrapper/hw/mb_design_wrapper.xsa
TRACE::2020-07-08.23:21:02::SCWPlatform::DSA given D:/Files/ECBEncoder/ECBEncoder/stream_sof/mb_design_wrapper/hw/mb_design_wrapper.xsa
TRACE::2020-07-08.23:21:02::SCWPlatform::DSA absoulate path D:/Files/ECBEncoder/ECBEncoder/stream_sof/mb_design_wrapper/hw/mb_design_wrapper.xsa
TRACE::2020-07-08.23:21:02::SCWPlatform::DSA directory D:/Files/ECBEncoder/ECBEncoder/stream_sof/mb_design_wrapper/hw
TRACE::2020-07-08.23:21:02::SCWPlatform:: Platform Path D:/Files/ECBEncoder/ECBEncoder/stream_sof/mb_design_wrapper/hw/mb_design_wrapper.xsa
TRACE::2020-07-08.23:21:02::SCWPlatform:: Unique name xilinx:nexys4::0.0
TRACE::2020-07-08.23:21:02::SCWPlatform::Trying to set the existing hwdb with name mb_design_wrapper_0
TRACE::2020-07-08.23:21:02::SCWPlatform::Opened existing hwdb mb_design_wrapper_0
TRACE::2020-07-08.23:21:02::SCWPlatform::Found the Hw Db part of the input DSA
TRACE::2020-07-08.23:21:02::SCWMssOS::Checking the sw design at  D:/Files/ECBEncoder/ECBEncoder/stream_sof/mb_design_wrapper/microblaze_0/standalone_domain/bsp/system.mss
TRACE::2020-07-08.23:21:02::SCWMssOS::DEBUG:  swdes dump  D:/Files/ECBEncoder/ECBEncoder/stream_sof/mb_design_wrapper/microblaze_0/standalone_domain/bsp/system.mss|system||

TRACE::2020-07-08.23:21:02::SCWMssOS::Sw design exists and opened at  D:/Files/ECBEncoder/ECBEncoder/stream_sof/mb_design_wrapper/microblaze_0/standalone_domain/bsp/system.mss
TRACE::2020-07-08.23:21:02::SCWPlatform::Trying to open the hw design at D:/Files/ECBEncoder/ECBEncoder/stream_sof/mb_design_wrapper/hw/mb_design_wrapper.xsa
TRACE::2020-07-08.23:21:02::SCWPlatform::DSA given D:/Files/ECBEncoder/ECBEncoder/stream_sof/mb_design_wrapper/hw/mb_design_wrapper.xsa
TRACE::2020-07-08.23:21:02::SCWPlatform::DSA absoulate path D:/Files/ECBEncoder/ECBEncoder/stream_sof/mb_design_wrapper/hw/mb_design_wrapper.xsa
TRACE::2020-07-08.23:21:02::SCWPlatform::DSA directory D:/Files/ECBEncoder/ECBEncoder/stream_sof/mb_design_wrapper/hw
TRACE::2020-07-08.23:21:02::SCWPlatform:: Platform Path D:/Files/ECBEncoder/ECBEncoder/stream_sof/mb_design_wrapper/hw/mb_design_wrapper.xsa
TRACE::2020-07-08.23:21:02::SCWPlatform:: Unique name xilinx:nexys4::0.0
TRACE::2020-07-08.23:21:02::SCWPlatform::Trying to set the existing hwdb with name mb_design_wrapper_0
TRACE::2020-07-08.23:21:02::SCWPlatform::Opened existing hwdb mb_design_wrapper_0
TRACE::2020-07-08.23:21:02::SCWPlatform::Found the Hw Db part of the input DSA
TRACE::2020-07-08.23:21:02::SCWMssOS::Checking the sw design at  D:/Files/ECBEncoder/ECBEncoder/stream_sof/mb_design_wrapper/microblaze_0/standalone_domain/bsp/system.mss
TRACE::2020-07-08.23:21:02::SCWMssOS::DEBUG:  swdes dump  D:/Files/ECBEncoder/ECBEncoder/stream_sof/mb_design_wrapper/microblaze_0/standalone_domain/bsp/system.mss|system||

TRACE::2020-07-08.23:21:02::SCWMssOS::Sw design exists and opened at  D:/Files/ECBEncoder/ECBEncoder/stream_sof/mb_design_wrapper/microblaze_0/standalone_domain/bsp/system.mss
TRACE::2020-07-08.23:21:02::SCWWriter::formatted JSON is {
	"platformName":	"mb_design_wrapper",
	"sprVersion":	"2.0",
	"mode":	"gui",
	"dsaType":	"Fixed",
	"platformDesc":	"mb_design_wrapper",
	"platHandOff":	"D:/Files/ECBEncoder/ECBEncoder/stream/mb_design_wrapper.xsa",
	"platIntHandOff":	"<platformDir>/hw/mb_design_wrapper.xsa",
	"deviceType":	"FPGA",
	"platIsPrebuiltAutogen":	"false",
	"platIsNoBootBsp":	"false",
	"hasFsblMakeHasChanges":	"false",
	"hasPmufwMakeHasChanges":	"false",
	"platPreBuiltFlag":	false,
	"platformSamplesDir":	"",
	"platActiveSys":	"mb_design_wrapper",
	"systems":	[{
			"systemName":	"mb_design_wrapper",
			"systemDesc":	"mb_design_wrapper",
			"sysIsBootAutoGen":	"true",
			"systemDispName":	"mb_design_wrapper",
			"sysActiveDom":	"standalone_domain",
			"sysDefaultDom":	"standalone_domain",
			"domains":	[{
					"domainName":	"standalone_domain",
					"domainDispName":	"standalone on microblaze_0",
					"domainDesc":	"standalone_domain",
					"processors":	"microblaze_0",
					"os":	"standalone",
					"sdxOs":	"standalone",
					"debugEnable":	"False",
					"domRuntimes":	["cpp"],
					"swRepo":	"",
					"mssOsVer":	"7.1",
					"mssFile":	"",
					"md5Digest":	"7187d7fb79f1a7c29f73d5b8aa768dce",
					"compatibleApp":	"hello_world",
					"domType":	"mssDomain",
					"arch":	"32-bit",
					"appSettings":	{
						"appCompilerFlags":	"",
						"appLinkerFlags":	""
					},
					"addedLibs":	[],
					"libOptions":	{
						"libsContainingOptions":	[]
					},
					"prebuiltLibs":	{
						"prebuiltIncPath":	[],
						"prebuiltLibPath":	[]
					},
					"isolation":	{
					}
				}]
		}]
}
KEYINFO::2020-07-08.23:21:02::SCWPlatform::updated the xpfm file.
TRACE::2020-07-09.00:00:26::SCWPlatform::Clearing the existing platform
TRACE::2020-07-09.00:00:26::SCWSystem::Clearing the existing sysconfig
TRACE::2020-07-09.00:00:26::SCWMssOS::Removing the swdes entry for  D:/Files/ECBEncoder/ECBEncoder/stream_sof/mb_design_wrapper/microblaze_0/standalone_domain/bsp/system.mss
TRACE::2020-07-09.00:00:26::SCWSystem::Clearing the domains completed.
TRACE::2020-07-09.00:00:26::SCWPlatform::Clearing the opened hw db.
TRACE::2020-07-09.00:00:26::SCWPlatform::DSA given D:/Files/ECBEncoder/ECBEncoder/stream_sof/mb_design_wrapper/hw/mb_design_wrapper.xsa
TRACE::2020-07-09.00:00:26::SCWPlatform::DSA absoulate path D:/Files/ECBEncoder/ECBEncoder/stream_sof/mb_design_wrapper/hw/mb_design_wrapper.xsa
TRACE::2020-07-09.00:00:26::SCWPlatform:: Platform location is D:/Files/ECBEncoder/ECBEncoder/stream_sof/mb_design_wrapper/hw
TRACE::2020-07-09.00:00:26::SCWPlatform:: Platform Path D:/Files/ECBEncoder/ECBEncoder/stream_sof/mb_design_wrapper/hw/mb_design_wrapper.xsa
TRACE::2020-07-09.00:00:26::SCWPlatform:: Unique name xilinx:nexys4::0.0
TRACE::2020-07-09.00:00:26::SCWPlatform::Removing the HwDB with name D:/Files/ECBEncoder/ECBEncoder/stream_sof/mb_design_wrapper/hw/mb_design_wrapper.xsa
TRACE::2020-07-09.00:00:26::SCWPlatform::Trying to open the hw design at D:/Files/ECBEncoder/ECBEncoder/stream_sof/mb_design_wrapper/hw/mb_design_wrapper.xsa
TRACE::2020-07-09.00:00:26::SCWPlatform::DSA given D:/Files/ECBEncoder/ECBEncoder/stream_sof/mb_design_wrapper/hw/mb_design_wrapper.xsa
TRACE::2020-07-09.00:00:26::SCWPlatform::DSA absoulate path D:/Files/ECBEncoder/ECBEncoder/stream_sof/mb_design_wrapper/hw/mb_design_wrapper.xsa
TRACE::2020-07-09.00:00:26::SCWPlatform::DSA directory D:/Files/ECBEncoder/ECBEncoder/stream_sof/mb_design_wrapper/hw
TRACE::2020-07-09.00:00:26::SCWPlatform:: Platform Path D:/Files/ECBEncoder/ECBEncoder/stream_sof/mb_design_wrapper/hw/mb_design_wrapper.xsa
TRACE::2020-07-09.00:00:26::SCWPlatform:: Unique name xilinx:nexys4::0.0
TRACE::2020-07-09.00:00:26::SCWPlatform::Do not have an existing db opened. 
TRACE::2020-07-09.00:00:26::SCWPlatform::Opened new HwDB with name mb_design_wrapper_2
TRACE::2020-07-09.00:00:26::SCWReader::Active system found as  mb_design_wrapper
TRACE::2020-07-09.00:00:26::SCWReader::Handling sysconfig mb_design_wrapper
TRACE::2020-07-09.00:00:26::SCWDomain::checking for install qemu data   : 
TRACE::2020-07-09.00:00:26::SCWPlatform::Trying to open the hw design at D:/Files/ECBEncoder/ECBEncoder/stream_sof/mb_design_wrapper/hw/mb_design_wrapper.xsa
TRACE::2020-07-09.00:00:26::SCWPlatform::DSA given D:/Files/ECBEncoder/ECBEncoder/stream_sof/mb_design_wrapper/hw/mb_design_wrapper.xsa
TRACE::2020-07-09.00:00:26::SCWPlatform::DSA absoulate path D:/Files/ECBEncoder/ECBEncoder/stream_sof/mb_design_wrapper/hw/mb_design_wrapper.xsa
TRACE::2020-07-09.00:00:26::SCWPlatform::DSA directory D:/Files/ECBEncoder/ECBEncoder/stream_sof/mb_design_wrapper/hw
TRACE::2020-07-09.00:00:26::SCWPlatform:: Platform Path D:/Files/ECBEncoder/ECBEncoder/stream_sof/mb_design_wrapper/hw/mb_design_wrapper.xsa
TRACE::2020-07-09.00:00:26::SCWPlatform:: Unique name xilinx:nexys4::0.0
TRACE::2020-07-09.00:00:26::SCWPlatform::Trying to set the existing hwdb with name mb_design_wrapper_2
TRACE::2020-07-09.00:00:26::SCWPlatform::Opened existing hwdb mb_design_wrapper_2
TRACE::2020-07-09.00:00:26::SCWPlatform::Found the Hw Db part of the input DSA
TRACE::2020-07-09.00:00:26::SCWPlatform::Trying to open the hw design at D:/Files/ECBEncoder/ECBEncoder/stream_sof/mb_design_wrapper/hw/mb_design_wrapper.xsa
TRACE::2020-07-09.00:00:26::SCWPlatform::DSA given D:/Files/ECBEncoder/ECBEncoder/stream_sof/mb_design_wrapper/hw/mb_design_wrapper.xsa
TRACE::2020-07-09.00:00:26::SCWPlatform::DSA absoulate path D:/Files/ECBEncoder/ECBEncoder/stream_sof/mb_design_wrapper/hw/mb_design_wrapper.xsa
TRACE::2020-07-09.00:00:26::SCWPlatform::DSA directory D:/Files/ECBEncoder/ECBEncoder/stream_sof/mb_design_wrapper/hw
TRACE::2020-07-09.00:00:26::SCWPlatform:: Platform Path D:/Files/ECBEncoder/ECBEncoder/stream_sof/mb_design_wrapper/hw/mb_design_wrapper.xsa
TRACE::2020-07-09.00:00:26::SCWPlatform:: Unique name xilinx:nexys4::0.0
TRACE::2020-07-09.00:00:26::SCWPlatform::Trying to set the existing hwdb with name mb_design_wrapper_2
TRACE::2020-07-09.00:00:26::SCWPlatform::Opened existing hwdb mb_design_wrapper_2
TRACE::2020-07-09.00:00:26::SCWPlatform::Found the Hw Db part of the input DSA
TRACE::2020-07-09.00:00:26::SCWPlatform::Trying to open the hw design at D:/Files/ECBEncoder/ECBEncoder/stream_sof/mb_design_wrapper/hw/mb_design_wrapper.xsa
TRACE::2020-07-09.00:00:26::SCWPlatform::DSA given D:/Files/ECBEncoder/ECBEncoder/stream_sof/mb_design_wrapper/hw/mb_design_wrapper.xsa
TRACE::2020-07-09.00:00:26::SCWPlatform::DSA absoulate path D:/Files/ECBEncoder/ECBEncoder/stream_sof/mb_design_wrapper/hw/mb_design_wrapper.xsa
TRACE::2020-07-09.00:00:26::SCWPlatform::DSA directory D:/Files/ECBEncoder/ECBEncoder/stream_sof/mb_design_wrapper/hw
TRACE::2020-07-09.00:00:26::SCWPlatform:: Platform Path D:/Files/ECBEncoder/ECBEncoder/stream_sof/mb_design_wrapper/hw/mb_design_wrapper.xsa
TRACE::2020-07-09.00:00:26::SCWPlatform:: Unique name xilinx:nexys4::0.0
TRACE::2020-07-09.00:00:26::SCWPlatform::Trying to set the existing hwdb with name mb_design_wrapper_2
TRACE::2020-07-09.00:00:26::SCWPlatform::Opened existing hwdb mb_design_wrapper_2
TRACE::2020-07-09.00:00:26::SCWPlatform::Found the Hw Db part of the input DSA
TRACE::2020-07-09.00:00:26::SCWMssOS::Checking the sw design at  D:/Files/ECBEncoder/ECBEncoder/stream_sof/mb_design_wrapper/microblaze_0/standalone_domain/bsp/system.mss
TRACE::2020-07-09.00:00:26::SCWMssOS::DEBUG:  swdes dump  
TRACE::2020-07-09.00:00:26::SCWMssOS::No sw design opened at  D:/Files/ECBEncoder/ECBEncoder/stream_sof/mb_design_wrapper/microblaze_0/standalone_domain/bsp/system.mss
TRACE::2020-07-09.00:00:26::SCWMssOS::mss exists loading the mss file  D:/Files/ECBEncoder/ECBEncoder/stream_sof/mb_design_wrapper/microblaze_0/standalone_domain/bsp/system.mss
TRACE::2020-07-09.00:00:26::SCWMssOS::Opened the sw design from mss  D:/Files/ECBEncoder/ECBEncoder/stream_sof/mb_design_wrapper/microblaze_0/standalone_domain/bsp/system.mss
TRACE::2020-07-09.00:00:26::SCWMssOS::Adding the swdes entry D:/Files/ECBEncoder/ECBEncoder/stream_sof/mb_design_wrapper/microblaze_0/standalone_domain/bsp/system.mss with des name system
TRACE::2020-07-09.00:00:26::SCWMssOS::updating the scw layer about changes
TRACE::2020-07-09.00:00:26::SCWMssOS::Opened the sw design.  D:/Files/ECBEncoder/ECBEncoder/stream_sof/mb_design_wrapper/microblaze_0/standalone_domain/bsp/system.mss
TRACE::2020-07-09.00:00:26::SCWReader::Adding prebuilt librarypaths as   
TRACE::2020-07-09.00:00:26::SCWReader::Adding prebuilt incpaths  as   
TRACE::2020-07-09.00:00:26::SCWPlatform::Trying to open the hw design at D:/Files/ECBEncoder/ECBEncoder/stream_sof/mb_design_wrapper/hw/mb_design_wrapper.xsa
TRACE::2020-07-09.00:00:26::SCWPlatform::DSA given D:/Files/ECBEncoder/ECBEncoder/stream_sof/mb_design_wrapper/hw/mb_design_wrapper.xsa
TRACE::2020-07-09.00:00:26::SCWPlatform::DSA absoulate path D:/Files/ECBEncoder/ECBEncoder/stream_sof/mb_design_wrapper/hw/mb_design_wrapper.xsa
TRACE::2020-07-09.00:00:26::SCWPlatform::DSA directory D:/Files/ECBEncoder/ECBEncoder/stream_sof/mb_design_wrapper/hw
TRACE::2020-07-09.00:00:26::SCWPlatform:: Platform Path D:/Files/ECBEncoder/ECBEncoder/stream_sof/mb_design_wrapper/hw/mb_design_wrapper.xsa
TRACE::2020-07-09.00:00:26::SCWPlatform:: Unique name xilinx:nexys4::0.0
TRACE::2020-07-09.00:00:26::SCWPlatform::Trying to set the existing hwdb with name mb_design_wrapper_2
TRACE::2020-07-09.00:00:26::SCWPlatform::Opened existing hwdb mb_design_wrapper_2
TRACE::2020-07-09.00:00:26::SCWPlatform::Found the Hw Db part of the input DSA
TRACE::2020-07-09.00:00:26::SCWMssOS::Checking the sw design at  D:/Files/ECBEncoder/ECBEncoder/stream_sof/mb_design_wrapper/microblaze_0/standalone_domain/bsp/system.mss
TRACE::2020-07-09.00:00:26::SCWMssOS::DEBUG:  swdes dump  D:/Files/ECBEncoder/ECBEncoder/stream_sof/mb_design_wrapper/microblaze_0/standalone_domain/bsp/system.mss|system||

TRACE::2020-07-09.00:00:26::SCWMssOS::Sw design exists and opened at  D:/Files/ECBEncoder/ECBEncoder/stream_sof/mb_design_wrapper/microblaze_0/standalone_domain/bsp/system.mss
TRACE::2020-07-09.00:00:26::SCWReader::No isolation master present  
TRACE::2020-07-09.00:00:29::SCWPlatform::DSA given D:/Files/ECBEncoder/ECBEncoder/stream_sof/mb_design_wrapper/tempdsa/mb_design_wrapper.xsa
TRACE::2020-07-09.00:00:29::SCWPlatform::DSA absoulate path D:/Files/ECBEncoder/ECBEncoder/stream_sof/mb_design_wrapper/tempdsa/mb_design_wrapper.xsa
TRACE::2020-07-09.00:00:29::SCWPlatform:: Platform location is D:/Files/ECBEncoder/ECBEncoder/stream_sof/mb_design_wrapper/tempdsa
TRACE::2020-07-09.00:00:29::SCWPlatform:: Platform Path D:/Files/ECBEncoder/ECBEncoder/stream_sof/mb_design_wrapper/tempdsa/mb_design_wrapper.xsa
TRACE::2020-07-09.00:00:29::SCWPlatform:: Unique name xilinx:nexys4::0.0
TRACE::2020-07-09.00:00:30::SCWPlatform::Found the Hw Db part of the input DSA
TRACE::2020-07-09.00:00:30::SCWMssOS::Doing hw sync for the mss in domain: standalone_domain
TRACE::2020-07-09.00:00:30::SCWPlatform::Trying to open the hw design at D:/Files/ECBEncoder/ECBEncoder/stream_sof/mb_design_wrapper/hw/mb_design_wrapper.xsa
TRACE::2020-07-09.00:00:30::SCWPlatform::DSA given D:/Files/ECBEncoder/ECBEncoder/stream_sof/mb_design_wrapper/hw/mb_design_wrapper.xsa
TRACE::2020-07-09.00:00:30::SCWPlatform::DSA absoulate path D:/Files/ECBEncoder/ECBEncoder/stream_sof/mb_design_wrapper/hw/mb_design_wrapper.xsa
TRACE::2020-07-09.00:00:30::SCWPlatform::DSA directory D:/Files/ECBEncoder/ECBEncoder/stream_sof/mb_design_wrapper/hw
TRACE::2020-07-09.00:00:30::SCWPlatform:: Platform Path D:/Files/ECBEncoder/ECBEncoder/stream_sof/mb_design_wrapper/hw/mb_design_wrapper.xsa
TRACE::2020-07-09.00:00:30::SCWPlatform:: Unique name xilinx:nexys4::0.0
TRACE::2020-07-09.00:00:30::SCWPlatform::Trying to set the existing hwdb with name mb_design_wrapper_2
TRACE::2020-07-09.00:00:30::SCWPlatform::Opened existing hwdb mb_design_wrapper_2
TRACE::2020-07-09.00:00:30::SCWPlatform::Found the Hw Db part of the input DSA
TRACE::2020-07-09.00:00:30::SCWPlatform::Trying to open the hw design at D:/Files/ECBEncoder/ECBEncoder/stream_sof/mb_design_wrapper/hw/mb_design_wrapper.xsa
TRACE::2020-07-09.00:00:30::SCWPlatform::DSA given D:/Files/ECBEncoder/ECBEncoder/stream_sof/mb_design_wrapper/hw/mb_design_wrapper.xsa
TRACE::2020-07-09.00:00:30::SCWPlatform::DSA absoulate path D:/Files/ECBEncoder/ECBEncoder/stream_sof/mb_design_wrapper/hw/mb_design_wrapper.xsa
TRACE::2020-07-09.00:00:30::SCWPlatform::DSA directory D:/Files/ECBEncoder/ECBEncoder/stream_sof/mb_design_wrapper/hw
TRACE::2020-07-09.00:00:30::SCWPlatform:: Platform Path D:/Files/ECBEncoder/ECBEncoder/stream_sof/mb_design_wrapper/hw/mb_design_wrapper.xsa
TRACE::2020-07-09.00:00:30::SCWPlatform:: Unique name xilinx:nexys4::0.0
TRACE::2020-07-09.00:00:30::SCWPlatform::Trying to set the existing hwdb with name mb_design_wrapper_2
TRACE::2020-07-09.00:00:30::SCWPlatform::Opened existing hwdb mb_design_wrapper_2
TRACE::2020-07-09.00:00:30::SCWPlatform::Found the Hw Db part of the input DSA
TRACE::2020-07-09.00:00:30::SCWMssOS::Checking the sw design at  D:/Files/ECBEncoder/ECBEncoder/stream_sof/mb_design_wrapper/microblaze_0/standalone_domain/bsp/system.mss
TRACE::2020-07-09.00:00:30::SCWMssOS::DEBUG:  swdes dump  D:/Files/ECBEncoder/ECBEncoder/stream_sof/mb_design_wrapper/microblaze_0/standalone_domain/bsp/system.mss|system||

TRACE::2020-07-09.00:00:30::SCWMssOS::Sw design exists and opened at  D:/Files/ECBEncoder/ECBEncoder/stream_sof/mb_design_wrapper/microblaze_0/standalone_domain/bsp/system.mss
TRACE::2020-07-09.00:00:30::SCWPlatform::Trying to open the hw design at D:/Files/ECBEncoder/ECBEncoder/stream_sof/mb_design_wrapper/tempdsa/mb_design_wrapper.xsa
TRACE::2020-07-09.00:00:30::SCWPlatform::DSA given D:/Files/ECBEncoder/ECBEncoder/stream_sof/mb_design_wrapper/tempdsa/mb_design_wrapper.xsa
TRACE::2020-07-09.00:00:30::SCWPlatform::DSA absoulate path D:/Files/ECBEncoder/ECBEncoder/stream_sof/mb_design_wrapper/tempdsa/mb_design_wrapper.xsa
TRACE::2020-07-09.00:00:30::SCWPlatform::DSA directory D:/Files/ECBEncoder/ECBEncoder/stream_sof/mb_design_wrapper/tempdsa
TRACE::2020-07-09.00:00:30::SCWPlatform:: Platform Path D:/Files/ECBEncoder/ECBEncoder/stream_sof/mb_design_wrapper/tempdsa/mb_design_wrapper.xsa
TRACE::2020-07-09.00:00:30::SCWPlatform:: Unique name xilinx:nexys4::0.0
TRACE::2020-07-09.00:00:30::SCWPlatform::update - Opened existing hwdb mb_design_wrapper_3
TRACE::2020-07-09.00:00:30::SCWPlatform::Found the Hw Db part of the input DSA
TRACE::2020-07-09.00:00:30::SCWMssOS::Completed hw sync for the mss in domain: standalone_domain
TRACE::2020-07-09.00:00:30::SCWPlatform::Trying to open the hw design at D:/Files/ECBEncoder/ECBEncoder/stream_sof/mb_design_wrapper/hw/mb_design_wrapper.xsa
TRACE::2020-07-09.00:00:30::SCWPlatform::DSA given D:/Files/ECBEncoder/ECBEncoder/stream_sof/mb_design_wrapper/hw/mb_design_wrapper.xsa
TRACE::2020-07-09.00:00:30::SCWPlatform::DSA absoulate path D:/Files/ECBEncoder/ECBEncoder/stream_sof/mb_design_wrapper/hw/mb_design_wrapper.xsa
TRACE::2020-07-09.00:00:30::SCWPlatform::DSA directory D:/Files/ECBEncoder/ECBEncoder/stream_sof/mb_design_wrapper/hw
TRACE::2020-07-09.00:00:30::SCWPlatform:: Platform Path D:/Files/ECBEncoder/ECBEncoder/stream_sof/mb_design_wrapper/hw/mb_design_wrapper.xsa
TRACE::2020-07-09.00:00:30::SCWPlatform:: Unique name xilinx:nexys4::0.0
TRACE::2020-07-09.00:00:30::SCWPlatform::Do not have an existing db opened. 
TRACE::2020-07-09.00:00:30::SCWPlatform::Opened new HwDB with name mb_design_wrapper_4
TRACE::2020-07-09.00:00:30::SCWPlatform::Trying to open the hw design at D:/Files/ECBEncoder/ECBEncoder/stream_sof/mb_design_wrapper/hw/mb_design_wrapper.xsa
TRACE::2020-07-09.00:00:30::SCWPlatform::DSA given D:/Files/ECBEncoder/ECBEncoder/stream_sof/mb_design_wrapper/hw/mb_design_wrapper.xsa
TRACE::2020-07-09.00:00:30::SCWPlatform::DSA absoulate path D:/Files/ECBEncoder/ECBEncoder/stream_sof/mb_design_wrapper/hw/mb_design_wrapper.xsa
TRACE::2020-07-09.00:00:30::SCWPlatform::DSA directory D:/Files/ECBEncoder/ECBEncoder/stream_sof/mb_design_wrapper/hw
TRACE::2020-07-09.00:00:30::SCWPlatform:: Platform Path D:/Files/ECBEncoder/ECBEncoder/stream_sof/mb_design_wrapper/hw/mb_design_wrapper.xsa
TRACE::2020-07-09.00:00:30::SCWPlatform:: Unique name xilinx:nexys4::0.0
TRACE::2020-07-09.00:00:30::SCWPlatform::Trying to set the existing hwdb with name mb_design_wrapper_4
TRACE::2020-07-09.00:00:30::SCWPlatform::Opened existing hwdb mb_design_wrapper_4
TRACE::2020-07-09.00:00:30::SCWPlatform::Found the Hw Db part of the input DSA
TRACE::2020-07-09.00:00:30::SCWMssOS::Checking the sw design at  D:/Files/ECBEncoder/ECBEncoder/stream_sof/mb_design_wrapper/microblaze_0/standalone_domain/bsp/system.mss
TRACE::2020-07-09.00:00:30::SCWMssOS::DEBUG:  swdes dump  D:/Files/ECBEncoder/ECBEncoder/stream_sof/mb_design_wrapper/microblaze_0/standalone_domain/bsp/system.mss|system||

TRACE::2020-07-09.00:00:30::SCWMssOS::Sw design exists and opened at  D:/Files/ECBEncoder/ECBEncoder/stream_sof/mb_design_wrapper/microblaze_0/standalone_domain/bsp/system.mss
TRACE::2020-07-09.00:00:30::SCWWriter::formatted JSON is {
	"platformName":	"mb_design_wrapper",
	"sprVersion":	"2.0",
	"mode":	"gui",
	"dsaType":	"Fixed",
	"platformDesc":	"mb_design_wrapper",
	"platHandOff":	"D:/Files/ECBEncoder/ECBEncoder/stream/mb_design_wrapper.xsa",
	"platIntHandOff":	"<platformDir>/hw/mb_design_wrapper.xsa",
	"deviceType":	"FPGA",
	"platIsPrebuiltAutogen":	"false",
	"platIsNoBootBsp":	"false",
	"hasFsblMakeHasChanges":	"false",
	"hasPmufwMakeHasChanges":	"false",
	"platPreBuiltFlag":	false,
	"platformSamplesDir":	"",
	"platActiveSys":	"mb_design_wrapper",
	"systems":	[{
			"systemName":	"mb_design_wrapper",
			"systemDesc":	"mb_design_wrapper",
			"sysIsBootAutoGen":	"true",
			"systemDispName":	"mb_design_wrapper",
			"sysActiveDom":	"standalone_domain",
			"sysDefaultDom":	"standalone_domain",
			"domains":	[{
					"domainName":	"standalone_domain",
					"domainDispName":	"standalone on microblaze_0",
					"domainDesc":	"standalone_domain",
					"processors":	"microblaze_0",
					"os":	"standalone",
					"sdxOs":	"standalone",
					"debugEnable":	"False",
					"domRuntimes":	["cpp"],
					"swRepo":	"",
					"mssOsVer":	"7.1",
					"mssFile":	"",
					"md5Digest":	"7187d7fb79f1a7c29f73d5b8aa768dce",
					"compatibleApp":	"",
					"domType":	"mssDomain",
					"arch":	"32-bit",
					"appSettings":	{
						"appCompilerFlags":	"",
						"appLinkerFlags":	""
					},
					"addedLibs":	[],
					"libOptions":	{
						"libsContainingOptions":	[]
					},
					"prebuiltLibs":	{
						"prebuiltIncPath":	[],
						"prebuiltLibPath":	[]
					},
					"isolation":	{
					}
				}]
		}]
}
TRACE::2020-07-09.00:01:11::SCWPlatform::Clearing the existing platform
TRACE::2020-07-09.00:01:11::SCWSystem::Clearing the existing sysconfig
TRACE::2020-07-09.00:01:11::SCWMssOS::Removing the swdes entry for  D:/Files/ECBEncoder/ECBEncoder/stream_sof/mb_design_wrapper/microblaze_0/standalone_domain/bsp/system.mss
TRACE::2020-07-09.00:01:11::SCWSystem::Clearing the domains completed.
TRACE::2020-07-09.00:01:11::SCWPlatform::Clearing the opened hw db.
TRACE::2020-07-09.00:01:11::SCWPlatform::DSA given D:/Files/ECBEncoder/ECBEncoder/stream_sof/mb_design_wrapper/hw/mb_design_wrapper.xsa
TRACE::2020-07-09.00:01:11::SCWPlatform::DSA absoulate path D:/Files/ECBEncoder/ECBEncoder/stream_sof/mb_design_wrapper/hw/mb_design_wrapper.xsa
TRACE::2020-07-09.00:01:11::SCWPlatform:: Platform location is D:/Files/ECBEncoder/ECBEncoder/stream_sof/mb_design_wrapper/hw
TRACE::2020-07-09.00:01:11::SCWPlatform:: Platform Path D:/Files/ECBEncoder/ECBEncoder/stream_sof/mb_design_wrapper/hw/mb_design_wrapper.xsa
TRACE::2020-07-09.00:01:11::SCWPlatform:: Unique name xilinx:nexys4::0.0
TRACE::2020-07-09.00:01:11::SCWPlatform::Removing the HwDB with name D:/Files/ECBEncoder/ECBEncoder/stream_sof/mb_design_wrapper/hw/mb_design_wrapper.xsa
TRACE::2020-07-09.00:01:11::SCWPlatform::Trying to open the hw design at D:/Files/ECBEncoder/ECBEncoder/stream_sof/mb_design_wrapper/hw/mb_design_wrapper.xsa
TRACE::2020-07-09.00:01:11::SCWPlatform::DSA given D:/Files/ECBEncoder/ECBEncoder/stream_sof/mb_design_wrapper/hw/mb_design_wrapper.xsa
TRACE::2020-07-09.00:01:11::SCWPlatform::DSA absoulate path D:/Files/ECBEncoder/ECBEncoder/stream_sof/mb_design_wrapper/hw/mb_design_wrapper.xsa
TRACE::2020-07-09.00:01:11::SCWPlatform::DSA directory D:/Files/ECBEncoder/ECBEncoder/stream_sof/mb_design_wrapper/hw
TRACE::2020-07-09.00:01:11::SCWPlatform:: Platform Path D:/Files/ECBEncoder/ECBEncoder/stream_sof/mb_design_wrapper/hw/mb_design_wrapper.xsa
TRACE::2020-07-09.00:01:11::SCWPlatform:: Unique name xilinx:nexys4::0.0
TRACE::2020-07-09.00:01:11::SCWPlatform::Do not have an existing db opened. 
TRACE::2020-07-09.00:01:11::SCWPlatform::Opened new HwDB with name mb_design_wrapper_5
TRACE::2020-07-09.00:01:11::SCWReader::Active system found as  mb_design_wrapper
TRACE::2020-07-09.00:01:11::SCWReader::Handling sysconfig mb_design_wrapper
TRACE::2020-07-09.00:01:11::SCWDomain::checking for install qemu data   : 
TRACE::2020-07-09.00:01:11::SCWPlatform::Trying to open the hw design at D:/Files/ECBEncoder/ECBEncoder/stream_sof/mb_design_wrapper/hw/mb_design_wrapper.xsa
TRACE::2020-07-09.00:01:11::SCWPlatform::DSA given D:/Files/ECBEncoder/ECBEncoder/stream_sof/mb_design_wrapper/hw/mb_design_wrapper.xsa
TRACE::2020-07-09.00:01:11::SCWPlatform::DSA absoulate path D:/Files/ECBEncoder/ECBEncoder/stream_sof/mb_design_wrapper/hw/mb_design_wrapper.xsa
TRACE::2020-07-09.00:01:11::SCWPlatform::DSA directory D:/Files/ECBEncoder/ECBEncoder/stream_sof/mb_design_wrapper/hw
TRACE::2020-07-09.00:01:11::SCWPlatform:: Platform Path D:/Files/ECBEncoder/ECBEncoder/stream_sof/mb_design_wrapper/hw/mb_design_wrapper.xsa
TRACE::2020-07-09.00:01:11::SCWPlatform:: Unique name xilinx:nexys4::0.0
TRACE::2020-07-09.00:01:11::SCWPlatform::Trying to set the existing hwdb with name mb_design_wrapper_5
TRACE::2020-07-09.00:01:11::SCWPlatform::Opened existing hwdb mb_design_wrapper_5
TRACE::2020-07-09.00:01:11::SCWPlatform::Found the Hw Db part of the input DSA
TRACE::2020-07-09.00:01:11::SCWPlatform::Trying to open the hw design at D:/Files/ECBEncoder/ECBEncoder/stream_sof/mb_design_wrapper/hw/mb_design_wrapper.xsa
TRACE::2020-07-09.00:01:11::SCWPlatform::DSA given D:/Files/ECBEncoder/ECBEncoder/stream_sof/mb_design_wrapper/hw/mb_design_wrapper.xsa
TRACE::2020-07-09.00:01:11::SCWPlatform::DSA absoulate path D:/Files/ECBEncoder/ECBEncoder/stream_sof/mb_design_wrapper/hw/mb_design_wrapper.xsa
TRACE::2020-07-09.00:01:11::SCWPlatform::DSA directory D:/Files/ECBEncoder/ECBEncoder/stream_sof/mb_design_wrapper/hw
TRACE::2020-07-09.00:01:11::SCWPlatform:: Platform Path D:/Files/ECBEncoder/ECBEncoder/stream_sof/mb_design_wrapper/hw/mb_design_wrapper.xsa
TRACE::2020-07-09.00:01:11::SCWPlatform:: Unique name xilinx:nexys4::0.0
TRACE::2020-07-09.00:01:11::SCWPlatform::Trying to set the existing hwdb with name mb_design_wrapper_5
TRACE::2020-07-09.00:01:11::SCWPlatform::Opened existing hwdb mb_design_wrapper_5
TRACE::2020-07-09.00:01:11::SCWPlatform::Found the Hw Db part of the input DSA
TRACE::2020-07-09.00:01:11::SCWPlatform::Trying to open the hw design at D:/Files/ECBEncoder/ECBEncoder/stream_sof/mb_design_wrapper/hw/mb_design_wrapper.xsa
TRACE::2020-07-09.00:01:11::SCWPlatform::DSA given D:/Files/ECBEncoder/ECBEncoder/stream_sof/mb_design_wrapper/hw/mb_design_wrapper.xsa
TRACE::2020-07-09.00:01:11::SCWPlatform::DSA absoulate path D:/Files/ECBEncoder/ECBEncoder/stream_sof/mb_design_wrapper/hw/mb_design_wrapper.xsa
TRACE::2020-07-09.00:01:11::SCWPlatform::DSA directory D:/Files/ECBEncoder/ECBEncoder/stream_sof/mb_design_wrapper/hw
TRACE::2020-07-09.00:01:11::SCWPlatform:: Platform Path D:/Files/ECBEncoder/ECBEncoder/stream_sof/mb_design_wrapper/hw/mb_design_wrapper.xsa
TRACE::2020-07-09.00:01:11::SCWPlatform:: Unique name xilinx:nexys4::0.0
TRACE::2020-07-09.00:01:11::SCWPlatform::Trying to set the existing hwdb with name mb_design_wrapper_5
TRACE::2020-07-09.00:01:11::SCWPlatform::Opened existing hwdb mb_design_wrapper_5
TRACE::2020-07-09.00:01:11::SCWPlatform::Found the Hw Db part of the input DSA
TRACE::2020-07-09.00:01:11::SCWMssOS::Checking the sw design at  D:/Files/ECBEncoder/ECBEncoder/stream_sof/mb_design_wrapper/microblaze_0/standalone_domain/bsp/system.mss
TRACE::2020-07-09.00:01:11::SCWMssOS::DEBUG:  swdes dump  
TRACE::2020-07-09.00:01:11::SCWMssOS::No sw design opened at  D:/Files/ECBEncoder/ECBEncoder/stream_sof/mb_design_wrapper/microblaze_0/standalone_domain/bsp/system.mss
TRACE::2020-07-09.00:01:11::SCWMssOS::mss exists loading the mss file  D:/Files/ECBEncoder/ECBEncoder/stream_sof/mb_design_wrapper/microblaze_0/standalone_domain/bsp/system.mss
TRACE::2020-07-09.00:01:11::SCWMssOS::Opened the sw design from mss  D:/Files/ECBEncoder/ECBEncoder/stream_sof/mb_design_wrapper/microblaze_0/standalone_domain/bsp/system.mss
TRACE::2020-07-09.00:01:11::SCWMssOS::Adding the swdes entry D:/Files/ECBEncoder/ECBEncoder/stream_sof/mb_design_wrapper/microblaze_0/standalone_domain/bsp/system.mss with des name system
TRACE::2020-07-09.00:01:11::SCWMssOS::updating the scw layer about changes
TRACE::2020-07-09.00:01:11::SCWMssOS::Opened the sw design.  D:/Files/ECBEncoder/ECBEncoder/stream_sof/mb_design_wrapper/microblaze_0/standalone_domain/bsp/system.mss
TRACE::2020-07-09.00:01:11::SCWReader::Adding prebuilt librarypaths as   
TRACE::2020-07-09.00:01:11::SCWReader::Adding prebuilt incpaths  as   
TRACE::2020-07-09.00:01:11::SCWPlatform::Trying to open the hw design at D:/Files/ECBEncoder/ECBEncoder/stream_sof/mb_design_wrapper/hw/mb_design_wrapper.xsa
TRACE::2020-07-09.00:01:11::SCWPlatform::DSA given D:/Files/ECBEncoder/ECBEncoder/stream_sof/mb_design_wrapper/hw/mb_design_wrapper.xsa
TRACE::2020-07-09.00:01:11::SCWPlatform::DSA absoulate path D:/Files/ECBEncoder/ECBEncoder/stream_sof/mb_design_wrapper/hw/mb_design_wrapper.xsa
TRACE::2020-07-09.00:01:11::SCWPlatform::DSA directory D:/Files/ECBEncoder/ECBEncoder/stream_sof/mb_design_wrapper/hw
TRACE::2020-07-09.00:01:11::SCWPlatform:: Platform Path D:/Files/ECBEncoder/ECBEncoder/stream_sof/mb_design_wrapper/hw/mb_design_wrapper.xsa
TRACE::2020-07-09.00:01:11::SCWPlatform:: Unique name xilinx:nexys4::0.0
TRACE::2020-07-09.00:01:11::SCWPlatform::Trying to set the existing hwdb with name mb_design_wrapper_5
TRACE::2020-07-09.00:01:11::SCWPlatform::Opened existing hwdb mb_design_wrapper_5
TRACE::2020-07-09.00:01:11::SCWPlatform::Found the Hw Db part of the input DSA
TRACE::2020-07-09.00:01:11::SCWMssOS::Checking the sw design at  D:/Files/ECBEncoder/ECBEncoder/stream_sof/mb_design_wrapper/microblaze_0/standalone_domain/bsp/system.mss
TRACE::2020-07-09.00:01:11::SCWMssOS::DEBUG:  swdes dump  D:/Files/ECBEncoder/ECBEncoder/stream_sof/mb_design_wrapper/microblaze_0/standalone_domain/bsp/system.mss|system||

TRACE::2020-07-09.00:01:11::SCWMssOS::Sw design exists and opened at  D:/Files/ECBEncoder/ECBEncoder/stream_sof/mb_design_wrapper/microblaze_0/standalone_domain/bsp/system.mss
TRACE::2020-07-09.00:01:11::SCWReader::No isolation master present  
TRACE::2020-07-09.00:01:14::SCWPlatform::DSA given D:/Files/ECBEncoder/ECBEncoder/stream_sof/mb_design_wrapper/tempdsa/mb_design_wrapper.xsa
TRACE::2020-07-09.00:01:14::SCWPlatform::DSA absoulate path D:/Files/ECBEncoder/ECBEncoder/stream_sof/mb_design_wrapper/tempdsa/mb_design_wrapper.xsa
TRACE::2020-07-09.00:01:14::SCWPlatform:: Platform location is D:/Files/ECBEncoder/ECBEncoder/stream_sof/mb_design_wrapper/tempdsa
TRACE::2020-07-09.00:01:14::SCWPlatform:: Platform Path D:/Files/ECBEncoder/ECBEncoder/stream_sof/mb_design_wrapper/tempdsa/mb_design_wrapper.xsa
TRACE::2020-07-09.00:01:14::SCWPlatform:: Unique name xilinx:nexys4::0.0
TRACE::2020-07-09.00:01:14::SCWPlatform::Found the Hw Db part of the input DSA
TRACE::2020-07-09.00:01:14::SCWMssOS::Doing hw sync for the mss in domain: standalone_domain
TRACE::2020-07-09.00:01:14::SCWPlatform::Trying to open the hw design at D:/Files/ECBEncoder/ECBEncoder/stream_sof/mb_design_wrapper/hw/mb_design_wrapper.xsa
TRACE::2020-07-09.00:01:14::SCWPlatform::DSA given D:/Files/ECBEncoder/ECBEncoder/stream_sof/mb_design_wrapper/hw/mb_design_wrapper.xsa
TRACE::2020-07-09.00:01:14::SCWPlatform::DSA absoulate path D:/Files/ECBEncoder/ECBEncoder/stream_sof/mb_design_wrapper/hw/mb_design_wrapper.xsa
TRACE::2020-07-09.00:01:14::SCWPlatform::DSA directory D:/Files/ECBEncoder/ECBEncoder/stream_sof/mb_design_wrapper/hw
TRACE::2020-07-09.00:01:14::SCWPlatform:: Platform Path D:/Files/ECBEncoder/ECBEncoder/stream_sof/mb_design_wrapper/hw/mb_design_wrapper.xsa
TRACE::2020-07-09.00:01:14::SCWPlatform:: Unique name xilinx:nexys4::0.0
TRACE::2020-07-09.00:01:14::SCWPlatform::Trying to set the existing hwdb with name mb_design_wrapper_5
TRACE::2020-07-09.00:01:14::SCWPlatform::Opened existing hwdb mb_design_wrapper_5
TRACE::2020-07-09.00:01:14::SCWPlatform::Found the Hw Db part of the input DSA
TRACE::2020-07-09.00:01:14::SCWPlatform::Trying to open the hw design at D:/Files/ECBEncoder/ECBEncoder/stream_sof/mb_design_wrapper/hw/mb_design_wrapper.xsa
TRACE::2020-07-09.00:01:14::SCWPlatform::DSA given D:/Files/ECBEncoder/ECBEncoder/stream_sof/mb_design_wrapper/hw/mb_design_wrapper.xsa
TRACE::2020-07-09.00:01:14::SCWPlatform::DSA absoulate path D:/Files/ECBEncoder/ECBEncoder/stream_sof/mb_design_wrapper/hw/mb_design_wrapper.xsa
TRACE::2020-07-09.00:01:14::SCWPlatform::DSA directory D:/Files/ECBEncoder/ECBEncoder/stream_sof/mb_design_wrapper/hw
TRACE::2020-07-09.00:01:14::SCWPlatform:: Platform Path D:/Files/ECBEncoder/ECBEncoder/stream_sof/mb_design_wrapper/hw/mb_design_wrapper.xsa
TRACE::2020-07-09.00:01:14::SCWPlatform:: Unique name xilinx:nexys4::0.0
TRACE::2020-07-09.00:01:14::SCWPlatform::Trying to set the existing hwdb with name mb_design_wrapper_5
TRACE::2020-07-09.00:01:14::SCWPlatform::Opened existing hwdb mb_design_wrapper_5
TRACE::2020-07-09.00:01:14::SCWPlatform::Found the Hw Db part of the input DSA
TRACE::2020-07-09.00:01:14::SCWMssOS::Checking the sw design at  D:/Files/ECBEncoder/ECBEncoder/stream_sof/mb_design_wrapper/microblaze_0/standalone_domain/bsp/system.mss
TRACE::2020-07-09.00:01:14::SCWMssOS::DEBUG:  swdes dump  D:/Files/ECBEncoder/ECBEncoder/stream_sof/mb_design_wrapper/microblaze_0/standalone_domain/bsp/system.mss|system||

TRACE::2020-07-09.00:01:14::SCWMssOS::Sw design exists and opened at  D:/Files/ECBEncoder/ECBEncoder/stream_sof/mb_design_wrapper/microblaze_0/standalone_domain/bsp/system.mss
TRACE::2020-07-09.00:01:14::SCWPlatform::Trying to open the hw design at D:/Files/ECBEncoder/ECBEncoder/stream_sof/mb_design_wrapper/tempdsa/mb_design_wrapper.xsa
TRACE::2020-07-09.00:01:14::SCWPlatform::DSA given D:/Files/ECBEncoder/ECBEncoder/stream_sof/mb_design_wrapper/tempdsa/mb_design_wrapper.xsa
TRACE::2020-07-09.00:01:14::SCWPlatform::DSA absoulate path D:/Files/ECBEncoder/ECBEncoder/stream_sof/mb_design_wrapper/tempdsa/mb_design_wrapper.xsa
TRACE::2020-07-09.00:01:14::SCWPlatform::DSA directory D:/Files/ECBEncoder/ECBEncoder/stream_sof/mb_design_wrapper/tempdsa
TRACE::2020-07-09.00:01:14::SCWPlatform:: Platform Path D:/Files/ECBEncoder/ECBEncoder/stream_sof/mb_design_wrapper/tempdsa/mb_design_wrapper.xsa
TRACE::2020-07-09.00:01:14::SCWPlatform:: Unique name xilinx:nexys4::0.0
TRACE::2020-07-09.00:01:14::SCWPlatform::update - Opened existing hwdb mb_design_wrapper_6
TRACE::2020-07-09.00:01:14::SCWPlatform::Found the Hw Db part of the input DSA
TRACE::2020-07-09.00:01:14::SCWMssOS::Completed hw sync for the mss in domain: standalone_domain
TRACE::2020-07-09.00:01:14::SCWPlatform::Trying to open the hw design at D:/Files/ECBEncoder/ECBEncoder/stream_sof/mb_design_wrapper/hw/mb_design_wrapper.xsa
TRACE::2020-07-09.00:01:14::SCWPlatform::DSA given D:/Files/ECBEncoder/ECBEncoder/stream_sof/mb_design_wrapper/hw/mb_design_wrapper.xsa
TRACE::2020-07-09.00:01:14::SCWPlatform::DSA absoulate path D:/Files/ECBEncoder/ECBEncoder/stream_sof/mb_design_wrapper/hw/mb_design_wrapper.xsa
TRACE::2020-07-09.00:01:14::SCWPlatform::DSA directory D:/Files/ECBEncoder/ECBEncoder/stream_sof/mb_design_wrapper/hw
TRACE::2020-07-09.00:01:14::SCWPlatform:: Platform Path D:/Files/ECBEncoder/ECBEncoder/stream_sof/mb_design_wrapper/hw/mb_design_wrapper.xsa
TRACE::2020-07-09.00:01:14::SCWPlatform:: Unique name xilinx:nexys4::0.0
TRACE::2020-07-09.00:01:14::SCWPlatform::Do not have an existing db opened. 
TRACE::2020-07-09.00:01:15::SCWPlatform::Opened new HwDB with name mb_design_wrapper_7
TRACE::2020-07-09.00:01:15::SCWPlatform::Trying to open the hw design at D:/Files/ECBEncoder/ECBEncoder/stream_sof/mb_design_wrapper/hw/mb_design_wrapper.xsa
TRACE::2020-07-09.00:01:15::SCWPlatform::DSA given D:/Files/ECBEncoder/ECBEncoder/stream_sof/mb_design_wrapper/hw/mb_design_wrapper.xsa
TRACE::2020-07-09.00:01:15::SCWPlatform::DSA absoulate path D:/Files/ECBEncoder/ECBEncoder/stream_sof/mb_design_wrapper/hw/mb_design_wrapper.xsa
TRACE::2020-07-09.00:01:15::SCWPlatform::DSA directory D:/Files/ECBEncoder/ECBEncoder/stream_sof/mb_design_wrapper/hw
TRACE::2020-07-09.00:01:15::SCWPlatform:: Platform Path D:/Files/ECBEncoder/ECBEncoder/stream_sof/mb_design_wrapper/hw/mb_design_wrapper.xsa
TRACE::2020-07-09.00:01:15::SCWPlatform:: Unique name xilinx:nexys4::0.0
TRACE::2020-07-09.00:01:15::SCWPlatform::Trying to set the existing hwdb with name mb_design_wrapper_7
TRACE::2020-07-09.00:01:15::SCWPlatform::Opened existing hwdb mb_design_wrapper_7
TRACE::2020-07-09.00:01:15::SCWPlatform::Found the Hw Db part of the input DSA
TRACE::2020-07-09.00:01:15::SCWMssOS::Checking the sw design at  D:/Files/ECBEncoder/ECBEncoder/stream_sof/mb_design_wrapper/microblaze_0/standalone_domain/bsp/system.mss
TRACE::2020-07-09.00:01:15::SCWMssOS::DEBUG:  swdes dump  D:/Files/ECBEncoder/ECBEncoder/stream_sof/mb_design_wrapper/microblaze_0/standalone_domain/bsp/system.mss|system||

TRACE::2020-07-09.00:01:15::SCWMssOS::Sw design exists and opened at  D:/Files/ECBEncoder/ECBEncoder/stream_sof/mb_design_wrapper/microblaze_0/standalone_domain/bsp/system.mss
TRACE::2020-07-09.00:01:15::SCWWriter::formatted JSON is {
	"platformName":	"mb_design_wrapper",
	"sprVersion":	"2.0",
	"mode":	"gui",
	"dsaType":	"Fixed",
	"platformDesc":	"mb_design_wrapper",
	"platHandOff":	"D:/Files/ECBEncoder/ECBEncoder/stream/mb_design_wrapper.xsa",
	"platIntHandOff":	"<platformDir>/hw/mb_design_wrapper.xsa",
	"deviceType":	"FPGA",
	"platIsPrebuiltAutogen":	"false",
	"platIsNoBootBsp":	"false",
	"hasFsblMakeHasChanges":	"false",
	"hasPmufwMakeHasChanges":	"false",
	"platPreBuiltFlag":	false,
	"platformSamplesDir":	"",
	"platActiveSys":	"mb_design_wrapper",
	"systems":	[{
			"systemName":	"mb_design_wrapper",
			"systemDesc":	"mb_design_wrapper",
			"sysIsBootAutoGen":	"true",
			"systemDispName":	"mb_design_wrapper",
			"sysActiveDom":	"standalone_domain",
			"sysDefaultDom":	"standalone_domain",
			"domains":	[{
					"domainName":	"standalone_domain",
					"domainDispName":	"standalone on microblaze_0",
					"domainDesc":	"standalone_domain",
					"processors":	"microblaze_0",
					"os":	"standalone",
					"sdxOs":	"standalone",
					"debugEnable":	"False",
					"domRuntimes":	["cpp"],
					"swRepo":	"",
					"mssOsVer":	"7.1",
					"mssFile":	"",
					"md5Digest":	"7187d7fb79f1a7c29f73d5b8aa768dce",
					"compatibleApp":	"",
					"domType":	"mssDomain",
					"arch":	"32-bit",
					"appSettings":	{
						"appCompilerFlags":	"",
						"appLinkerFlags":	""
					},
					"addedLibs":	[],
					"libOptions":	{
						"libsContainingOptions":	[]
					},
					"prebuiltLibs":	{
						"prebuiltIncPath":	[],
						"prebuiltLibPath":	[]
					},
					"isolation":	{
					}
				}]
		}]
}
