TRACE::2020-06-09.18:06:01::SCWPlatform::Trying to open the hw design at C:/CR/ECBEncoder/workspace/mb_design_wrapper/hw/mb_design_wrapper.xsa
TRACE::2020-06-09.18:06:01::SCWPlatform::DSA given C:/CR/ECBEncoder/workspace/mb_design_wrapper/hw/mb_design_wrapper.xsa
TRACE::2020-06-09.18:06:01::SCWPlatform::DSA absoulate path C:/CR/ECBEncoder/workspace/mb_design_wrapper/hw/mb_design_wrapper.xsa
TRACE::2020-06-09.18:06:03::SCWPlatform::DSA directory C:/CR/ECBEncoder/workspace/mb_design_wrapper/hw
TRACE::2020-06-09.18:06:03::SCWPlatform:: Platform Path C:/CR/ECBEncoder/workspace/mb_design_wrapper/hw/mb_design_wrapper.xsa
TRACE::2020-06-09.18:06:03::SCWPlatform:: Unique name xilinx:nexys4::0.0
TRACE::2020-06-09.18:06:03::SCWPlatform::Do not have an existing db opened. 
TRACE::2020-06-09.18:06:03::SCWPlatform::Opened new HwDB with name mb_design_wrapper_0
TRACE::2020-06-09.18:06:03::SCWWriter::formatted JSON is {
	"platformName":	"mb_design_wrapper",
	"sprVersion":	"2.0",
	"mode":	"gui",
	"dsaType":	"Fixed",
	"platformDesc":	"mb_design_wrapper",
	"platHandOff":	"C:/CR/ECBEncoder/project_1/mb_design_wrapper.xsa",
	"platIntHandOff":	"<platformDir>/hw/mb_design_wrapper.xsa",
	"deviceType":	"FPGA",
	"platIsPrebuiltAutogen":	"false",
	"platIsNoBootBsp":	"false",
	"hasFsblMakeHasChanges":	"false",
	"hasPmufwMakeHasChanges":	"false",
	"platPreBuiltFlag":	false,
	"platformSamplesDir":	""
}
TRACE::2020-06-09.18:06:03::SCWWriter::formatted JSON is {
	"platformName":	"mb_design_wrapper",
	"sprVersion":	"2.0",
	"mode":	"gui",
	"dsaType":	"Fixed",
	"platformDesc":	"mb_design_wrapper",
	"platHandOff":	"C:/CR/ECBEncoder/project_1/mb_design_wrapper.xsa",
	"platIntHandOff":	"<platformDir>/hw/mb_design_wrapper.xsa",
	"deviceType":	"FPGA",
	"platIsPrebuiltAutogen":	"false",
	"platIsNoBootBsp":	"false",
	"hasFsblMakeHasChanges":	"false",
	"hasPmufwMakeHasChanges":	"false",
	"platPreBuiltFlag":	false,
	"platformSamplesDir":	"",
	"platActiveSys":	"mb_design_wrapper",
	"systems":	[{
			"systemName":	"mb_design_wrapper",
			"systemDesc":	"mb_design_wrapper",
			"sysIsBootAutoGen":	"true",
			"systemDispName":	"mb_design_wrapper"
		}]
}
TRACE::2020-06-09.18:06:03::SCWPlatform::Boot application domains not present, creating them
TRACE::2020-06-09.18:06:03::SCWPlatform::Pure FPGA device, no boot application will be created.
TRACE::2020-06-09.18:06:03::SCWWriter::formatted JSON is {
	"platformName":	"mb_design_wrapper",
	"sprVersion":	"2.0",
	"mode":	"gui",
	"dsaType":	"Fixed",
	"platformDesc":	"mb_design_wrapper",
	"platHandOff":	"C:/CR/ECBEncoder/project_1/mb_design_wrapper.xsa",
	"platIntHandOff":	"<platformDir>/hw/mb_design_wrapper.xsa",
	"deviceType":	"FPGA",
	"platIsPrebuiltAutogen":	"false",
	"platIsNoBootBsp":	"false",
	"hasFsblMakeHasChanges":	"false",
	"hasPmufwMakeHasChanges":	"false",
	"platPreBuiltFlag":	false,
	"platformSamplesDir":	"",
	"platActiveSys":	"mb_design_wrapper",
	"systems":	[{
			"systemName":	"mb_design_wrapper",
			"systemDesc":	"mb_design_wrapper",
			"sysIsBootAutoGen":	"true",
			"systemDispName":	"mb_design_wrapper"
		}]
}
TRACE::2020-06-09.18:06:03::SCWWriter::formatted JSON is {
	"platformName":	"mb_design_wrapper",
	"sprVersion":	"2.0",
	"mode":	"gui",
	"dsaType":	"Fixed",
	"platformDesc":	"mb_design_wrapper",
	"platHandOff":	"C:/CR/ECBEncoder/project_1/mb_design_wrapper.xsa",
	"platIntHandOff":	"<platformDir>/hw/mb_design_wrapper.xsa",
	"deviceType":	"FPGA",
	"platIsPrebuiltAutogen":	"false",
	"platIsNoBootBsp":	"false",
	"hasFsblMakeHasChanges":	"false",
	"hasPmufwMakeHasChanges":	"false",
	"platPreBuiltFlag":	false,
	"platformSamplesDir":	"",
	"platActiveSys":	"mb_design_wrapper",
	"systems":	[{
			"systemName":	"mb_design_wrapper",
			"systemDesc":	"mb_design_wrapper",
			"sysIsBootAutoGen":	"true",
			"systemDispName":	"mb_design_wrapper"
		}]
}
TRACE::2020-06-09.18:06:04::SCWPlatform::Trying to open the hw design at C:/CR/ECBEncoder/workspace/mb_design_wrapper/hw/mb_design_wrapper.xsa
TRACE::2020-06-09.18:06:04::SCWPlatform::DSA given C:/CR/ECBEncoder/workspace/mb_design_wrapper/hw/mb_design_wrapper.xsa
TRACE::2020-06-09.18:06:04::SCWPlatform::DSA absoulate path C:/CR/ECBEncoder/workspace/mb_design_wrapper/hw/mb_design_wrapper.xsa
TRACE::2020-06-09.18:06:04::SCWPlatform::DSA directory C:/CR/ECBEncoder/workspace/mb_design_wrapper/hw
TRACE::2020-06-09.18:06:04::SCWPlatform:: Platform Path C:/CR/ECBEncoder/workspace/mb_design_wrapper/hw/mb_design_wrapper.xsa
TRACE::2020-06-09.18:06:04::SCWPlatform:: Unique name xilinx:nexys4::0.0
TRACE::2020-06-09.18:06:04::SCWPlatform::Trying to set the existing hwdb with name mb_design_wrapper_0
TRACE::2020-06-09.18:06:04::SCWPlatform::Opened existing hwdb mb_design_wrapper_0
TRACE::2020-06-09.18:06:04::SCWPlatform::Found the Hw Db part of the input DSA
TRACE::2020-06-09.18:06:04::SCWDomain::checking for install qemu data   : 
TRACE::2020-06-09.18:06:04::SCWPlatform::Trying to open the hw design at C:/CR/ECBEncoder/workspace/mb_design_wrapper/hw/mb_design_wrapper.xsa
TRACE::2020-06-09.18:06:04::SCWPlatform::DSA given C:/CR/ECBEncoder/workspace/mb_design_wrapper/hw/mb_design_wrapper.xsa
TRACE::2020-06-09.18:06:04::SCWPlatform::DSA absoulate path C:/CR/ECBEncoder/workspace/mb_design_wrapper/hw/mb_design_wrapper.xsa
TRACE::2020-06-09.18:06:04::SCWPlatform::DSA directory C:/CR/ECBEncoder/workspace/mb_design_wrapper/hw
TRACE::2020-06-09.18:06:04::SCWPlatform:: Platform Path C:/CR/ECBEncoder/workspace/mb_design_wrapper/hw/mb_design_wrapper.xsa
TRACE::2020-06-09.18:06:04::SCWPlatform:: Unique name xilinx:nexys4::0.0
TRACE::2020-06-09.18:06:04::SCWPlatform::Trying to set the existing hwdb with name mb_design_wrapper_0
TRACE::2020-06-09.18:06:04::SCWPlatform::Opened existing hwdb mb_design_wrapper_0
TRACE::2020-06-09.18:06:04::SCWPlatform::Found the Hw Db part of the input DSA
TRACE::2020-06-09.18:06:04::SCWPlatform::Trying to open the hw design at C:/CR/ECBEncoder/workspace/mb_design_wrapper/hw/mb_design_wrapper.xsa
TRACE::2020-06-09.18:06:04::SCWPlatform::DSA given C:/CR/ECBEncoder/workspace/mb_design_wrapper/hw/mb_design_wrapper.xsa
TRACE::2020-06-09.18:06:04::SCWPlatform::DSA absoulate path C:/CR/ECBEncoder/workspace/mb_design_wrapper/hw/mb_design_wrapper.xsa
TRACE::2020-06-09.18:06:04::SCWPlatform::DSA directory C:/CR/ECBEncoder/workspace/mb_design_wrapper/hw
TRACE::2020-06-09.18:06:04::SCWPlatform:: Platform Path C:/CR/ECBEncoder/workspace/mb_design_wrapper/hw/mb_design_wrapper.xsa
TRACE::2020-06-09.18:06:04::SCWPlatform:: Unique name xilinx:nexys4::0.0
TRACE::2020-06-09.18:06:04::SCWPlatform::Trying to set the existing hwdb with name mb_design_wrapper_0
TRACE::2020-06-09.18:06:04::SCWPlatform::Opened existing hwdb mb_design_wrapper_0
TRACE::2020-06-09.18:06:04::SCWPlatform::Found the Hw Db part of the input DSA
TRACE::2020-06-09.18:06:04::SCWMssOS::Checking the sw design at  C:/CR/ECBEncoder/workspace/mb_design_wrapper/microblaze_0/freertos10_xilinx_domain/bsp/system.mss
TRACE::2020-06-09.18:06:04::SCWMssOS::DEBUG:  swdes dump  
TRACE::2020-06-09.18:06:04::SCWMssOS::No sw design opened at  C:/CR/ECBEncoder/workspace/mb_design_wrapper/microblaze_0/freertos10_xilinx_domain/bsp/system.mss
TRACE::2020-06-09.18:06:04::SCWMssOS::mss does not exists at C:/CR/ECBEncoder/workspace/mb_design_wrapper/microblaze_0/freertos10_xilinx_domain/bsp/system.mss
TRACE::2020-06-09.18:06:04::SCWMssOS::Creating sw design at  C:/CR/ECBEncoder/workspace/mb_design_wrapper/microblaze_0/freertos10_xilinx_domain/bsp/system.mss
TRACE::2020-06-09.18:06:04::SCWMssOS::Adding the swdes entry, created swdb C:/CR/ECBEncoder/workspace/mb_design_wrapper/microblaze_0/freertos10_xilinx_domain/bsp/system.mss with des name C:/CR/ECBEncoder/workspace/mb_design_wrapper/microblaze_0/freertos10_xilinx_domain/bsp/system.mss
TRACE::2020-06-09.18:06:04::SCWMssOS::updating the scw layer changes to swdes at   C:/CR/ECBEncoder/workspace/mb_design_wrapper/microblaze_0/freertos10_xilinx_domain/bsp/system.mss
TRACE::2020-06-09.18:06:04::SCWMssOS::Writing mss at C:/CR/ECBEncoder/workspace/mb_design_wrapper/microblaze_0/freertos10_xilinx_domain/bsp/system.mss
TRACE::2020-06-09.18:06:04::SCWMssOS::Completed writing the mss file at C:/CR/ECBEncoder/workspace/mb_design_wrapper/microblaze_0/freertos10_xilinx_domain/bsp
TRACE::2020-06-09.18:06:04::SCWMssOS::Picking up changes from newly written mss file into SCW Layer. 
TRACE::2020-06-09.18:06:04::SCWMssOS::Updated the changes from newly written mss file into SCW Layer. 
TRACE::2020-06-09.18:06:04::SCWPlatform::Trying to open the hw design at C:/CR/ECBEncoder/workspace/mb_design_wrapper/hw/mb_design_wrapper.xsa
TRACE::2020-06-09.18:06:04::SCWPlatform::DSA given C:/CR/ECBEncoder/workspace/mb_design_wrapper/hw/mb_design_wrapper.xsa
TRACE::2020-06-09.18:06:04::SCWPlatform::DSA absoulate path C:/CR/ECBEncoder/workspace/mb_design_wrapper/hw/mb_design_wrapper.xsa
TRACE::2020-06-09.18:06:04::SCWPlatform::DSA directory C:/CR/ECBEncoder/workspace/mb_design_wrapper/hw
TRACE::2020-06-09.18:06:04::SCWPlatform:: Platform Path C:/CR/ECBEncoder/workspace/mb_design_wrapper/hw/mb_design_wrapper.xsa
TRACE::2020-06-09.18:06:04::SCWPlatform:: Unique name xilinx:nexys4::0.0
TRACE::2020-06-09.18:06:04::SCWPlatform::Trying to set the existing hwdb with name mb_design_wrapper_0
TRACE::2020-06-09.18:06:04::SCWPlatform::Opened existing hwdb mb_design_wrapper_0
TRACE::2020-06-09.18:06:04::SCWPlatform::Found the Hw Db part of the input DSA
TRACE::2020-06-09.18:06:04::SCWMssOS::Checking the sw design at  C:/CR/ECBEncoder/workspace/mb_design_wrapper/microblaze_0/freertos10_xilinx_domain/bsp/system.mss
TRACE::2020-06-09.18:06:04::SCWMssOS::DEBUG:  swdes dump  C:/CR/ECBEncoder/workspace/mb_design_wrapper/microblaze_0/freertos10_xilinx_domain/bsp/system.mss|C:/CR/ECBEncoder/workspace/mb_design_wrapper/microblaze_0/freertos10_xilinx_domain/bsp/system.mss||

TRACE::2020-06-09.18:06:04::SCWMssOS::Sw design exists and opened at  C:/CR/ECBEncoder/workspace/mb_design_wrapper/microblaze_0/freertos10_xilinx_domain/bsp/system.mss
TRACE::2020-06-09.18:06:04::SCWPlatform::Trying to open the hw design at C:/CR/ECBEncoder/workspace/mb_design_wrapper/hw/mb_design_wrapper.xsa
TRACE::2020-06-09.18:06:04::SCWPlatform::DSA given C:/CR/ECBEncoder/workspace/mb_design_wrapper/hw/mb_design_wrapper.xsa
TRACE::2020-06-09.18:06:04::SCWPlatform::DSA absoulate path C:/CR/ECBEncoder/workspace/mb_design_wrapper/hw/mb_design_wrapper.xsa
TRACE::2020-06-09.18:06:04::SCWPlatform::DSA directory C:/CR/ECBEncoder/workspace/mb_design_wrapper/hw
TRACE::2020-06-09.18:06:04::SCWPlatform:: Platform Path C:/CR/ECBEncoder/workspace/mb_design_wrapper/hw/mb_design_wrapper.xsa
TRACE::2020-06-09.18:06:04::SCWPlatform:: Unique name xilinx:nexys4::0.0
TRACE::2020-06-09.18:06:04::SCWPlatform::Trying to set the existing hwdb with name mb_design_wrapper_0
TRACE::2020-06-09.18:06:04::SCWPlatform::Opened existing hwdb mb_design_wrapper_0
TRACE::2020-06-09.18:06:04::SCWPlatform::Found the Hw Db part of the input DSA
TRACE::2020-06-09.18:06:04::SCWMssOS::Checking the sw design at  C:/CR/ECBEncoder/workspace/mb_design_wrapper/microblaze_0/freertos10_xilinx_domain/bsp/system.mss
TRACE::2020-06-09.18:06:04::SCWMssOS::DEBUG:  swdes dump  C:/CR/ECBEncoder/workspace/mb_design_wrapper/microblaze_0/freertos10_xilinx_domain/bsp/system.mss|C:/CR/ECBEncoder/workspace/mb_design_wrapper/microblaze_0/freertos10_xilinx_domain/bsp/system.mss||

TRACE::2020-06-09.18:06:04::SCWMssOS::Sw design exists and opened at  C:/CR/ECBEncoder/workspace/mb_design_wrapper/microblaze_0/freertos10_xilinx_domain/bsp/system.mss
TRACE::2020-06-09.18:06:04::SCWPlatform::Trying to open the hw design at C:/CR/ECBEncoder/workspace/mb_design_wrapper/hw/mb_design_wrapper.xsa
TRACE::2020-06-09.18:06:04::SCWPlatform::DSA given C:/CR/ECBEncoder/workspace/mb_design_wrapper/hw/mb_design_wrapper.xsa
TRACE::2020-06-09.18:06:04::SCWPlatform::DSA absoulate path C:/CR/ECBEncoder/workspace/mb_design_wrapper/hw/mb_design_wrapper.xsa
TRACE::2020-06-09.18:06:04::SCWPlatform::DSA directory C:/CR/ECBEncoder/workspace/mb_design_wrapper/hw
TRACE::2020-06-09.18:06:04::SCWPlatform:: Platform Path C:/CR/ECBEncoder/workspace/mb_design_wrapper/hw/mb_design_wrapper.xsa
TRACE::2020-06-09.18:06:04::SCWPlatform:: Unique name xilinx:nexys4::0.0
TRACE::2020-06-09.18:06:04::SCWPlatform::Trying to set the existing hwdb with name mb_design_wrapper_0
TRACE::2020-06-09.18:06:04::SCWPlatform::Opened existing hwdb mb_design_wrapper_0
TRACE::2020-06-09.18:06:04::SCWPlatform::Found the Hw Db part of the input DSA
TRACE::2020-06-09.18:06:04::SCWMssOS::Checking the sw design at  C:/CR/ECBEncoder/workspace/mb_design_wrapper/microblaze_0/freertos10_xilinx_domain/bsp/system.mss
TRACE::2020-06-09.18:06:04::SCWMssOS::DEBUG:  swdes dump  C:/CR/ECBEncoder/workspace/mb_design_wrapper/microblaze_0/freertos10_xilinx_domain/bsp/system.mss|C:/CR/ECBEncoder/workspace/mb_design_wrapper/microblaze_0/freertos10_xilinx_domain/bsp/system.mss||

TRACE::2020-06-09.18:06:04::SCWMssOS::Sw design exists and opened at  C:/CR/ECBEncoder/workspace/mb_design_wrapper/microblaze_0/freertos10_xilinx_domain/bsp/system.mss
TRACE::2020-06-09.18:06:04::SCWWriter::formatted JSON is {
	"platformName":	"mb_design_wrapper",
	"sprVersion":	"2.0",
	"mode":	"gui",
	"dsaType":	"Fixed",
	"platformDesc":	"mb_design_wrapper",
	"platHandOff":	"C:/CR/ECBEncoder/project_1/mb_design_wrapper.xsa",
	"platIntHandOff":	"<platformDir>/hw/mb_design_wrapper.xsa",
	"deviceType":	"FPGA",
	"platIsPrebuiltAutogen":	"false",
	"platIsNoBootBsp":	"false",
	"hasFsblMakeHasChanges":	"false",
	"hasPmufwMakeHasChanges":	"false",
	"platPreBuiltFlag":	false,
	"platformSamplesDir":	"",
	"platActiveSys":	"mb_design_wrapper",
	"systems":	[{
			"systemName":	"mb_design_wrapper",
			"systemDesc":	"mb_design_wrapper",
			"sysIsBootAutoGen":	"true",
			"systemDispName":	"mb_design_wrapper",
			"sysActiveDom":	"freertos10_xilinx_domain",
			"sysDefaultDom":	"freertos10_xilinx_domain",
			"domains":	[{
					"domainName":	"freertos10_xilinx_domain",
					"domainDispName":	"freertos10_xilinx on microblaze_0",
					"domainDesc":	"freertos10_xilinx_domain",
					"processors":	"microblaze_0",
					"os":	"freertos10_xilinx",
					"sdxOs":	"freertos10_xilinx",
					"debugEnable":	"False",
					"domRuntimes":	["cpp"],
					"swRepo":	"",
					"mssOsVer":	"1.4",
					"mssFile":	"",
					"md5Digest":	"",
					"compatibleApp":	"freertos_hello_world",
					"domType":	"mssDomain",
					"arch":	"32-bit",
					"appSettings":	{
						"appCompilerFlags":	"",
						"appLinkerFlags":	""
					},
					"addedLibs":	[],
					"libOptions":	{
						"libsContainingOptions":	[]
					},
					"prebuiltLibs":	{
						"prebuiltIncPath":	[],
						"prebuiltLibPath":	[]
					},
					"isolation":	{
					}
				}]
		}]
}
TRACE::2020-06-09.18:06:04::SCWPlatform::Trying to open the hw design at C:/CR/ECBEncoder/workspace/mb_design_wrapper/hw/mb_design_wrapper.xsa
TRACE::2020-06-09.18:06:04::SCWPlatform::DSA given C:/CR/ECBEncoder/workspace/mb_design_wrapper/hw/mb_design_wrapper.xsa
TRACE::2020-06-09.18:06:04::SCWPlatform::DSA absoulate path C:/CR/ECBEncoder/workspace/mb_design_wrapper/hw/mb_design_wrapper.xsa
TRACE::2020-06-09.18:06:04::SCWPlatform::DSA directory C:/CR/ECBEncoder/workspace/mb_design_wrapper/hw
TRACE::2020-06-09.18:06:04::SCWPlatform:: Platform Path C:/CR/ECBEncoder/workspace/mb_design_wrapper/hw/mb_design_wrapper.xsa
TRACE::2020-06-09.18:06:04::SCWPlatform:: Unique name xilinx:nexys4::0.0
TRACE::2020-06-09.18:06:04::SCWPlatform::Trying to set the existing hwdb with name mb_design_wrapper_0
TRACE::2020-06-09.18:06:04::SCWPlatform::Opened existing hwdb mb_design_wrapper_0
TRACE::2020-06-09.18:06:04::SCWPlatform::Found the Hw Db part of the input DSA
TRACE::2020-06-09.18:06:04::SCWMssOS::Checking the sw design at  C:/CR/ECBEncoder/workspace/mb_design_wrapper/microblaze_0/freertos10_xilinx_domain/bsp/system.mss
TRACE::2020-06-09.18:06:04::SCWMssOS::DEBUG:  swdes dump  C:/CR/ECBEncoder/workspace/mb_design_wrapper/microblaze_0/freertos10_xilinx_domain/bsp/system.mss|C:/CR/ECBEncoder/workspace/mb_design_wrapper/microblaze_0/freertos10_xilinx_domain/bsp/system.mss||

TRACE::2020-06-09.18:06:04::SCWMssOS::Sw design exists and opened at  C:/CR/ECBEncoder/workspace/mb_design_wrapper/microblaze_0/freertos10_xilinx_domain/bsp/system.mss
TRACE::2020-06-09.18:06:04::SCWMssOS::Completed writing the mss file at C:/CR/ECBEncoder/workspace/mb_design_wrapper/microblaze_0/freertos10_xilinx_domain/bsp
TRACE::2020-06-09.18:06:04::SCWMssOS::Forcing BSP Sources regeneration.
LOG::2020-06-09.18:06:10::SCWPlatform::Started generating the artifacts platform mb_design_wrapper
TRACE::2020-06-09.18:06:10::SCWPlatform::Sanity checking of platform is completed
LOG::2020-06-09.18:06:10::SCWPlatform::Started generating the artifacts for system configuration mb_design_wrapper
LOG::2020-06-09.18:06:10::SCWSystem::Checking the domain freertos10_xilinx_domain
LOG::2020-06-09.18:06:10::SCWSystem::Not a boot domain 
LOG::2020-06-09.18:06:10::SCWSystem::Started Processing the domain freertos10_xilinx_domain
TRACE::2020-06-09.18:06:10::SCWDomain::Generating domain artifcats
TRACE::2020-06-09.18:06:10::SCWMssOS::Generating standalone artifcats
TRACE::2020-06-09.18:06:10::SCWMssOS:: Copying the user libraries. 
TRACE::2020-06-09.18:06:10::SCWPlatform::Trying to open the hw design at C:/CR/ECBEncoder/workspace/mb_design_wrapper/hw/mb_design_wrapper.xsa
TRACE::2020-06-09.18:06:10::SCWPlatform::DSA given C:/CR/ECBEncoder/workspace/mb_design_wrapper/hw/mb_design_wrapper.xsa
TRACE::2020-06-09.18:06:10::SCWPlatform::DSA absoulate path C:/CR/ECBEncoder/workspace/mb_design_wrapper/hw/mb_design_wrapper.xsa
TRACE::2020-06-09.18:06:10::SCWPlatform::DSA directory C:/CR/ECBEncoder/workspace/mb_design_wrapper/hw
TRACE::2020-06-09.18:06:10::SCWPlatform:: Platform Path C:/CR/ECBEncoder/workspace/mb_design_wrapper/hw/mb_design_wrapper.xsa
TRACE::2020-06-09.18:06:10::SCWPlatform:: Unique name xilinx:nexys4::0.0
TRACE::2020-06-09.18:06:10::SCWPlatform::Trying to set the existing hwdb with name mb_design_wrapper_0
TRACE::2020-06-09.18:06:10::SCWPlatform::Opened existing hwdb mb_design_wrapper_0
TRACE::2020-06-09.18:06:10::SCWPlatform::Found the Hw Db part of the input DSA
TRACE::2020-06-09.18:06:10::SCWMssOS::Checking the sw design at  C:/CR/ECBEncoder/workspace/mb_design_wrapper/microblaze_0/freertos10_xilinx_domain/bsp/system.mss
TRACE::2020-06-09.18:06:10::SCWMssOS::DEBUG:  swdes dump  C:/CR/ECBEncoder/workspace/mb_design_wrapper/microblaze_0/freertos10_xilinx_domain/bsp/system.mss|C:/CR/ECBEncoder/workspace/mb_design_wrapper/microblaze_0/freertos10_xilinx_domain/bsp/system.mss||

KEYINFO::2020-06-09.18:06:10::SCWMssOS::Could not open the swdb for C:/CR/ECBEncoder/workspace/mb_design_wrapper/microblaze_0/freertos10_xilinx_domain/bsp/system.mss
KEYINFO::2020-06-09.18:06:10::SCWMssOS::Could not open the sw design at  C:/CR/ECBEncoder/workspace/mb_design_wrapper/microblaze_0/freertos10_xilinx_domain/bsp/system.mss
ERROR: [Hsi 55-1558] Software Design C:/CR/ECBEncoder/workspace/mb_design_wrapper/microblaze_0/freertos10_xilinx_domain/bsp/system.mss is not found

TRACE::2020-06-09.18:06:10::SCWMssOS::Cleared the swdb table entry
TRACE::2020-06-09.18:06:10::SCWMssOS::No sw design opened at  C:/CR/ECBEncoder/workspace/mb_design_wrapper/microblaze_0/freertos10_xilinx_domain/bsp/system.mss
TRACE::2020-06-09.18:06:10::SCWMssOS::mss exists loading the mss file  C:/CR/ECBEncoder/workspace/mb_design_wrapper/microblaze_0/freertos10_xilinx_domain/bsp/system.mss
TRACE::2020-06-09.18:06:10::SCWMssOS::Opened the sw design from mss  C:/CR/ECBEncoder/workspace/mb_design_wrapper/microblaze_0/freertos10_xilinx_domain/bsp/system.mss
TRACE::2020-06-09.18:06:10::SCWMssOS::Adding the swdes entry C:/CR/ECBEncoder/workspace/mb_design_wrapper/microblaze_0/freertos10_xilinx_domain/bsp/system.mss with des name system
TRACE::2020-06-09.18:06:10::SCWMssOS::updating the scw layer about changes
TRACE::2020-06-09.18:06:10::SCWMssOS::Opened the sw design.  C:/CR/ECBEncoder/workspace/mb_design_wrapper/microblaze_0/freertos10_xilinx_domain/bsp/system.mss
TRACE::2020-06-09.18:06:10::SCWMssOS::Completed writing the mss file at C:/CR/ECBEncoder/workspace/mb_design_wrapper/microblaze_0/freertos10_xilinx_domain/bsp
TRACE::2020-06-09.18:06:10::SCWMssOS::Mss edits present, copying mssfile into export location C:/CR/ECBEncoder/workspace/mb_design_wrapper/microblaze_0/freertos10_xilinx_domain/bsp/system.mss
TRACE::2020-06-09.18:06:10::SCWMssOS::bsp generated is upto date with the mss file. Skipping bsp generation.
TRACE::2020-06-09.18:06:10::SCWMssOS::BSP is already built. skipping the bsp build ... 
TRACE::2020-06-09.18:06:10::SCWDomain::Skipping the build for domain :  freertos10_xilinx_domain
TRACE::2020-06-09.18:06:10::SCWMssOS::skipping the bsp build ... 
TRACE::2020-06-09.18:06:10::SCWMssOS::Copying to export directory.
TRACE::2020-06-09.18:06:10::SCWMssOS:: Checking if to create the Supporting Applications
TRACE::2020-06-09.18:06:10::SCWMssOS:: No Linux domain exists, trying to generate FSBL 
LOG::2020-06-09.18:06:10::SCWSystem::Completed Processing the domain freertos10_xilinx_domain
LOG::2020-06-09.18:06:10::SCWSystem::Completed Processing the sysconfig mb_design_wrapper
LOG::2020-06-09.18:06:10::SCWPlatform::Completed generating the artifacts for system configuration mb_design_wrapper
TRACE::2020-06-09.18:06:10::SCWPlatform::Started preparing the platform 
TRACE::2020-06-09.18:06:10::SCWSystem::Writing the bif file for system config mb_design_wrapper
TRACE::2020-06-09.18:06:10::SCWSystem::dir created 
TRACE::2020-06-09.18:06:10::SCWSystem::Writing the bif 
TRACE::2020-06-09.18:06:10::SCWPlatform::Started writing the spfm file 
TRACE::2020-06-09.18:06:10::SCWPlatform::Started writing the xpfm file 
TRACE::2020-06-09.18:06:10::SCWPlatform::Completed generating the platform
TRACE::2020-06-09.18:06:10::SCWPlatform::Trying to open the hw design at C:/CR/ECBEncoder/workspace/mb_design_wrapper/hw/mb_design_wrapper.xsa
TRACE::2020-06-09.18:06:10::SCWPlatform::DSA given C:/CR/ECBEncoder/workspace/mb_design_wrapper/hw/mb_design_wrapper.xsa
TRACE::2020-06-09.18:06:10::SCWPlatform::DSA absoulate path C:/CR/ECBEncoder/workspace/mb_design_wrapper/hw/mb_design_wrapper.xsa
TRACE::2020-06-09.18:06:10::SCWPlatform::DSA directory C:/CR/ECBEncoder/workspace/mb_design_wrapper/hw
TRACE::2020-06-09.18:06:10::SCWPlatform:: Platform Path C:/CR/ECBEncoder/workspace/mb_design_wrapper/hw/mb_design_wrapper.xsa
TRACE::2020-06-09.18:06:10::SCWPlatform:: Unique name xilinx:nexys4::0.0
TRACE::2020-06-09.18:06:10::SCWPlatform::Trying to set the existing hwdb with name mb_design_wrapper_0
TRACE::2020-06-09.18:06:10::SCWPlatform::Opened existing hwdb mb_design_wrapper_0
TRACE::2020-06-09.18:06:10::SCWPlatform::Found the Hw Db part of the input DSA
TRACE::2020-06-09.18:06:10::SCWMssOS::Checking the sw design at  C:/CR/ECBEncoder/workspace/mb_design_wrapper/microblaze_0/freertos10_xilinx_domain/bsp/system.mss
TRACE::2020-06-09.18:06:10::SCWMssOS::DEBUG:  swdes dump  C:/CR/ECBEncoder/workspace/mb_design_wrapper/microblaze_0/freertos10_xilinx_domain/bsp/system.mss|system||

TRACE::2020-06-09.18:06:10::SCWMssOS::Sw design exists and opened at  C:/CR/ECBEncoder/workspace/mb_design_wrapper/microblaze_0/freertos10_xilinx_domain/bsp/system.mss
TRACE::2020-06-09.18:06:10::SCWPlatform::Trying to open the hw design at C:/CR/ECBEncoder/workspace/mb_design_wrapper/hw/mb_design_wrapper.xsa
TRACE::2020-06-09.18:06:10::SCWPlatform::DSA given C:/CR/ECBEncoder/workspace/mb_design_wrapper/hw/mb_design_wrapper.xsa
TRACE::2020-06-09.18:06:10::SCWPlatform::DSA absoulate path C:/CR/ECBEncoder/workspace/mb_design_wrapper/hw/mb_design_wrapper.xsa
TRACE::2020-06-09.18:06:10::SCWPlatform::DSA directory C:/CR/ECBEncoder/workspace/mb_design_wrapper/hw
TRACE::2020-06-09.18:06:10::SCWPlatform:: Platform Path C:/CR/ECBEncoder/workspace/mb_design_wrapper/hw/mb_design_wrapper.xsa
TRACE::2020-06-09.18:06:10::SCWPlatform:: Unique name xilinx:nexys4::0.0
TRACE::2020-06-09.18:06:10::SCWPlatform::Trying to set the existing hwdb with name mb_design_wrapper_0
TRACE::2020-06-09.18:06:10::SCWPlatform::Opened existing hwdb mb_design_wrapper_0
TRACE::2020-06-09.18:06:10::SCWPlatform::Found the Hw Db part of the input DSA
TRACE::2020-06-09.18:06:10::SCWMssOS::Checking the sw design at  C:/CR/ECBEncoder/workspace/mb_design_wrapper/microblaze_0/freertos10_xilinx_domain/bsp/system.mss
TRACE::2020-06-09.18:06:10::SCWMssOS::DEBUG:  swdes dump  C:/CR/ECBEncoder/workspace/mb_design_wrapper/microblaze_0/freertos10_xilinx_domain/bsp/system.mss|system||

TRACE::2020-06-09.18:06:10::SCWMssOS::Sw design exists and opened at  C:/CR/ECBEncoder/workspace/mb_design_wrapper/microblaze_0/freertos10_xilinx_domain/bsp/system.mss
TRACE::2020-06-09.18:06:10::SCWPlatform::Trying to open the hw design at C:/CR/ECBEncoder/workspace/mb_design_wrapper/hw/mb_design_wrapper.xsa
TRACE::2020-06-09.18:06:10::SCWPlatform::DSA given C:/CR/ECBEncoder/workspace/mb_design_wrapper/hw/mb_design_wrapper.xsa
TRACE::2020-06-09.18:06:10::SCWPlatform::DSA absoulate path C:/CR/ECBEncoder/workspace/mb_design_wrapper/hw/mb_design_wrapper.xsa
TRACE::2020-06-09.18:06:10::SCWPlatform::DSA directory C:/CR/ECBEncoder/workspace/mb_design_wrapper/hw
TRACE::2020-06-09.18:06:10::SCWPlatform:: Platform Path C:/CR/ECBEncoder/workspace/mb_design_wrapper/hw/mb_design_wrapper.xsa
TRACE::2020-06-09.18:06:10::SCWPlatform:: Unique name xilinx:nexys4::0.0
TRACE::2020-06-09.18:06:10::SCWPlatform::Trying to set the existing hwdb with name mb_design_wrapper_0
TRACE::2020-06-09.18:06:10::SCWPlatform::Opened existing hwdb mb_design_wrapper_0
TRACE::2020-06-09.18:06:10::SCWPlatform::Found the Hw Db part of the input DSA
TRACE::2020-06-09.18:06:10::SCWMssOS::Checking the sw design at  C:/CR/ECBEncoder/workspace/mb_design_wrapper/microblaze_0/freertos10_xilinx_domain/bsp/system.mss
TRACE::2020-06-09.18:06:10::SCWMssOS::DEBUG:  swdes dump  C:/CR/ECBEncoder/workspace/mb_design_wrapper/microblaze_0/freertos10_xilinx_domain/bsp/system.mss|system||

TRACE::2020-06-09.18:06:10::SCWMssOS::Sw design exists and opened at  C:/CR/ECBEncoder/workspace/mb_design_wrapper/microblaze_0/freertos10_xilinx_domain/bsp/system.mss
TRACE::2020-06-09.18:06:10::SCWWriter::formatted JSON is {
	"platformName":	"mb_design_wrapper",
	"sprVersion":	"2.0",
	"mode":	"gui",
	"dsaType":	"Fixed",
	"platformDesc":	"mb_design_wrapper",
	"platHandOff":	"C:/CR/ECBEncoder/project_1/mb_design_wrapper.xsa",
	"platIntHandOff":	"<platformDir>/hw/mb_design_wrapper.xsa",
	"deviceType":	"FPGA",
	"platIsPrebuiltAutogen":	"false",
	"platIsNoBootBsp":	"false",
	"hasFsblMakeHasChanges":	"false",
	"hasPmufwMakeHasChanges":	"false",
	"platPreBuiltFlag":	false,
	"platformSamplesDir":	"",
	"platActiveSys":	"mb_design_wrapper",
	"systems":	[{
			"systemName":	"mb_design_wrapper",
			"systemDesc":	"mb_design_wrapper",
			"sysIsBootAutoGen":	"true",
			"systemDispName":	"mb_design_wrapper",
			"sysActiveDom":	"freertos10_xilinx_domain",
			"sysDefaultDom":	"freertos10_xilinx_domain",
			"domains":	[{
					"domainName":	"freertos10_xilinx_domain",
					"domainDispName":	"freertos10_xilinx on microblaze_0",
					"domainDesc":	"freertos10_xilinx_domain",
					"processors":	"microblaze_0",
					"os":	"freertos10_xilinx",
					"sdxOs":	"freertos10_xilinx",
					"debugEnable":	"False",
					"domRuntimes":	["cpp"],
					"swRepo":	"",
					"mssOsVer":	"1.4",
					"mssFile":	"",
					"md5Digest":	"7182b8364fda9bd8a11624e67b7777e8",
					"compatibleApp":	"freertos_hello_world",
					"domType":	"mssDomain",
					"arch":	"32-bit",
					"appSettings":	{
						"appCompilerFlags":	"",
						"appLinkerFlags":	""
					},
					"addedLibs":	[],
					"libOptions":	{
						"libsContainingOptions":	[]
					},
					"prebuiltLibs":	{
						"prebuiltIncPath":	[],
						"prebuiltLibPath":	[]
					},
					"isolation":	{
					}
				}]
		}]
}
KEYINFO::2020-06-09.18:06:10::SCWPlatform::updated the xpfm file.
TRACE::2020-06-09.18:06:10::SCWPlatform::Trying to open the hw design at C:/CR/ECBEncoder/workspace/mb_design_wrapper/hw/mb_design_wrapper.xsa
TRACE::2020-06-09.18:06:10::SCWPlatform::DSA given C:/CR/ECBEncoder/workspace/mb_design_wrapper/hw/mb_design_wrapper.xsa
TRACE::2020-06-09.18:06:10::SCWPlatform::DSA absoulate path C:/CR/ECBEncoder/workspace/mb_design_wrapper/hw/mb_design_wrapper.xsa
TRACE::2020-06-09.18:06:10::SCWPlatform::DSA directory C:/CR/ECBEncoder/workspace/mb_design_wrapper/hw
TRACE::2020-06-09.18:06:10::SCWPlatform:: Platform Path C:/CR/ECBEncoder/workspace/mb_design_wrapper/hw/mb_design_wrapper.xsa
TRACE::2020-06-09.18:06:10::SCWPlatform:: Unique name xilinx:nexys4::0.0
TRACE::2020-06-09.18:06:10::SCWPlatform::Trying to set the existing hwdb with name mb_design_wrapper_0
TRACE::2020-06-09.18:06:10::SCWPlatform::Opened existing hwdb mb_design_wrapper_0
TRACE::2020-06-09.18:06:10::SCWPlatform::Found the Hw Db part of the input DSA
TRACE::2020-06-09.18:06:10::SCWMssOS::Checking the sw design at  C:/CR/ECBEncoder/workspace/mb_design_wrapper/microblaze_0/freertos10_xilinx_domain/bsp/system.mss
TRACE::2020-06-09.18:06:10::SCWMssOS::DEBUG:  swdes dump  C:/CR/ECBEncoder/workspace/mb_design_wrapper/microblaze_0/freertos10_xilinx_domain/bsp/system.mss|system||

TRACE::2020-06-09.18:06:10::SCWMssOS::Sw design exists and opened at  C:/CR/ECBEncoder/workspace/mb_design_wrapper/microblaze_0/freertos10_xilinx_domain/bsp/system.mss
TRACE::2020-06-09.18:06:10::SCWPlatform::Trying to open the hw design at C:/CR/ECBEncoder/workspace/mb_design_wrapper/hw/mb_design_wrapper.xsa
TRACE::2020-06-09.18:06:10::SCWPlatform::DSA given C:/CR/ECBEncoder/workspace/mb_design_wrapper/hw/mb_design_wrapper.xsa
TRACE::2020-06-09.18:06:10::SCWPlatform::DSA absoulate path C:/CR/ECBEncoder/workspace/mb_design_wrapper/hw/mb_design_wrapper.xsa
TRACE::2020-06-09.18:06:10::SCWPlatform::DSA directory C:/CR/ECBEncoder/workspace/mb_design_wrapper/hw
TRACE::2020-06-09.18:06:10::SCWPlatform:: Platform Path C:/CR/ECBEncoder/workspace/mb_design_wrapper/hw/mb_design_wrapper.xsa
TRACE::2020-06-09.18:06:10::SCWPlatform:: Unique name xilinx:nexys4::0.0
TRACE::2020-06-09.18:06:11::SCWPlatform::Trying to set the existing hwdb with name mb_design_wrapper_0
TRACE::2020-06-09.18:06:11::SCWPlatform::Opened existing hwdb mb_design_wrapper_0
TRACE::2020-06-09.18:06:11::SCWPlatform::Found the Hw Db part of the input DSA
TRACE::2020-06-09.18:06:11::SCWMssOS::Checking the sw design at  C:/CR/ECBEncoder/workspace/mb_design_wrapper/microblaze_0/freertos10_xilinx_domain/bsp/system.mss
TRACE::2020-06-09.18:06:11::SCWMssOS::DEBUG:  swdes dump  C:/CR/ECBEncoder/workspace/mb_design_wrapper/microblaze_0/freertos10_xilinx_domain/bsp/system.mss|system||

TRACE::2020-06-09.18:06:11::SCWMssOS::Sw design exists and opened at  C:/CR/ECBEncoder/workspace/mb_design_wrapper/microblaze_0/freertos10_xilinx_domain/bsp/system.mss
TRACE::2020-06-09.18:06:11::SCWPlatform::Trying to open the hw design at C:/CR/ECBEncoder/workspace/mb_design_wrapper/hw/mb_design_wrapper.xsa
TRACE::2020-06-09.18:06:11::SCWPlatform::DSA given C:/CR/ECBEncoder/workspace/mb_design_wrapper/hw/mb_design_wrapper.xsa
TRACE::2020-06-09.18:06:11::SCWPlatform::DSA absoulate path C:/CR/ECBEncoder/workspace/mb_design_wrapper/hw/mb_design_wrapper.xsa
TRACE::2020-06-09.18:06:11::SCWPlatform::DSA directory C:/CR/ECBEncoder/workspace/mb_design_wrapper/hw
TRACE::2020-06-09.18:06:11::SCWPlatform:: Platform Path C:/CR/ECBEncoder/workspace/mb_design_wrapper/hw/mb_design_wrapper.xsa
TRACE::2020-06-09.18:06:11::SCWPlatform:: Unique name xilinx:nexys4::0.0
TRACE::2020-06-09.18:06:11::SCWPlatform::Trying to set the existing hwdb with name mb_design_wrapper_0
TRACE::2020-06-09.18:06:11::SCWPlatform::Opened existing hwdb mb_design_wrapper_0
TRACE::2020-06-09.18:06:11::SCWPlatform::Found the Hw Db part of the input DSA
TRACE::2020-06-09.18:06:11::SCWMssOS::Checking the sw design at  C:/CR/ECBEncoder/workspace/mb_design_wrapper/microblaze_0/freertos10_xilinx_domain/bsp/system.mss
TRACE::2020-06-09.18:06:11::SCWMssOS::DEBUG:  swdes dump  C:/CR/ECBEncoder/workspace/mb_design_wrapper/microblaze_0/freertos10_xilinx_domain/bsp/system.mss|system||

TRACE::2020-06-09.18:06:11::SCWMssOS::Sw design exists and opened at  C:/CR/ECBEncoder/workspace/mb_design_wrapper/microblaze_0/freertos10_xilinx_domain/bsp/system.mss
TRACE::2020-06-09.18:06:11::SCWPlatform::Trying to open the hw design at C:/CR/ECBEncoder/workspace/mb_design_wrapper/hw/mb_design_wrapper.xsa
TRACE::2020-06-09.18:06:11::SCWPlatform::DSA given C:/CR/ECBEncoder/workspace/mb_design_wrapper/hw/mb_design_wrapper.xsa
TRACE::2020-06-09.18:06:11::SCWPlatform::DSA absoulate path C:/CR/ECBEncoder/workspace/mb_design_wrapper/hw/mb_design_wrapper.xsa
TRACE::2020-06-09.18:06:11::SCWPlatform::DSA directory C:/CR/ECBEncoder/workspace/mb_design_wrapper/hw
TRACE::2020-06-09.18:06:11::SCWPlatform:: Platform Path C:/CR/ECBEncoder/workspace/mb_design_wrapper/hw/mb_design_wrapper.xsa
TRACE::2020-06-09.18:06:11::SCWPlatform:: Unique name xilinx:nexys4::0.0
TRACE::2020-06-09.18:06:11::SCWPlatform::Trying to set the existing hwdb with name mb_design_wrapper_0
TRACE::2020-06-09.18:06:11::SCWPlatform::Opened existing hwdb mb_design_wrapper_0
TRACE::2020-06-09.18:06:11::SCWPlatform::Found the Hw Db part of the input DSA
TRACE::2020-06-09.18:06:11::SCWMssOS::Checking the sw design at  C:/CR/ECBEncoder/workspace/mb_design_wrapper/microblaze_0/freertos10_xilinx_domain/bsp/system.mss
TRACE::2020-06-09.18:06:11::SCWMssOS::DEBUG:  swdes dump  C:/CR/ECBEncoder/workspace/mb_design_wrapper/microblaze_0/freertos10_xilinx_domain/bsp/system.mss|system||

TRACE::2020-06-09.18:06:11::SCWMssOS::Sw design exists and opened at  C:/CR/ECBEncoder/workspace/mb_design_wrapper/microblaze_0/freertos10_xilinx_domain/bsp/system.mss
TRACE::2020-06-09.18:06:11::SCWWriter::formatted JSON is {
	"platformName":	"mb_design_wrapper",
	"sprVersion":	"2.0",
	"mode":	"gui",
	"dsaType":	"Fixed",
	"platformDesc":	"mb_design_wrapper",
	"platHandOff":	"C:/CR/ECBEncoder/project_1/mb_design_wrapper.xsa",
	"platIntHandOff":	"<platformDir>/hw/mb_design_wrapper.xsa",
	"deviceType":	"FPGA",
	"platIsPrebuiltAutogen":	"false",
	"platIsNoBootBsp":	"false",
	"hasFsblMakeHasChanges":	"false",
	"hasPmufwMakeHasChanges":	"false",
	"platPreBuiltFlag":	false,
	"platformSamplesDir":	"",
	"platActiveSys":	"mb_design_wrapper",
	"systems":	[{
			"systemName":	"mb_design_wrapper",
			"systemDesc":	"mb_design_wrapper",
			"sysIsBootAutoGen":	"true",
			"systemDispName":	"mb_design_wrapper",
			"sysActiveDom":	"freertos10_xilinx_domain",
			"sysDefaultDom":	"freertos10_xilinx_domain",
			"domains":	[{
					"domainName":	"freertos10_xilinx_domain",
					"domainDispName":	"freertos10_xilinx on microblaze_0",
					"domainDesc":	"freertos10_xilinx_domain",
					"processors":	"microblaze_0",
					"os":	"freertos10_xilinx",
					"sdxOs":	"freertos10_xilinx",
					"debugEnable":	"False",
					"domRuntimes":	["cpp"],
					"swRepo":	"",
					"mssOsVer":	"1.4",
					"mssFile":	"",
					"md5Digest":	"7182b8364fda9bd8a11624e67b7777e8",
					"compatibleApp":	"freertos_hello_world",
					"domType":	"mssDomain",
					"arch":	"32-bit",
					"appSettings":	{
						"appCompilerFlags":	"",
						"appLinkerFlags":	""
					},
					"addedLibs":	[],
					"libOptions":	{
						"libsContainingOptions":	[]
					},
					"prebuiltLibs":	{
						"prebuiltIncPath":	[],
						"prebuiltLibPath":	[]
					},
					"isolation":	{
					}
				}]
		}]
}
TRACE::2020-06-09.18:06:11::SCWPlatform::Trying to open the hw design at C:/CR/ECBEncoder/workspace/mb_design_wrapper/hw/mb_design_wrapper.xsa
TRACE::2020-06-09.18:06:11::SCWPlatform::DSA given C:/CR/ECBEncoder/workspace/mb_design_wrapper/hw/mb_design_wrapper.xsa
TRACE::2020-06-09.18:06:11::SCWPlatform::DSA absoulate path C:/CR/ECBEncoder/workspace/mb_design_wrapper/hw/mb_design_wrapper.xsa
TRACE::2020-06-09.18:06:11::SCWPlatform::DSA directory C:/CR/ECBEncoder/workspace/mb_design_wrapper/hw
TRACE::2020-06-09.18:06:11::SCWPlatform:: Platform Path C:/CR/ECBEncoder/workspace/mb_design_wrapper/hw/mb_design_wrapper.xsa
TRACE::2020-06-09.18:06:11::SCWPlatform:: Unique name xilinx:nexys4::0.0
TRACE::2020-06-09.18:06:11::SCWPlatform::Trying to set the existing hwdb with name mb_design_wrapper_0
TRACE::2020-06-09.18:06:11::SCWPlatform::Opened existing hwdb mb_design_wrapper_0
TRACE::2020-06-09.18:06:11::SCWPlatform::Found the Hw Db part of the input DSA
TRACE::2020-06-09.18:06:11::SCWMssOS::Checking the sw design at  C:/CR/ECBEncoder/workspace/mb_design_wrapper/microblaze_0/freertos10_xilinx_domain/bsp/system.mss
TRACE::2020-06-09.18:06:11::SCWMssOS::DEBUG:  swdes dump  C:/CR/ECBEncoder/workspace/mb_design_wrapper/microblaze_0/freertos10_xilinx_domain/bsp/system.mss|system||

TRACE::2020-06-09.18:06:11::SCWMssOS::Sw design exists and opened at  C:/CR/ECBEncoder/workspace/mb_design_wrapper/microblaze_0/freertos10_xilinx_domain/bsp/system.mss
TRACE::2020-06-09.18:06:11::SCWPlatform::Trying to open the hw design at C:/CR/ECBEncoder/workspace/mb_design_wrapper/hw/mb_design_wrapper.xsa
TRACE::2020-06-09.18:06:11::SCWPlatform::DSA given C:/CR/ECBEncoder/workspace/mb_design_wrapper/hw/mb_design_wrapper.xsa
TRACE::2020-06-09.18:06:11::SCWPlatform::DSA absoulate path C:/CR/ECBEncoder/workspace/mb_design_wrapper/hw/mb_design_wrapper.xsa
TRACE::2020-06-09.18:06:11::SCWPlatform::DSA directory C:/CR/ECBEncoder/workspace/mb_design_wrapper/hw
TRACE::2020-06-09.18:06:11::SCWPlatform:: Platform Path C:/CR/ECBEncoder/workspace/mb_design_wrapper/hw/mb_design_wrapper.xsa
TRACE::2020-06-09.18:06:11::SCWPlatform:: Unique name xilinx:nexys4::0.0
TRACE::2020-06-09.18:06:11::SCWPlatform::Trying to set the existing hwdb with name mb_design_wrapper_0
TRACE::2020-06-09.18:06:11::SCWPlatform::Opened existing hwdb mb_design_wrapper_0
TRACE::2020-06-09.18:06:11::SCWPlatform::Found the Hw Db part of the input DSA
TRACE::2020-06-09.18:06:11::SCWMssOS::Checking the sw design at  C:/CR/ECBEncoder/workspace/mb_design_wrapper/microblaze_0/freertos10_xilinx_domain/bsp/system.mss
TRACE::2020-06-09.18:06:11::SCWMssOS::DEBUG:  swdes dump  C:/CR/ECBEncoder/workspace/mb_design_wrapper/microblaze_0/freertos10_xilinx_domain/bsp/system.mss|system||

TRACE::2020-06-09.18:06:11::SCWMssOS::Sw design exists and opened at  C:/CR/ECBEncoder/workspace/mb_design_wrapper/microblaze_0/freertos10_xilinx_domain/bsp/system.mss
TRACE::2020-06-09.18:06:11::SCWPlatform::Trying to open the hw design at C:/CR/ECBEncoder/workspace/mb_design_wrapper/hw/mb_design_wrapper.xsa
TRACE::2020-06-09.18:06:11::SCWPlatform::DSA given C:/CR/ECBEncoder/workspace/mb_design_wrapper/hw/mb_design_wrapper.xsa
TRACE::2020-06-09.18:06:11::SCWPlatform::DSA absoulate path C:/CR/ECBEncoder/workspace/mb_design_wrapper/hw/mb_design_wrapper.xsa
TRACE::2020-06-09.18:06:11::SCWPlatform::DSA directory C:/CR/ECBEncoder/workspace/mb_design_wrapper/hw
TRACE::2020-06-09.18:06:11::SCWPlatform:: Platform Path C:/CR/ECBEncoder/workspace/mb_design_wrapper/hw/mb_design_wrapper.xsa
TRACE::2020-06-09.18:06:11::SCWPlatform:: Unique name xilinx:nexys4::0.0
TRACE::2020-06-09.18:06:11::SCWPlatform::Trying to set the existing hwdb with name mb_design_wrapper_0
TRACE::2020-06-09.18:06:11::SCWPlatform::Opened existing hwdb mb_design_wrapper_0
TRACE::2020-06-09.18:06:11::SCWPlatform::Found the Hw Db part of the input DSA
TRACE::2020-06-09.18:06:11::SCWMssOS::Checking the sw design at  C:/CR/ECBEncoder/workspace/mb_design_wrapper/microblaze_0/freertos10_xilinx_domain/bsp/system.mss
TRACE::2020-06-09.18:06:11::SCWMssOS::DEBUG:  swdes dump  C:/CR/ECBEncoder/workspace/mb_design_wrapper/microblaze_0/freertos10_xilinx_domain/bsp/system.mss|system||

TRACE::2020-06-09.18:06:11::SCWMssOS::Sw design exists and opened at  C:/CR/ECBEncoder/workspace/mb_design_wrapper/microblaze_0/freertos10_xilinx_domain/bsp/system.mss
TRACE::2020-06-09.18:06:11::SCWPlatform::Trying to open the hw design at C:/CR/ECBEncoder/workspace/mb_design_wrapper/hw/mb_design_wrapper.xsa
TRACE::2020-06-09.18:06:11::SCWPlatform::DSA given C:/CR/ECBEncoder/workspace/mb_design_wrapper/hw/mb_design_wrapper.xsa
TRACE::2020-06-09.18:06:11::SCWPlatform::DSA absoulate path C:/CR/ECBEncoder/workspace/mb_design_wrapper/hw/mb_design_wrapper.xsa
TRACE::2020-06-09.18:06:11::SCWPlatform::DSA directory C:/CR/ECBEncoder/workspace/mb_design_wrapper/hw
TRACE::2020-06-09.18:06:11::SCWPlatform:: Platform Path C:/CR/ECBEncoder/workspace/mb_design_wrapper/hw/mb_design_wrapper.xsa
TRACE::2020-06-09.18:06:11::SCWPlatform:: Unique name xilinx:nexys4::0.0
TRACE::2020-06-09.18:06:11::SCWPlatform::Trying to set the existing hwdb with name mb_design_wrapper_0
TRACE::2020-06-09.18:06:11::SCWPlatform::Opened existing hwdb mb_design_wrapper_0
TRACE::2020-06-09.18:06:11::SCWPlatform::Found the Hw Db part of the input DSA
TRACE::2020-06-09.18:06:11::SCWMssOS::Checking the sw design at  C:/CR/ECBEncoder/workspace/mb_design_wrapper/microblaze_0/freertos10_xilinx_domain/bsp/system.mss
TRACE::2020-06-09.18:06:11::SCWMssOS::DEBUG:  swdes dump  C:/CR/ECBEncoder/workspace/mb_design_wrapper/microblaze_0/freertos10_xilinx_domain/bsp/system.mss|system||

TRACE::2020-06-09.18:06:11::SCWMssOS::Sw design exists and opened at  C:/CR/ECBEncoder/workspace/mb_design_wrapper/microblaze_0/freertos10_xilinx_domain/bsp/system.mss
TRACE::2020-06-09.18:06:11::SCWPlatform::Trying to open the hw design at C:/CR/ECBEncoder/workspace/mb_design_wrapper/hw/mb_design_wrapper.xsa
TRACE::2020-06-09.18:06:11::SCWPlatform::DSA given C:/CR/ECBEncoder/workspace/mb_design_wrapper/hw/mb_design_wrapper.xsa
TRACE::2020-06-09.18:06:11::SCWPlatform::DSA absoulate path C:/CR/ECBEncoder/workspace/mb_design_wrapper/hw/mb_design_wrapper.xsa
TRACE::2020-06-09.18:06:11::SCWPlatform::DSA directory C:/CR/ECBEncoder/workspace/mb_design_wrapper/hw
TRACE::2020-06-09.18:06:11::SCWPlatform:: Platform Path C:/CR/ECBEncoder/workspace/mb_design_wrapper/hw/mb_design_wrapper.xsa
TRACE::2020-06-09.18:06:11::SCWPlatform:: Unique name xilinx:nexys4::0.0
TRACE::2020-06-09.18:06:11::SCWPlatform::Trying to set the existing hwdb with name mb_design_wrapper_0
TRACE::2020-06-09.18:06:11::SCWPlatform::Opened existing hwdb mb_design_wrapper_0
TRACE::2020-06-09.18:06:11::SCWPlatform::Found the Hw Db part of the input DSA
TRACE::2020-06-09.18:06:11::SCWMssOS::Checking the sw design at  C:/CR/ECBEncoder/workspace/mb_design_wrapper/microblaze_0/freertos10_xilinx_domain/bsp/system.mss
TRACE::2020-06-09.18:06:11::SCWMssOS::DEBUG:  swdes dump  C:/CR/ECBEncoder/workspace/mb_design_wrapper/microblaze_0/freertos10_xilinx_domain/bsp/system.mss|system||

TRACE::2020-06-09.18:06:11::SCWMssOS::Sw design exists and opened at  C:/CR/ECBEncoder/workspace/mb_design_wrapper/microblaze_0/freertos10_xilinx_domain/bsp/system.mss
TRACE::2020-06-09.18:06:11::SCWWriter::formatted JSON is {
	"platformName":	"mb_design_wrapper",
	"sprVersion":	"2.0",
	"mode":	"gui",
	"dsaType":	"Fixed",
	"platformDesc":	"mb_design_wrapper",
	"platHandOff":	"C:/CR/ECBEncoder/project_1/mb_design_wrapper.xsa",
	"platIntHandOff":	"<platformDir>/hw/mb_design_wrapper.xsa",
	"deviceType":	"FPGA",
	"platIsPrebuiltAutogen":	"false",
	"platIsNoBootBsp":	"false",
	"hasFsblMakeHasChanges":	"false",
	"hasPmufwMakeHasChanges":	"false",
	"platPreBuiltFlag":	false,
	"platformSamplesDir":	"",
	"platActiveSys":	"mb_design_wrapper",
	"systems":	[{
			"systemName":	"mb_design_wrapper",
			"systemDesc":	"mb_design_wrapper",
			"sysIsBootAutoGen":	"true",
			"systemDispName":	"mb_design_wrapper",
			"sysActiveDom":	"freertos10_xilinx_domain",
			"sysDefaultDom":	"freertos10_xilinx_domain",
			"domains":	[{
					"domainName":	"freertos10_xilinx_domain",
					"domainDispName":	"freertos10_xilinx on microblaze_0",
					"domainDesc":	"freertos10_xilinx_domain",
					"processors":	"microblaze_0",
					"os":	"freertos10_xilinx",
					"sdxOs":	"freertos10_xilinx",
					"debugEnable":	"False",
					"domRuntimes":	["cpp"],
					"swRepo":	"",
					"mssOsVer":	"1.4",
					"mssFile":	"",
					"md5Digest":	"7182b8364fda9bd8a11624e67b7777e8",
					"compatibleApp":	"freertos_hello_world",
					"domType":	"mssDomain",
					"arch":	"32-bit",
					"appSettings":	{
						"appCompilerFlags":	"",
						"appLinkerFlags":	""
					},
					"addedLibs":	[],
					"libOptions":	{
						"libsContainingOptions":	[]
					},
					"prebuiltLibs":	{
						"prebuiltIncPath":	[],
						"prebuiltLibPath":	[]
					},
					"isolation":	{
					}
				}]
		}]
}
LOG::2020-06-09.18:06:11::SCWPlatform::Started generating the artifacts platform mb_design_wrapper
TRACE::2020-06-09.18:06:11::SCWPlatform::Sanity checking of platform is completed
LOG::2020-06-09.18:06:11::SCWPlatform::Started generating the artifacts for system configuration mb_design_wrapper
LOG::2020-06-09.18:06:11::SCWSystem::Started Processing the domain freertos10_xilinx_domain
TRACE::2020-06-09.18:06:11::SCWDomain::Generating domain artifcats
TRACE::2020-06-09.18:06:11::SCWMssOS::Generating standalone artifcats
TRACE::2020-06-09.18:06:11::SCWMssOS:: Copying the user libraries. 
TRACE::2020-06-09.18:06:11::SCWPlatform::Trying to open the hw design at C:/CR/ECBEncoder/workspace/mb_design_wrapper/hw/mb_design_wrapper.xsa
TRACE::2020-06-09.18:06:11::SCWPlatform::DSA given C:/CR/ECBEncoder/workspace/mb_design_wrapper/hw/mb_design_wrapper.xsa
TRACE::2020-06-09.18:06:11::SCWPlatform::DSA absoulate path C:/CR/ECBEncoder/workspace/mb_design_wrapper/hw/mb_design_wrapper.xsa
TRACE::2020-06-09.18:06:11::SCWPlatform::DSA directory C:/CR/ECBEncoder/workspace/mb_design_wrapper/hw
TRACE::2020-06-09.18:06:11::SCWPlatform:: Platform Path C:/CR/ECBEncoder/workspace/mb_design_wrapper/hw/mb_design_wrapper.xsa
TRACE::2020-06-09.18:06:11::SCWPlatform:: Unique name xilinx:nexys4::0.0
TRACE::2020-06-09.18:06:11::SCWPlatform::Trying to set the existing hwdb with name mb_design_wrapper_0
TRACE::2020-06-09.18:06:11::SCWPlatform::Opened existing hwdb mb_design_wrapper_0
TRACE::2020-06-09.18:06:11::SCWPlatform::Found the Hw Db part of the input DSA
TRACE::2020-06-09.18:06:11::SCWMssOS::Checking the sw design at  C:/CR/ECBEncoder/workspace/mb_design_wrapper/microblaze_0/freertos10_xilinx_domain/bsp/system.mss
TRACE::2020-06-09.18:06:11::SCWMssOS::DEBUG:  swdes dump  C:/CR/ECBEncoder/workspace/mb_design_wrapper/microblaze_0/freertos10_xilinx_domain/bsp/system.mss|system||

TRACE::2020-06-09.18:06:11::SCWMssOS::Sw design exists and opened at  C:/CR/ECBEncoder/workspace/mb_design_wrapper/microblaze_0/freertos10_xilinx_domain/bsp/system.mss
TRACE::2020-06-09.18:06:11::SCWMssOS::Completed writing the mss file at C:/CR/ECBEncoder/workspace/mb_design_wrapper/microblaze_0/freertos10_xilinx_domain/bsp
TRACE::2020-06-09.18:06:11::SCWMssOS::Mss edits present, copying mssfile into export location C:/CR/ECBEncoder/workspace/mb_design_wrapper/microblaze_0/freertos10_xilinx_domain/bsp/system.mss
TRACE::2020-06-09.18:06:11::SCWMssOS::bsp generated is upto date with the mss file. Skipping bsp generation.
TRACE::2020-06-09.18:06:11::SCWMssOS::BSP is already built. skipping the bsp build ... 
TRACE::2020-06-09.18:06:11::SCWDomain::Building the domain as part of full build :  freertos10_xilinx_domain
TRACE::2020-06-09.18:06:11::SCWMssOS::skipping the bsp build ... 
TRACE::2020-06-09.18:06:11::SCWMssOS::Copying to export directory.
TRACE::2020-06-09.18:06:11::SCWMssOS:: Checking if to create the Supporting Applications
TRACE::2020-06-09.18:06:11::SCWMssOS:: No Linux domain exists, trying to generate FSBL 
LOG::2020-06-09.18:06:11::SCWSystem::Completed Processing the domain freertos10_xilinx_domain
LOG::2020-06-09.18:06:11::SCWSystem::Completed Processing the sysconfig mb_design_wrapper
LOG::2020-06-09.18:06:11::SCWPlatform::Completed generating the artifacts for system configuration mb_design_wrapper
TRACE::2020-06-09.18:06:11::SCWPlatform::Started preparing the platform 
TRACE::2020-06-09.18:06:11::SCWSystem::Writing the bif file for system config mb_design_wrapper
TRACE::2020-06-09.18:06:11::SCWSystem::dir created 
TRACE::2020-06-09.18:06:11::SCWSystem::Writing the bif 
TRACE::2020-06-09.18:06:11::SCWPlatform::Started writing the spfm file 
TRACE::2020-06-09.18:06:11::SCWPlatform::Started writing the xpfm file 
TRACE::2020-06-09.18:06:11::SCWPlatform::Completed generating the platform
TRACE::2020-06-09.18:06:11::SCWPlatform::Trying to open the hw design at C:/CR/ECBEncoder/workspace/mb_design_wrapper/hw/mb_design_wrapper.xsa
TRACE::2020-06-09.18:06:11::SCWPlatform::DSA given C:/CR/ECBEncoder/workspace/mb_design_wrapper/hw/mb_design_wrapper.xsa
TRACE::2020-06-09.18:06:11::SCWPlatform::DSA absoulate path C:/CR/ECBEncoder/workspace/mb_design_wrapper/hw/mb_design_wrapper.xsa
TRACE::2020-06-09.18:06:11::SCWPlatform::DSA directory C:/CR/ECBEncoder/workspace/mb_design_wrapper/hw
TRACE::2020-06-09.18:06:11::SCWPlatform:: Platform Path C:/CR/ECBEncoder/workspace/mb_design_wrapper/hw/mb_design_wrapper.xsa
TRACE::2020-06-09.18:06:11::SCWPlatform:: Unique name xilinx:nexys4::0.0
TRACE::2020-06-09.18:06:11::SCWPlatform::Trying to set the existing hwdb with name mb_design_wrapper_0
TRACE::2020-06-09.18:06:11::SCWPlatform::Opened existing hwdb mb_design_wrapper_0
TRACE::2020-06-09.18:06:11::SCWPlatform::Found the Hw Db part of the input DSA
TRACE::2020-06-09.18:06:11::SCWMssOS::Checking the sw design at  C:/CR/ECBEncoder/workspace/mb_design_wrapper/microblaze_0/freertos10_xilinx_domain/bsp/system.mss
TRACE::2020-06-09.18:06:11::SCWMssOS::DEBUG:  swdes dump  C:/CR/ECBEncoder/workspace/mb_design_wrapper/microblaze_0/freertos10_xilinx_domain/bsp/system.mss|system||

TRACE::2020-06-09.18:06:11::SCWMssOS::Sw design exists and opened at  C:/CR/ECBEncoder/workspace/mb_design_wrapper/microblaze_0/freertos10_xilinx_domain/bsp/system.mss
TRACE::2020-06-09.18:06:11::SCWPlatform::Trying to open the hw design at C:/CR/ECBEncoder/workspace/mb_design_wrapper/hw/mb_design_wrapper.xsa
TRACE::2020-06-09.18:06:11::SCWPlatform::DSA given C:/CR/ECBEncoder/workspace/mb_design_wrapper/hw/mb_design_wrapper.xsa
TRACE::2020-06-09.18:06:11::SCWPlatform::DSA absoulate path C:/CR/ECBEncoder/workspace/mb_design_wrapper/hw/mb_design_wrapper.xsa
TRACE::2020-06-09.18:06:11::SCWPlatform::DSA directory C:/CR/ECBEncoder/workspace/mb_design_wrapper/hw
TRACE::2020-06-09.18:06:11::SCWPlatform:: Platform Path C:/CR/ECBEncoder/workspace/mb_design_wrapper/hw/mb_design_wrapper.xsa
TRACE::2020-06-09.18:06:11::SCWPlatform:: Unique name xilinx:nexys4::0.0
TRACE::2020-06-09.18:06:12::SCWPlatform::Trying to set the existing hwdb with name mb_design_wrapper_0
TRACE::2020-06-09.18:06:12::SCWPlatform::Opened existing hwdb mb_design_wrapper_0
TRACE::2020-06-09.18:06:12::SCWPlatform::Found the Hw Db part of the input DSA
TRACE::2020-06-09.18:06:12::SCWMssOS::Checking the sw design at  C:/CR/ECBEncoder/workspace/mb_design_wrapper/microblaze_0/freertos10_xilinx_domain/bsp/system.mss
TRACE::2020-06-09.18:06:12::SCWMssOS::DEBUG:  swdes dump  C:/CR/ECBEncoder/workspace/mb_design_wrapper/microblaze_0/freertos10_xilinx_domain/bsp/system.mss|system||

TRACE::2020-06-09.18:06:12::SCWMssOS::Sw design exists and opened at  C:/CR/ECBEncoder/workspace/mb_design_wrapper/microblaze_0/freertos10_xilinx_domain/bsp/system.mss
TRACE::2020-06-09.18:06:12::SCWPlatform::Trying to open the hw design at C:/CR/ECBEncoder/workspace/mb_design_wrapper/hw/mb_design_wrapper.xsa
TRACE::2020-06-09.18:06:12::SCWPlatform::DSA given C:/CR/ECBEncoder/workspace/mb_design_wrapper/hw/mb_design_wrapper.xsa
TRACE::2020-06-09.18:06:12::SCWPlatform::DSA absoulate path C:/CR/ECBEncoder/workspace/mb_design_wrapper/hw/mb_design_wrapper.xsa
TRACE::2020-06-09.18:06:12::SCWPlatform::DSA directory C:/CR/ECBEncoder/workspace/mb_design_wrapper/hw
TRACE::2020-06-09.18:06:12::SCWPlatform:: Platform Path C:/CR/ECBEncoder/workspace/mb_design_wrapper/hw/mb_design_wrapper.xsa
TRACE::2020-06-09.18:06:12::SCWPlatform:: Unique name xilinx:nexys4::0.0
TRACE::2020-06-09.18:06:12::SCWPlatform::Trying to set the existing hwdb with name mb_design_wrapper_0
TRACE::2020-06-09.18:06:12::SCWPlatform::Opened existing hwdb mb_design_wrapper_0
TRACE::2020-06-09.18:06:12::SCWPlatform::Found the Hw Db part of the input DSA
TRACE::2020-06-09.18:06:12::SCWMssOS::Checking the sw design at  C:/CR/ECBEncoder/workspace/mb_design_wrapper/microblaze_0/freertos10_xilinx_domain/bsp/system.mss
TRACE::2020-06-09.18:06:12::SCWMssOS::DEBUG:  swdes dump  C:/CR/ECBEncoder/workspace/mb_design_wrapper/microblaze_0/freertos10_xilinx_domain/bsp/system.mss|system||

TRACE::2020-06-09.18:06:12::SCWMssOS::Sw design exists and opened at  C:/CR/ECBEncoder/workspace/mb_design_wrapper/microblaze_0/freertos10_xilinx_domain/bsp/system.mss
TRACE::2020-06-09.18:06:12::SCWWriter::formatted JSON is {
	"platformName":	"mb_design_wrapper",
	"sprVersion":	"2.0",
	"mode":	"gui",
	"dsaType":	"Fixed",
	"platformDesc":	"mb_design_wrapper",
	"platHandOff":	"C:/CR/ECBEncoder/project_1/mb_design_wrapper.xsa",
	"platIntHandOff":	"<platformDir>/hw/mb_design_wrapper.xsa",
	"deviceType":	"FPGA",
	"platIsPrebuiltAutogen":	"false",
	"platIsNoBootBsp":	"false",
	"hasFsblMakeHasChanges":	"false",
	"hasPmufwMakeHasChanges":	"false",
	"platPreBuiltFlag":	false,
	"platformSamplesDir":	"",
	"platActiveSys":	"mb_design_wrapper",
	"systems":	[{
			"systemName":	"mb_design_wrapper",
			"systemDesc":	"mb_design_wrapper",
			"sysIsBootAutoGen":	"true",
			"systemDispName":	"mb_design_wrapper",
			"sysActiveDom":	"freertos10_xilinx_domain",
			"sysDefaultDom":	"freertos10_xilinx_domain",
			"domains":	[{
					"domainName":	"freertos10_xilinx_domain",
					"domainDispName":	"freertos10_xilinx on microblaze_0",
					"domainDesc":	"freertos10_xilinx_domain",
					"processors":	"microblaze_0",
					"os":	"freertos10_xilinx",
					"sdxOs":	"freertos10_xilinx",
					"debugEnable":	"False",
					"domRuntimes":	["cpp"],
					"swRepo":	"",
					"mssOsVer":	"1.4",
					"mssFile":	"",
					"md5Digest":	"7182b8364fda9bd8a11624e67b7777e8",
					"compatibleApp":	"freertos_hello_world",
					"domType":	"mssDomain",
					"arch":	"32-bit",
					"appSettings":	{
						"appCompilerFlags":	"",
						"appLinkerFlags":	""
					},
					"addedLibs":	[],
					"libOptions":	{
						"libsContainingOptions":	[]
					},
					"prebuiltLibs":	{
						"prebuiltIncPath":	[],
						"prebuiltLibPath":	[]
					},
					"isolation":	{
					}
				}]
		}]
}
KEYINFO::2020-06-09.18:06:12::SCWPlatform::updated the xpfm file.
