
*** Running vivado
    with args -log CustomECBEncoder_v1_0.vds -m64 -product Vivado -mode batch -messageDb vivado.pb -notrace -source CustomECBEncoder_v1_0.tcl


****** Vivado v2019.2 (64-bit)
  **** SW Build 2708876 on Wed Nov  6 21:40:23 MST 2019
  **** IP Build 2700528 on Thu Nov  7 00:09:20 MST 2019
    ** Copyright 1986-2019 Xilinx, Inc. All Rights Reserved.

source CustomECBEncoder_v1_0.tcl -notrace
INFO: [IP_Flow 19-234] Refreshing IP repositories
INFO: [IP_Flow 19-1700] Loaded user IP repository 'd:/Files/ECBEncoder/ECBEncoder/ip_repo/CustomECBEncoder_1.0'.
WARNING: [IP_Flow 19-2207] Repository 'd:/Files/ECBEncoder/ECBEncoder/ip_repo/CustomECBEncoder_1.0' already exists; ignoring attempt to add it again.
INFO: [IP_Flow 19-1700] Loaded user IP repository 'd:/Files/ECBEncoder/ECBEncoder/ip_repo/CustomECBEncoder_1.0'.
INFO: [IP_Flow 19-2313] Loaded Vivado IP repository 'C:/Xilinx/Vivado/2019.2/data/ip'.
WARNING: [IP_Flow 19-4995] The host OS only allows 260 characters in a normal path. The IP cache path is more than 80 characters. If you experience issues with IP caching, please consider changing the IP cache to a location with a shorter path. Alternately consider using the OS subst command to map part of the path to a drive letter. 
Current IP cache path is d:/files/ecbencoder/ecbencoder/stream/stream.tmp/customecbencoder_v1_0_project/CustomECBEncoder_v1_0_project.cache/ip 
Command: synth_design -top CustomECBEncoder_v1_0 -part xc7a100tcsg324-1
Starting synth_design
Attempting to get a license for feature 'Synthesis' and/or device 'xc7a100t'
INFO: [Common 17-349] Got license for feature 'Synthesis' and/or device 'xc7a100t'
INFO: Launching helper process for spawning children vivado processes
INFO: Helper process launched with PID 15656 
---------------------------------------------------------------------------------
Starting Synthesize : Time (s): cpu = 00:00:03 ; elapsed = 00:00:04 . Memory (MB): peak = 546.031 ; gain = 245.844
---------------------------------------------------------------------------------
INFO: [Synth 8-638] synthesizing module 'CustomECBEncoder_v1_0' [d:/Files/ECBEncoder/ECBEncoder/ip_repo/CustomECBEncoder_1.0/hdl/CustomECBEncoder_v1_0.vhd:47]
	Parameter C_S00_AXIS_TDATA_WIDTH bound to: 32 - type: integer 
	Parameter C_M00_AXIS_TDATA_WIDTH bound to: 32 - type: integer 
	Parameter C_M00_AXIS_START_COUNT bound to: 32 - type: integer 
	Parameter C_S_AXIS_TDATA_WIDTH bound to: 32 - type: integer 
INFO: [Synth 8-3491] module 'CustomECBEncoder_v1_0_S00_AXIS' declared at 'd:/Files/ECBEncoder/ECBEncoder/ip_repo/CustomECBEncoder_1.0/hdl/CustomECBEncoder_v1_0_S00_AXIS.vhd:5' bound to instance 'CustomECBEncoder_v1_0_S00_AXIS_inst' of component 'CustomECBEncoder_v1_0_S00_AXIS' [d:/Files/ECBEncoder/ECBEncoder/ip_repo/CustomECBEncoder_1.0/hdl/CustomECBEncoder_v1_0.vhd:94]
INFO: [Synth 8-638] synthesizing module 'CustomECBEncoder_v1_0_S00_AXIS' [d:/Files/ECBEncoder/ECBEncoder/ip_repo/CustomECBEncoder_1.0/hdl/CustomECBEncoder_v1_0_S00_AXIS.vhd:40]
	Parameter C_S_AXIS_TDATA_WIDTH bound to: 32 - type: integer 
INFO: [Synth 8-3491] module 'ECBEncoder' declared at 'd:/Files/ECBEncoder/ECBEncoder/stream/stream.tmp/customecbencoder_v1_0_project/CustomECBEncoder_v1_0_project.srcs/sources_1/imports/new/ECBEncoder.vhd:34' bound to instance 'ecbencoder_inst' of component 'ECBEncoder' [d:/Files/ECBEncoder/ECBEncoder/ip_repo/CustomECBEncoder_1.0/hdl/CustomECBEncoder_v1_0_S00_AXIS.vhd:57]
INFO: [Synth 8-638] synthesizing module 'ECBEncoder' [d:/Files/ECBEncoder/ECBEncoder/stream/stream.tmp/customecbencoder_v1_0_project/CustomECBEncoder_v1_0_project.srcs/sources_1/imports/new/ECBEncoder.vhd:42]
INFO: [Synth 8-256] done synthesizing module 'ECBEncoder' (1#1) [d:/Files/ECBEncoder/ECBEncoder/stream/stream.tmp/customecbencoder_v1_0_project/CustomECBEncoder_v1_0_project.srcs/sources_1/imports/new/ECBEncoder.vhd:42]
INFO: [Synth 8-256] done synthesizing module 'CustomECBEncoder_v1_0_S00_AXIS' (2#1) [d:/Files/ECBEncoder/ECBEncoder/ip_repo/CustomECBEncoder_1.0/hdl/CustomECBEncoder_v1_0_S00_AXIS.vhd:40]
	Parameter C_M_AXIS_TDATA_WIDTH bound to: 32 - type: integer 
	Parameter C_M_START_COUNT bound to: 32 - type: integer 
INFO: [Synth 8-3491] module 'CustomECBEncoder_v1_0_M00_AXIS' declared at 'd:/Files/ECBEncoder/ECBEncoder/ip_repo/CustomECBEncoder_1.0/hdl/CustomECBEncoder_v1_0_M00_AXIS.vhd:5' bound to instance 'CustomECBEncoder_v1_0_M00_AXIS_inst' of component 'CustomECBEncoder_v1_0_M00_AXIS' [d:/Files/ECBEncoder/ECBEncoder/ip_repo/CustomECBEncoder_1.0/hdl/CustomECBEncoder_v1_0.vhd:112]
INFO: [Synth 8-638] synthesizing module 'CustomECBEncoder_v1_0_M00_AXIS' [d:/Files/ECBEncoder/ECBEncoder/ip_repo/CustomECBEncoder_1.0/hdl/CustomECBEncoder_v1_0_M00_AXIS.vhd:42]
	Parameter C_M_AXIS_TDATA_WIDTH bound to: 32 - type: integer 
	Parameter C_M_START_COUNT bound to: 32 - type: integer 
INFO: [Synth 8-256] done synthesizing module 'CustomECBEncoder_v1_0_M00_AXIS' (3#1) [d:/Files/ECBEncoder/ECBEncoder/ip_repo/CustomECBEncoder_1.0/hdl/CustomECBEncoder_v1_0_M00_AXIS.vhd:42]
INFO: [Synth 8-256] done synthesizing module 'CustomECBEncoder_v1_0' (4#1) [d:/Files/ECBEncoder/ECBEncoder/ip_repo/CustomECBEncoder_1.0/hdl/CustomECBEncoder_v1_0.vhd:47]
WARNING: [Synth 8-3331] design CustomECBEncoder_v1_0_M00_AXIS has unconnected port M_AXIS_ACLK
WARNING: [Synth 8-3331] design CustomECBEncoder_v1_0_M00_AXIS has unconnected port M_AXIS_ARESETN
WARNING: [Synth 8-3331] design CustomECBEncoder_v1_0_S00_AXIS has unconnected port S_AXIS_TSTRB[3]
WARNING: [Synth 8-3331] design CustomECBEncoder_v1_0_S00_AXIS has unconnected port S_AXIS_TSTRB[2]
WARNING: [Synth 8-3331] design CustomECBEncoder_v1_0_S00_AXIS has unconnected port S_AXIS_TSTRB[1]
WARNING: [Synth 8-3331] design CustomECBEncoder_v1_0_S00_AXIS has unconnected port S_AXIS_TSTRB[0]
WARNING: [Synth 8-3331] design CustomECBEncoder_v1_0_S00_AXIS has unconnected port S_AXIS_TLAST
---------------------------------------------------------------------------------
Finished Synthesize : Time (s): cpu = 00:00:04 ; elapsed = 00:00:05 . Memory (MB): peak = 617.574 ; gain = 317.387
---------------------------------------------------------------------------------
---------------------------------------------------------------------------------
Finished Constraint Validation : Time (s): cpu = 00:00:04 ; elapsed = 00:00:05 . Memory (MB): peak = 617.574 ; gain = 317.387
---------------------------------------------------------------------------------
---------------------------------------------------------------------------------
Start Loading Part and Timing Information
---------------------------------------------------------------------------------
Loading part: xc7a100tcsg324-1
INFO: [Device 21-403] Loading part xc7a100tcsg324-1
---------------------------------------------------------------------------------
Finished Loading Part and Timing Information : Time (s): cpu = 00:00:04 ; elapsed = 00:00:05 . Memory (MB): peak = 617.574 ; gain = 317.387
---------------------------------------------------------------------------------
---------------------------------------------------------------------------------
Finished RTL Optimization Phase 2 : Time (s): cpu = 00:00:05 ; elapsed = 00:00:05 . Memory (MB): peak = 617.574 ; gain = 317.387
---------------------------------------------------------------------------------

Report RTL Partitions: 
+-+--------------+------------+----------+
| |RTL Partition |Replication |Instances |
+-+--------------+------------+----------+
+-+--------------+------------+----------+
No constraint files found.
---------------------------------------------------------------------------------
Start RTL Component Statistics 
---------------------------------------------------------------------------------
Detailed RTL Component Info : 
+---XORs : 
	   2 Input     16 Bit         XORs := 2     
+---Registers : 
	               32 Bit    Registers := 1     
	                1 Bit    Registers := 1     
+---Muxes : 
	   2 Input      1 Bit        Muxes := 1     
---------------------------------------------------------------------------------
Finished RTL Component Statistics 
---------------------------------------------------------------------------------
---------------------------------------------------------------------------------
Start RTL Hierarchical Component Statistics 
---------------------------------------------------------------------------------
Hierarchical RTL Component report 
Module ECBEncoder 
Detailed RTL Component Info : 
+---XORs : 
	   2 Input     16 Bit         XORs := 2     
Module CustomECBEncoder_v1_0_S00_AXIS 
Detailed RTL Component Info : 
+---Registers : 
	               32 Bit    Registers := 1     
	                1 Bit    Registers := 1     
+---Muxes : 
	   2 Input      1 Bit        Muxes := 1     
---------------------------------------------------------------------------------
Finished RTL Hierarchical Component Statistics
---------------------------------------------------------------------------------
---------------------------------------------------------------------------------
Start Part Resource Summary
---------------------------------------------------------------------------------
Part Resources:
DSPs: 240 (col length:80)
BRAMs: 270 (col length: RAMB18 80 RAMB36 40)
---------------------------------------------------------------------------------
Finished Part Resource Summary
---------------------------------------------------------------------------------
No constraint files found.
---------------------------------------------------------------------------------
Start Cross Boundary and Area Optimization
---------------------------------------------------------------------------------
Warning: Parallel synthesis criteria is not met 
WARNING: [Synth 8-3917] design CustomECBEncoder_v1_0 has port m00_axis_tstrb[3] driven by constant 1
WARNING: [Synth 8-3917] design CustomECBEncoder_v1_0 has port m00_axis_tstrb[2] driven by constant 1
WARNING: [Synth 8-3917] design CustomECBEncoder_v1_0 has port m00_axis_tstrb[1] driven by constant 1
WARNING: [Synth 8-3917] design CustomECBEncoder_v1_0 has port m00_axis_tstrb[0] driven by constant 1
WARNING: [Synth 8-3917] design CustomECBEncoder_v1_0 has port m00_axis_tlast driven by constant 0
WARNING: [Synth 8-3331] design CustomECBEncoder_v1_0 has unconnected port s00_axis_tstrb[3]
WARNING: [Synth 8-3331] design CustomECBEncoder_v1_0 has unconnected port s00_axis_tstrb[2]
WARNING: [Synth 8-3331] design CustomECBEncoder_v1_0 has unconnected port s00_axis_tstrb[1]
WARNING: [Synth 8-3331] design CustomECBEncoder_v1_0 has unconnected port s00_axis_tstrb[0]
WARNING: [Synth 8-3331] design CustomECBEncoder_v1_0 has unconnected port s00_axis_tlast
WARNING: [Synth 8-3331] design CustomECBEncoder_v1_0 has unconnected port m00_axis_aclk
WARNING: [Synth 8-3331] design CustomECBEncoder_v1_0 has unconnected port m00_axis_aresetn
---------------------------------------------------------------------------------
Finished Cross Boundary and Area Optimization : Time (s): cpu = 00:00:08 ; elapsed = 00:00:09 . Memory (MB): peak = 781.918 ; gain = 481.730
---------------------------------------------------------------------------------

Report RTL Partitions: 
+-+--------------+------------+----------+
| |RTL Partition |Replication |Instances |
+-+--------------+------------+----------+
+-+--------------+------------+----------+
No constraint files found.
---------------------------------------------------------------------------------
Start Timing Optimization
---------------------------------------------------------------------------------
---------------------------------------------------------------------------------
Finished Timing Optimization : Time (s): cpu = 00:00:08 ; elapsed = 00:00:09 . Memory (MB): peak = 782.852 ; gain = 482.664
---------------------------------------------------------------------------------

Report RTL Partitions: 
+-+--------------+------------+----------+
| |RTL Partition |Replication |Instances |
+-+--------------+------------+----------+
+-+--------------+------------+----------+
---------------------------------------------------------------------------------
Start Technology Mapping
---------------------------------------------------------------------------------
---------------------------------------------------------------------------------
Finished Technology Mapping : Time (s): cpu = 00:00:08 ; elapsed = 00:00:09 . Memory (MB): peak = 782.852 ; gain = 482.664
---------------------------------------------------------------------------------

Report RTL Partitions: 
+-+--------------+------------+----------+
| |RTL Partition |Replication |Instances |
+-+--------------+------------+----------+
+-+--------------+------------+----------+
---------------------------------------------------------------------------------
Start IO Insertion
---------------------------------------------------------------------------------
---------------------------------------------------------------------------------
Start Flattening Before IO Insertion
---------------------------------------------------------------------------------
---------------------------------------------------------------------------------
Finished Flattening Before IO Insertion
---------------------------------------------------------------------------------
---------------------------------------------------------------------------------
Start Final Netlist Cleanup
---------------------------------------------------------------------------------
---------------------------------------------------------------------------------
Finished Final Netlist Cleanup
---------------------------------------------------------------------------------
---------------------------------------------------------------------------------
Finished IO Insertion : Time (s): cpu = 00:00:12 ; elapsed = 00:00:13 . Memory (MB): peak = 784.832 ; gain = 484.645
---------------------------------------------------------------------------------
---------------------------------------------------------------------------------
Start Renaming Generated Instances
---------------------------------------------------------------------------------
---------------------------------------------------------------------------------
Finished Renaming Generated Instances : Time (s): cpu = 00:00:12 ; elapsed = 00:00:13 . Memory (MB): peak = 784.832 ; gain = 484.645
---------------------------------------------------------------------------------

Report RTL Partitions: 
+-+--------------+------------+----------+
| |RTL Partition |Replication |Instances |
+-+--------------+------------+----------+
+-+--------------+------------+----------+

Report Check Netlist: 
+------+------------------+-------+---------+-------+------------------+
|      |Item              |Errors |Warnings |Status |Description       |
+------+------------------+-------+---------+-------+------------------+
|1     |multi_driven_nets |      0|        0|Passed |Multi driven nets |
+------+------------------+-------+---------+-------+------------------+
---------------------------------------------------------------------------------
Start Rebuilding User Hierarchy
---------------------------------------------------------------------------------
---------------------------------------------------------------------------------
Finished Rebuilding User Hierarchy : Time (s): cpu = 00:00:12 ; elapsed = 00:00:13 . Memory (MB): peak = 784.832 ; gain = 484.645
---------------------------------------------------------------------------------
---------------------------------------------------------------------------------
Start Renaming Generated Ports
---------------------------------------------------------------------------------
---------------------------------------------------------------------------------
Finished Renaming Generated Ports : Time (s): cpu = 00:00:12 ; elapsed = 00:00:13 . Memory (MB): peak = 784.832 ; gain = 484.645
---------------------------------------------------------------------------------
---------------------------------------------------------------------------------
Start Handling Custom Attributes
---------------------------------------------------------------------------------
---------------------------------------------------------------------------------
Finished Handling Custom Attributes : Time (s): cpu = 00:00:12 ; elapsed = 00:00:13 . Memory (MB): peak = 784.832 ; gain = 484.645
---------------------------------------------------------------------------------
---------------------------------------------------------------------------------
Start Renaming Generated Nets
---------------------------------------------------------------------------------
---------------------------------------------------------------------------------
Finished Renaming Generated Nets : Time (s): cpu = 00:00:12 ; elapsed = 00:00:13 . Memory (MB): peak = 784.832 ; gain = 484.645
---------------------------------------------------------------------------------
---------------------------------------------------------------------------------
Start Writing Synthesis Report
---------------------------------------------------------------------------------

Report BlackBoxes: 
+-+--------------+----------+
| |BlackBox name |Instances |
+-+--------------+----------+
+-+--------------+----------+

Report Cell Usage: 
+------+-----+------+
|      |Cell |Count |
+------+-----+------+
|1     |BUFG |     1|
|2     |LUT1 |    13|
|3     |LUT2 |     1|
|4     |LUT3 |     1|
|5     |LUT4 |     1|
|6     |FDRE |    33|
|7     |IBUF |    36|
|8     |OBUF |    39|
+------+-----+------+

Report Instance Areas: 
+------+--------------------------------------+-------------------------------+------+
|      |Instance                              |Module                         |Cells |
+------+--------------------------------------+-------------------------------+------+
|1     |top                                   |                               |   125|
|2     |  CustomECBEncoder_v1_0_S00_AXIS_inst |CustomECBEncoder_v1_0_S00_AXIS |    49|
|3     |    ecbencoder_inst                   |ECBEncoder                     |    12|
+------+--------------------------------------+-------------------------------+------+
---------------------------------------------------------------------------------
Finished Writing Synthesis Report : Time (s): cpu = 00:00:12 ; elapsed = 00:00:13 . Memory (MB): peak = 784.832 ; gain = 484.645
---------------------------------------------------------------------------------
Synthesis finished with 0 errors, 0 critical warnings and 19 warnings.
Synthesis Optimization Runtime : Time (s): cpu = 00:00:12 ; elapsed = 00:00:13 . Memory (MB): peak = 784.832 ; gain = 484.645
Synthesis Optimization Complete : Time (s): cpu = 00:00:12 ; elapsed = 00:00:13 . Memory (MB): peak = 784.832 ; gain = 484.645
INFO: [Project 1-571] Translating synthesized netlist
Netlist sorting complete. Time (s): cpu = 00:00:00 ; elapsed = 00:00:00.002 . Memory (MB): peak = 798.063 ; gain = 0.000
INFO: [Project 1-570] Preparing netlist for logic optimization
INFO: [Opt 31-138] Pushed 0 inverter(s) to 0 load pin(s).
Netlist sorting complete. Time (s): cpu = 00:00:00 ; elapsed = 00:00:00.001 . Memory (MB): peak = 897.051 ; gain = 0.000
INFO: [Project 1-111] Unisim Transformation Summary:
No Unisim elements were transformed.

INFO: [Common 17-83] Releasing license: Synthesis
22 Infos, 21 Warnings, 0 Critical Warnings and 0 Errors encountered.
synth_design completed successfully
synth_design: Time (s): cpu = 00:00:15 ; elapsed = 00:00:17 . Memory (MB): peak = 897.051 ; gain = 596.863
Netlist sorting complete. Time (s): cpu = 00:00:00 ; elapsed = 00:00:00 . Memory (MB): peak = 897.051 ; gain = 0.000
WARNING: [Constraints 18-5210] No constraints selected for write.
Resolution: This message can indicate that there are no constraints for the design, or it can indicate that the used_in flags are set such that the constraints are ignored. This later case is used when running synth_design to not write synthesis constraints to the resulting checkpoint. Instead, project constraints are read when the synthesized design is opened.
INFO: [Common 17-1381] The checkpoint 'd:/Files/ECBEncoder/ECBEncoder/stream/stream.tmp/customecbencoder_v1_0_project/CustomECBEncoder_v1_0_project.runs/synth_1/CustomECBEncoder_v1_0.dcp' has been generated.
INFO: [runtcl-4] Executing : report_utilization -file CustomECBEncoder_v1_0_utilization_synth.rpt -pb CustomECBEncoder_v1_0_utilization_synth.pb
INFO: [Common 17-206] Exiting Vivado at Wed Jul  8 23:07:39 2020...
