#-----------------------------------------------------------
# Vivado v2019.2 (64-bit)
# SW Build 2708876 on Wed Nov  6 21:40:23 MST 2019
# IP Build 2700528 on Thu Nov  7 00:09:20 MST 2019
# Start of session at: Thu Jul  9 17:36:41 2020
# Process ID: 1468
# Current directory: D:/Files/ECBEncoder/ECBEncoder/sim/simECBEncoder
# Command line: vivado.exe -gui_launcher_event rodinguilauncherevent3616 D:\Files\ECBEncoder\ECBEncoder\sim\simECBEncoder\simECBEncoder.xpr
# Log file: D:/Files/ECBEncoder/ECBEncoder/sim/simECBEncoder/vivado.log
# Journal file: D:/Files/ECBEncoder/ECBEncoder/sim/simECBEncoder\vivado.jou
#-----------------------------------------------------------
start_gui
open_project D:/Files/ECBEncoder/ECBEncoder/sim/simECBEncoder/simECBEncoder.xpr
Scanning sources...
Finished scanning sources
WARNING: [filemgmt 56-3] IP Repository Path: Could not find the directory 'D:/Files/ECBEncoder/ECBEncoder/ip_repo/Custom_ECBEncode_1.0'.
INFO: [IP_Flow 19-234] Refreshing IP repositories
WARNING: [IP_Flow 19-2248] Failed to load user IP repository 'd:/Files/ECBEncoder/ECBEncoder/ip_repo/Custom_ECBEncode_1.0'; Can't find the specified path.
If this directory should no longer be in your list of user repositories, go to the IP Settings dialog and remove it.
INFO: [IP_Flow 19-2313] Loaded Vivado IP repository 'C:/Xilinx/Vivado/2019.2/data/ip'.
update_compile_order -fileset sources_1
exit
INFO: [Common 17-206] Exiting Vivado at Thu Jul  9 17:37:40 2020...
