#-----------------------------------------------------------
# Vivado v2019.2 (64-bit)
# SW Build 2708876 on Wed Nov  6 21:40:23 MST 2019
# IP Build 2700528 on Thu Nov  7 00:09:20 MST 2019
# Start of session at: Wed Jul  8 16:35:27 2020
# Process ID: 19080
# Current directory: D:/Files/ECBEncoder/ECBEncoder/sim/simECBEncoder
# Command line: vivado.exe -gui_launcher_event rodinguilauncherevent16080 D:\Files\ECBEncoder\ECBEncoder\sim\simECBEncoder\simECBEncoder.xpr
# Log file: D:/Files/ECBEncoder/ECBEncoder/sim/simECBEncoder/vivado.log
# Journal file: D:/Files/ECBEncoder/ECBEncoder/sim/simECBEncoder\vivado.jou
#-----------------------------------------------------------
start_gui
open_project D:/Files/ECBEncoder/ECBEncoder/sim/simECBEncoder/simECBEncoder.xpr
Scanning sources...
Finished scanning sources
INFO: [IP_Flow 19-234] Refreshing IP repositories
INFO: [IP_Flow 19-1704] No user IP repositories specified
INFO: [IP_Flow 19-2313] Loaded Vivado IP repository 'C:/Xilinx/Vivado/2019.2/data/ip'.
update_compile_order -fileset sources_1
exit
INFO: [Common 17-206] Exiting Vivado at Wed Jul  8 16:37:43 2020...
