#-----------------------------------------------------------
# Vivado v2019.2 (64-bit)
# SW Build 2708876 on Wed Nov  6 21:40:23 MST 2019
# IP Build 2700528 on Thu Nov  7 00:09:20 MST 2019
# Start of session at: Wed Jul  8 16:42:59 2020
# Process ID: 8840
# Current directory: D:/Files/ECBEncoder/ECBEncoder/sim/simECBEncoder
# Command line: vivado.exe -gui_launcher_event rodinguilauncherevent14740 D:\Files\ECBEncoder\ECBEncoder\sim\simECBEncoder\simECBEncoder.xpr
# Log file: D:/Files/ECBEncoder/ECBEncoder/sim/simECBEncoder/vivado.log
# Journal file: D:/Files/ECBEncoder/ECBEncoder/sim/simECBEncoder\vivado.jou
#-----------------------------------------------------------
start_gui
open_project D:/Files/ECBEncoder/ECBEncoder/sim/simECBEncoder/simECBEncoder.xpr
Scanning sources...
Finished scanning sources
INFO: [IP_Flow 19-234] Refreshing IP repositories
INFO: [IP_Flow 19-1704] No user IP repositories specified
INFO: [IP_Flow 19-2313] Loaded Vivado IP repository 'C:/Xilinx/Vivado/2019.2/data/ip'.
update_compile_order -fileset sources_1
launch_simulation
Command: launch_simulation 
INFO: [Vivado 12-5682] Launching behavioral simulation in 'D:/Files/ECBEncoder/ECBEncoder/sim/simECBEncoder/simECBEncoder.sim/sim_1/behav/xsim'
INFO: [SIM-utils-51] Simulation object is 'sim_1'
INFO: [SIM-utils-54] Inspecting design source files for 'ECB_tb2' in fileset 'sim_1'...
INFO: [USF-XSim-97] Finding global include files...
INFO: [USF-XSim-98] Fetching design files from 'sim_1'...
INFO: [USF-XSim-2] XSim::Compile design
INFO: [USF-XSim-61] Executing 'COMPILE and ANALYZE' step in 'D:/Files/ECBEncoder/ECBEncoder/sim/simECBEncoder/simECBEncoder.sim/sim_1/behav/xsim'
"xvhdl --incr --relax -prj ECB_tb2_vhdl.prj"
INFO: [VRFC 10-163] Analyzing VHDL file "D:/Files/ECBEncoder/ECBEncoder/sim/simECBEncoder/simECBEncoder.srcs/sources_1/new/ECBEncoder.vhd" into library xil_defaultlib
INFO: [VRFC 10-3107] analyzing entity 'ECBEncoder'
INFO: [VRFC 10-163] Analyzing VHDL file "D:/Files/ECBEncoder/ECBEncoder/sim/simECBEncoder/simECBEncoder.srcs/sources_1/new/ECB_tb2.vhd" into library xil_defaultlib
INFO: [VRFC 10-3107] analyzing entity 'ECB_tb2'
INFO: [USF-XSim-69] 'compile' step finished in '2' seconds
INFO: [USF-XSim-3] XSim::Elaborate design
INFO: [USF-XSim-61] Executing 'ELABORATE' step in 'D:/Files/ECBEncoder/ECBEncoder/sim/simECBEncoder/simECBEncoder.sim/sim_1/behav/xsim'
"xelab -wto b3f6e290ef46447cb0114a332389eb17 --incr --debug typical --relax --mt 2 -L xil_defaultlib -L secureip --snapshot ECB_tb2_behav xil_defaultlib.ECB_tb2 -log elaborate.log"
Vivado Simulator 2019.2
Copyright 1986-1999, 2001-2019 Xilinx, Inc. All Rights Reserved.
Running: C:/Xilinx/Vivado/2019.2/bin/unwrapped/win64.o/xelab.exe -wto b3f6e290ef46447cb0114a332389eb17 --incr --debug typical --relax --mt 2 -L xil_defaultlib -L secureip --snapshot ECB_tb2_behav xil_defaultlib.ECB_tb2 -log elaborate.log 
Using 2 slave threads.
Starting static elaboration
Completed static elaboration
Starting simulation data flow analysis
Completed simulation data flow analysis
Time Resolution for simulation is 1ps
Compiling package std.standard
Compiling package std.textio
Compiling package ieee.std_logic_1164
Compiling architecture behavioral of entity xil_defaultlib.ECBEncoder [ecbencoder_default]
Compiling architecture behavioral of entity xil_defaultlib.ecb_tb2
Built simulation snapshot ECB_tb2_behav

****** Webtalk v2019.2 (64-bit)
  **** SW Build 2708876 on Wed Nov  6 21:40:23 MST 2019
  **** IP Build 2700528 on Thu Nov  7 00:09:20 MST 2019
    ** Copyright 1986-2019 Xilinx, Inc. All Rights Reserved.

source D:/Files/ECBEncoder/ECBEncoder/sim/simECBEncoder/simECBEncoder.sim/sim_1/behav/xsim/xsim.dir/ECB_tb2_behav/webtalk/xsim_webtalk.tcl -notrace
INFO: [Common 17-186] 'D:/Files/ECBEncoder/ECBEncoder/sim/simECBEncoder/simECBEncoder.sim/sim_1/behav/xsim/xsim.dir/ECB_tb2_behav/webtalk/usage_statistics_ext_xsim.xml' has been successfully sent to Xilinx on Wed Jul  8 16:43:33 2020. For additional details about this file, please refer to the WebTalk help file at C:/Xilinx/Vivado/2019.2/doc/webtalk_introduction.html.
INFO: [Common 17-206] Exiting Webtalk at Wed Jul  8 16:43:33 2020...
run_program: Time (s): cpu = 00:00:01 ; elapsed = 00:00:10 . Memory (MB): peak = 807.938 ; gain = 0.000
INFO: [USF-XSim-69] 'elaborate' step finished in '10' seconds
INFO: [USF-XSim-4] XSim::Simulate design
INFO: [USF-XSim-61] Executing 'SIMULATE' step in 'D:/Files/ECBEncoder/ECBEncoder/sim/simECBEncoder/simECBEncoder.sim/sim_1/behav/xsim'
INFO: [USF-XSim-98] *** Running xsim
   with args "ECB_tb2_behav -key {Behavioral:sim_1:Functional:ECB_tb2} -tclbatch {ECB_tb2.tcl} -log {simulate.log}"
INFO: [USF-XSim-8] Loading simulator feature
Vivado Simulator 2019.2
Time resolution is 1 ps
source ECB_tb2.tcl
# set curr_wave [current_wave_config]
# if { [string length $curr_wave] == 0 } {
#   if { [llength [get_objects]] > 0} {
#     add_wave /
#     set_property needs_save false [current_wave_config]
#   } else {
#      send_msg_id Add_Wave-1 WARNING "No top level signals found. Simulator will start without a wave window. If you want to open a wave window go to 'File->New Waveform Configuration' or type 'create_wave_config' in the TCL console."
#   }
# }
# run 1000ns
INFO: [USF-XSim-96] XSim completed. Design snapshot 'ECB_tb2_behav' loaded.
INFO: [USF-XSim-97] XSim simulation ran for 1000ns
launch_simulation: Time (s): cpu = 00:00:09 ; elapsed = 00:00:16 . Memory (MB): peak = 835.441 ; gain = 34.527
close_sim
INFO: [Simtcl 6-16] Simulation closed
close_sim: Time (s): cpu = 00:00:01 ; elapsed = 00:00:06 . Memory (MB): peak = 835.441 ; gain = 0.000
launch_simulation
Command: launch_simulation 
INFO: [Vivado 12-5682] Launching behavioral simulation in 'D:/Files/ECBEncoder/ECBEncoder/sim/simECBEncoder/simECBEncoder.sim/sim_1/behav/xsim'
INFO: [SIM-utils-51] Simulation object is 'sim_1'
INFO: [SIM-utils-54] Inspecting design source files for 'ECB_tb2' in fileset 'sim_1'...
INFO: [USF-XSim-97] Finding global include files...
INFO: [USF-XSim-98] Fetching design files from 'sim_1'...
INFO: [USF-XSim-2] XSim::Compile design
INFO: [USF-XSim-61] Executing 'COMPILE and ANALYZE' step in 'D:/Files/ECBEncoder/ECBEncoder/sim/simECBEncoder/simECBEncoder.sim/sim_1/behav/xsim'
"xvhdl --incr --relax -prj ECB_tb2_vhdl.prj"
INFO: [VRFC 10-163] Analyzing VHDL file "D:/Files/ECBEncoder/ECBEncoder/sim/simECBEncoder/simECBEncoder.srcs/sources_1/new/ECBEncoder.vhd" into library xil_defaultlib
INFO: [VRFC 10-3107] analyzing entity 'ECBEncoder'
INFO: [VRFC 10-163] Analyzing VHDL file "D:/Files/ECBEncoder/ECBEncoder/sim/simECBEncoder/simECBEncoder.srcs/sources_1/new/ECB_tb2.vhd" into library xil_defaultlib
INFO: [VRFC 10-3107] analyzing entity 'ECB_tb2'
INFO: [USF-XSim-69] 'compile' step finished in '2' seconds
INFO: [USF-XSim-3] XSim::Elaborate design
INFO: [USF-XSim-61] Executing 'ELABORATE' step in 'D:/Files/ECBEncoder/ECBEncoder/sim/simECBEncoder/simECBEncoder.sim/sim_1/behav/xsim'
"xelab -wto b3f6e290ef46447cb0114a332389eb17 --incr --debug typical --relax --mt 2 -L xil_defaultlib -L secureip --snapshot ECB_tb2_behav xil_defaultlib.ECB_tb2 -log elaborate.log"
Vivado Simulator 2019.2
Copyright 1986-1999, 2001-2019 Xilinx, Inc. All Rights Reserved.
Running: C:/Xilinx/Vivado/2019.2/bin/unwrapped/win64.o/xelab.exe -wto b3f6e290ef46447cb0114a332389eb17 --incr --debug typical --relax --mt 2 -L xil_defaultlib -L secureip --snapshot ECB_tb2_behav xil_defaultlib.ECB_tb2 -log elaborate.log 
Using 2 slave threads.
Starting static elaboration
Completed static elaboration
Starting simulation data flow analysis
Completed simulation data flow analysis
Time Resolution for simulation is 1ps
Compiling package std.standard
Compiling package std.textio
Compiling package ieee.std_logic_1164
Compiling architecture behavioral of entity xil_defaultlib.ECBEncoder [ecbencoder_default]
Compiling architecture behavioral of entity xil_defaultlib.ecb_tb2
Built simulation snapshot ECB_tb2_behav
INFO: [USF-XSim-69] 'elaborate' step finished in '1' seconds
INFO: [USF-XSim-4] XSim::Simulate design
INFO: [USF-XSim-61] Executing 'SIMULATE' step in 'D:/Files/ECBEncoder/ECBEncoder/sim/simECBEncoder/simECBEncoder.sim/sim_1/behav/xsim'
INFO: [USF-XSim-98] *** Running xsim
   with args "ECB_tb2_behav -key {Behavioral:sim_1:Functional:ECB_tb2} -tclbatch {ECB_tb2.tcl} -log {simulate.log}"
INFO: [USF-XSim-8] Loading simulator feature
Vivado Simulator 2019.2
Time resolution is 1 ps
source ECB_tb2.tcl
# set curr_wave [current_wave_config]
# if { [string length $curr_wave] == 0 } {
#   if { [llength [get_objects]] > 0} {
#     add_wave /
#     set_property needs_save false [current_wave_config]
#   } else {
#      send_msg_id Add_Wave-1 WARNING "No top level signals found. Simulator will start without a wave window. If you want to open a wave window go to 'File->New Waveform Configuration' or type 'create_wave_config' in the TCL console."
#   }
# }
# run 1000ns
INFO: [USF-XSim-96] XSim completed. Design snapshot 'ECB_tb2_behav' loaded.
INFO: [USF-XSim-97] XSim simulation ran for 1000ns
launch_simulation: Time (s): cpu = 00:00:04 ; elapsed = 00:00:08 . Memory (MB): peak = 847.613 ; gain = 12.172
create_peripheral xilinx.com user Custom_ECBEncode 1.0 -dir D:/Files/ECBEncoder/ECBEncoder/ip_repo
add_peripheral_interface M00_AXIS -interface_mode master -axi_type stream [ipx::find_open_core xilinx.com:user:Custom_ECBEncode:1.0]
add_peripheral_interface S00_AXIS -interface_mode slave -axi_type stream [ipx::find_open_core xilinx.com:user:Custom_ECBEncode:1.0]
generate_peripheral [ipx::find_open_core xilinx.com:user:Custom_ECBEncode:1.0]
write_peripheral [ipx::find_open_core xilinx.com:user:Custom_ECBEncode:1.0]
set_property  ip_repo_paths  D:/Files/ECBEncoder/ECBEncoder/ip_repo/Custom_ECBEncode_1.0 [current_project]
update_ip_catalog -rebuild
INFO: [IP_Flow 19-234] Refreshing IP repositories
INFO: [IP_Flow 19-1700] Loaded user IP repository 'd:/Files/ECBEncoder/ECBEncoder/ip_repo/Custom_ECBEncode_1.0'.
ipx::edit_ip_in_project -upgrade true -name edit_Custom_ECBEncode_v1_0 -directory D:/Files/ECBEncoder/ECBEncoder/ip_repo d:/Files/ECBEncoder/ECBEncoder/ip_repo/Custom_ECBEncode_1.0/component.xml
INFO: [IP_Flow 19-234] Refreshing IP repositories
INFO: [IP_Flow 19-1704] No user IP repositories specified
INFO: [IP_Flow 19-2313] Loaded Vivado IP repository 'C:/Xilinx/Vivado/2019.2/data/ip'.
INFO: [IP_Flow 19-234] Refreshing IP repositories
INFO: [IP_Flow 19-1700] Loaded user IP repository 'd:/Files/ECBEncoder/ECBEncoder/ip_repo/Custom_ECBEncode_1.0'.
INFO: [IP_Flow 19-795] Syncing license key meta-data
update_compile_order -fileset sources_1
close_project
close_sim
INFO: [Simtcl 6-16] Simulation closed
exit
INFO: [Common 17-206] Exiting Vivado at Wed Jul  8 18:12:32 2020...
